<?xml version="1.0" encoding="UTF-8"?>
<!-- Generated by org.testng.reporters.JUnitXMLReporter -->
<testsuite hostname="Lisandro-Silva.local" ignored="0" name="Command line test" tests="349" failures="0" timestamp="22 Sep 2020 17:20:43 GMT" time="0.966" errors="0">
  <testcase name="@BeforeTest initiaLiseBrowser" time="0.014" classname="com.mkyong.boveda.BovedaTest">
    <failure type="java.lang.NullPointerException">
      <![CDATA[java.lang.NullPointerException
at resources.base.initializeDriver(base.java:78)
at com.mkyong.boveda.BovedaTest.initiaLiseBrowser(BovedaTest.java:36)
... Removed 34 stack frames]]>
    </failure>
  </testcase> <!-- @BeforeTest initiaLiseBrowser -->
  <testcase name="@BeforeTest initiaLiseBrowser" time="0.0" classname="com.mkyong.busonfiscal.BusquedaReportesTest">
    <skipped/>
  </testcase> <!-- @BeforeTest initiaLiseBrowser -->
  <testcase name="@BeforeTest initiaLiseBrowser" time="0.0" classname="com.mkyong.busonfiscal.detail.CartaPorteComercioExteriorDetailTest">
    <skipped/>
  </testcase> <!-- @BeforeTest initiaLiseBrowser -->
  <testcase name="@BeforeTest initiaLiseBrowser" time="0.0" classname="com.mkyong.buson.jes.detail.CartaPorteComercioExteriorJesDetailTest">
    <skipped/>
  </testcase> <!-- @BeforeTest initiaLiseBrowser -->
  <testcase name="@BeforeTest initiaLiseBrowser" time="0.0" classname="com.mkyong.conector.jes.detail.CartaPorteComercioExteriorJesDetailTest">
    <skipped/>
  </testcase> <!-- @BeforeTest initiaLiseBrowser -->
  <testcase name="@BeforeTest initiaLiseBrowser" time="0.0" classname="com.mkyong.busonfiscal.ClientProductoTest">
    <skipped/>
  </testcase> <!-- @BeforeTest initiaLiseBrowser -->
  <testcase name="@BeforeTest initiaLiseBrowser" time="0.0" classname="com.mkyong.busonfiscal.detail.ComercioExteriorDetailTest">
    <skipped/>
  </testcase> <!-- @BeforeTest initiaLiseBrowser -->
  <testcase name="@BeforeTest initiaLiseBrowser" time="0.0" classname="com.mkyong.buson.jes.detail.ComercioExteriorJesDetailTest">
    <skipped/>
  </testcase> <!-- @BeforeTest initiaLiseBrowser -->
  <testcase name="@BeforeTest initiaLiseBrowser" time="0.0" classname="com.mkyong.conector.jes.detail.ComercioExteriorJesDetailTest">
    <skipped/>
  </testcase> <!-- @BeforeTest initiaLiseBrowser -->
  <testcase name="@BeforeTest initiaLiseBrowser" time="0.0" classname="com.mkyong.buson.jes.ComercioExteriorJesTest">
    <skipped/>
  </testcase> <!-- @BeforeTest initiaLiseBrowser -->
  <testcase name="@BeforeTest initiaLiseBrowser" time="0.0" classname="com.mkyong.conector.jes.ComercioExteriorJesTest">
    <skipped/>
  </testcase> <!-- @BeforeTest initiaLiseBrowser -->
  <testcase name="@BeforeTest initiaLiseBrowser" time="0.0" classname="com.mkyong.busonfiscal.ComercioExteriorTest">
    <skipped/>
  </testcase> <!-- @BeforeTest initiaLiseBrowser -->
  <testcase name="@BeforeTest initiaLiseBrowser" time="0.0" classname="com.mkyong.conciliacion.ConciliacionTest">
    <skipped/>
  </testcase> <!-- @BeforeTest initiaLiseBrowser -->
  <testcase name="@BeforeTest initiaLiseBrowser" time="0.0" classname="com.mkyong.conciliacion.conector.ConciliacionTest">
    <skipped/>
  </testcase> <!-- @BeforeTest initiaLiseBrowser -->
  <testcase name="@BeforeTest initiaLiseBrowser" time="0.0" classname="com.mkyong.busonfiscal.detail.DonativosDetailTest">
    <skipped/>
  </testcase> <!-- @BeforeTest initiaLiseBrowser -->
  <testcase name="@BeforeTest initiaLiseBrowser" time="0.0" classname="com.mkyong.buson.jes.detail.DonativosJesDetailTest">
    <skipped/>
  </testcase> <!-- @BeforeTest initiaLiseBrowser -->
  <testcase name="@BeforeTest initiaLiseBrowser" time="0.0" classname="com.mkyong.conector.jes.detail.DonativosJesDetailTest">
    <skipped/>
  </testcase> <!-- @BeforeTest initiaLiseBrowser -->
  <testcase name="@BeforeTest initiaLiseBrowser" time="0.0" classname="com.mkyong.buson.jes.DonativosJesTest">
    <skipped/>
  </testcase> <!-- @BeforeTest initiaLiseBrowser -->
  <testcase name="@BeforeTest initiaLiseBrowser" time="0.0" classname="com.mkyong.conector.jes.DonativosJesTest">
    <skipped/>
  </testcase> <!-- @BeforeTest initiaLiseBrowser -->
  <testcase name="@BeforeTest initiaLiseBrowser" time="0.0" classname="com.mkyong.busonfiscal.DonativosTest">
    <skipped/>
  </testcase> <!-- @BeforeTest initiaLiseBrowser -->
  <testcase name="@BeforeTest initiaLiseBrowser" time="0.0" classname="com.mkyong.busonfiscal.EmailAndPasswordTest">
    <skipped/>
  </testcase> <!-- @BeforeTest initiaLiseBrowser -->
  <testcase name="@BeforeTest initiaLiseBrowser" time="0.0" classname="com.mkyong.busonfiscal.EmailPasswordCorrectTest">
    <skipped/>
  </testcase> <!-- @BeforeTest initiaLiseBrowser -->
  <testcase name="@BeforeTest initiaLiseBrowser" time="0.0" classname="com.mkyong.busonfiscal.EmailTest">
    <skipped/>
  </testcase> <!-- @BeforeTest initiaLiseBrowser -->
  <testcase name="@BeforeTest initiaLiseBrowser" time="0.0" classname="com.mkyong.busonfiscal.FacturaAdendaMultiAssistenciaBorradorTest">
    <skipped/>
  </testcase> <!-- @BeforeTest initiaLiseBrowser -->
  <testcase name="@BeforeTest initiaLiseBrowser" time="0.0" classname="com.mkyong.busonfiscal.detail.FacturaAdendaMultiAssistenciaDetailTest">
    <skipped/>
  </testcase> <!-- @BeforeTest initiaLiseBrowser -->
  <testcase name="@BeforeTest initiaLiseBrowser" time="0.0" classname="com.mkyong.buson.jes.detail.FacturaAdendaMultiAssistenciaJesDetailTest">
    <skipped/>
  </testcase> <!-- @BeforeTest initiaLiseBrowser -->
  <testcase name="@BeforeTest initiaLiseBrowser" time="0.0" classname="com.mkyong.conector.jes.detail.FacturaAdendaMultiAssistenciaJesDetailTest">
    <skipped/>
  </testcase> <!-- @BeforeTest initiaLiseBrowser -->
  <testcase name="@BeforeTest initiaLiseBrowser" time="0.0" classname="com.mkyong.busonfiscal.FacturaAdendaMultiAssistenciaTest">
    <skipped/>
  </testcase> <!-- @BeforeTest initiaLiseBrowser -->
  <testcase name="@BeforeTest initiaLiseBrowser" time="0.0" classname="com.mkyong.busonfiscal.FacturaBasicaCodigTest">
    <skipped/>
  </testcase> <!-- @BeforeTest initiaLiseBrowser -->
  <testcase name="@BeforeTest initiaLiseBrowser" time="0.0" classname="com.mkyong.busonfiscal.detail.FacturaBasicaDetailTest">
    <skipped/>
  </testcase> <!-- @BeforeTest initiaLiseBrowser -->
  <testcase name="@BeforeTest initiaLiseBrowser" time="0.0" classname="com.mkyong.busongratis.FacturaBasicaGratisDetailTest">
    <skipped/>
  </testcase> <!-- @BeforeTest initiaLiseBrowser -->
  <testcase name="@BeforeTest initiaLiseBrowser" time="0.0" classname="com.mkyong.busongratis.FacturaBasicaGratisTest">
    <skipped/>
  </testcase> <!-- @BeforeTest initiaLiseBrowser -->
  <testcase name="@BeforeTest initiaLiseBrowser" time="0.0" classname="com.mkyong.buson.jes.detail.FacturaBasicaJesDetailTest">
    <skipped/>
  </testcase> <!-- @BeforeTest initiaLiseBrowser -->
  <testcase name="@BeforeTest initiaLiseBrowser" time="0.0" classname="com.mkyong.conector.jes.detail.FacturaBasicaJesDetailTest">
    <skipped/>
  </testcase> <!-- @BeforeTest initiaLiseBrowser -->
  <testcase name="@BeforeTest initiaLiseBrowser" time="0.0" classname="com.mkyong.buson.jes.FacturaBasicaJesTest">
    <skipped/>
  </testcase> <!-- @BeforeTest initiaLiseBrowser -->
  <testcase name="@BeforeTest initiaLiseBrowser" time="0.0" classname="com.mkyong.conector.jes.FacturaBasicaJesTest">
    <skipped/>
  </testcase> <!-- @BeforeTest initiaLiseBrowser -->
  <testcase name="@BeforeTest initiaLiseBrowser" time="0.0" classname="com.mkyong.busonfiscal.FacturaBasicaTest">
    <skipped/>
  </testcase> <!-- @BeforeTest initiaLiseBrowser -->
  <testcase name="@BeforeTest initiaLiseBrowser" time="0.0" classname="com.mkyong.busonfiscal.detail.FacturaCartaPorteDetailTest">
    <skipped/>
  </testcase> <!-- @BeforeTest initiaLiseBrowser -->
  <testcase name="@BeforeTest initiaLiseBrowser" time="0.0" classname="com.mkyong.busongratis.FacturaCartaPorteGratisComImpuestoTest">
    <skipped/>
  </testcase> <!-- @BeforeTest initiaLiseBrowser -->
  <testcase name="@BeforeTest initiaLiseBrowser" time="0.0" classname="com.mkyong.busongratis.FacturaCartaPorteGratisTest">
    <skipped/>
  </testcase> <!-- @BeforeTest initiaLiseBrowser -->
  <testcase name="@BeforeTest initiaLiseBrowser" time="0.0" classname="com.mkyong.buson.jes.detail.FacturaCartaPorteJesDetailTest">
    <skipped/>
  </testcase> <!-- @BeforeTest initiaLiseBrowser -->
  <testcase name="@BeforeTest initiaLiseBrowser" time="0.0" classname="com.mkyong.conector.jes.detail.FacturaCartaPorteJesDetailTest">
    <skipped/>
  </testcase> <!-- @BeforeTest initiaLiseBrowser -->
  <testcase name="@BeforeTest initiaLiseBrowser" time="0.0" classname="com.mkyong.buson.jes.FacturaCartaPorteJesTest">
    <skipped/>
  </testcase> <!-- @BeforeTest initiaLiseBrowser -->
  <testcase name="@BeforeTest initiaLiseBrowser" time="0.0" classname="com.mkyong.conector.jes.FacturaCartaPorteJesTest">
    <skipped/>
  </testcase> <!-- @BeforeTest initiaLiseBrowser -->
  <testcase name="@BeforeTest initiaLiseBrowser" time="0.0" classname="com.mkyong.busonfiscal.FacturaCartaPorteTest">
    <skipped/>
  </testcase> <!-- @BeforeTest initiaLiseBrowser -->
  <testcase name="@BeforeTest initiaLiseBrowser" time="0.0" classname="com.mkyong.busonfiscal.detail.FacturaDetallistaDetallistaTest">
    <skipped/>
  </testcase> <!-- @BeforeTest initiaLiseBrowser -->
  <testcase name="@BeforeTest initiaLiseBrowser" time="0.0" classname="com.mkyong.buson.jes.detail.FacturaDetallistaJesDetailTest">
    <skipped/>
  </testcase> <!-- @BeforeTest initiaLiseBrowser -->
  <testcase name="@BeforeTest initiaLiseBrowser" time="0.0" classname="com.mkyong.conector.jes.detail.FacturaDetallistaJesDetailTest">
    <skipped/>
  </testcase> <!-- @BeforeTest initiaLiseBrowser -->
  <testcase name="@BeforeTest initiaLiseBrowser" time="0.0" classname="com.mkyong.buson.jes.FacturaDetallistaJesTest">
    <skipped/>
  </testcase> <!-- @BeforeTest initiaLiseBrowser -->
  <testcase name="@BeforeTest initiaLiseBrowser" time="0.0" classname="com.mkyong.conector.jes.FacturaDetallistaJesTest">
    <skipped/>
  </testcase> <!-- @BeforeTest initiaLiseBrowser -->
  <testcase name="@BeforeTest initiaLiseBrowser" time="0.0" classname="com.mkyong.busonfiscal.FacturaDetallistaTest">
    <skipped/>
  </testcase> <!-- @BeforeTest initiaLiseBrowser -->
  <testcase name="@BeforeTest initiaLiseBrowser" time="0.0" classname="com.mkyong.busonfiscal.detail.FacturaPagoDetailTest">
    <skipped/>
  </testcase> <!-- @BeforeTest initiaLiseBrowser -->
  <testcase name="@BeforeTest initiaLiseBrowser" time="0.0" classname="com.mkyong.busongratis.FacturaPagoGratisDetailTest">
    <skipped/>
  </testcase> <!-- @BeforeTest initiaLiseBrowser -->
  <testcase name="@BeforeTest initiaLiseBrowser" time="0.0" classname="com.mkyong.busongratis.FacturaPagoGratisTest">
    <skipped/>
  </testcase> <!-- @BeforeTest initiaLiseBrowser -->
  <testcase name="@BeforeTest initiaLiseBrowser" time="0.0" classname="com.mkyong.buson.jes.detail.FacturaPagoJesDetailTest">
    <skipped/>
  </testcase> <!-- @BeforeTest initiaLiseBrowser -->
  <testcase name="@BeforeTest initiaLiseBrowser" time="0.0" classname="com.mkyong.conector.jes.detail.FacturaPagoJesDetailTest">
    <skipped/>
  </testcase> <!-- @BeforeTest initiaLiseBrowser -->
  <testcase name="@BeforeTest initiaLiseBrowser" time="0.0" classname="com.mkyong.buson.jes.FacturaPagoJesTest">
    <skipped/>
  </testcase> <!-- @BeforeTest initiaLiseBrowser -->
  <testcase name="@BeforeTest initiaLiseBrowser" time="0.0" classname="com.mkyong.conector.jes.FacturaPagoJesTest">
    <skipped/>
  </testcase> <!-- @BeforeTest initiaLiseBrowser -->
  <testcase name="@BeforeTest initiaLiseBrowser" time="0.0" classname="com.mkyong.busonfiscal.FacturaPagoTest">
    <skipped/>
  </testcase> <!-- @BeforeTest initiaLiseBrowser -->
  <testcase name="@BeforeTest initiaLiseBrowser" time="0.0" classname="com.mkyong.busonfiscal.FacturaSimpleComprobanteBorradorTest">
    <skipped/>
  </testcase> <!-- @BeforeTest initiaLiseBrowser -->
  <testcase name="@BeforeTest initiaLiseBrowser" time="0.0" classname="com.mkyong.busonfiscal.HomePageBusonTest">
    <skipped/>
  </testcase> <!-- @BeforeTest initiaLiseBrowser -->
  <testcase name="@BeforeTest initiaLiseBrowser" time="0.0" classname="com.mkyong.busonfiscal.detail.INEDetailTest">
    <skipped/>
  </testcase> <!-- @BeforeTest initiaLiseBrowser -->
  <testcase name="@BeforeTest initiaLiseBrowser" time="0.0" classname="com.mkyong.buson.jes.detail.INEJesDetailTest">
    <skipped/>
  </testcase> <!-- @BeforeTest initiaLiseBrowser -->
  <testcase name="@BeforeTest initiaLiseBrowser" time="0.0" classname="com.mkyong.conector.jes.detail.INEJesDetailTest">
    <skipped/>
  </testcase> <!-- @BeforeTest initiaLiseBrowser -->
  <testcase name="@BeforeTest initiaLiseBrowser" time="0.0" classname="com.mkyong.buson.jes.INEJesTest">
    <skipped/>
  </testcase> <!-- @BeforeTest initiaLiseBrowser -->
  <testcase name="@BeforeTest initiaLiseBrowser" time="0.0" classname="com.mkyong.conector.jes.INEJesTest">
    <skipped/>
  </testcase> <!-- @BeforeTest initiaLiseBrowser -->
  <testcase name="@BeforeTest initiaLiseBrowser" time="0.0" classname="com.mkyong.busonfiscal.INETest">
    <skipped/>
  </testcase> <!-- @BeforeTest initiaLiseBrowser -->
  <testcase name="@BeforeTest initiaLiseBrowser" time="0.0" classname="com.mkyong.impression.fiscal.ImpresionIETFiscalTest">
    <skipped/>
  </testcase> <!-- @BeforeTest initiaLiseBrowser -->
  <testcase name="@BeforeTest initiaLiseBrowser" time="0.0" classname="com.mkyong.impression.fiscal.ImpresionNominaFiscalTest">
    <skipped/>
  </testcase> <!-- @BeforeTest initiaLiseBrowser -->
  <testcase name="@BeforeTest initiaLiseBrowser" time="0.0" classname="com.mkyong.impression.fiscal.ImpresionPagoFiscalTest">
    <skipped/>
  </testcase> <!-- @BeforeTest initiaLiseBrowser -->
  <testcase name="@BeforeTest initiaLiseBrowser" time="0.0" classname="com.mkyong.busonfiscal.detail.ImpuestosLocalesDetailIEPSTest">
    <skipped/>
  </testcase> <!-- @BeforeTest initiaLiseBrowser -->
  <testcase name="@BeforeTest initiaLiseBrowser" time="0.0" classname="com.mkyong.busonfiscal.detail.ImpuestosLocalesDetailTest">
    <skipped/>
  </testcase> <!-- @BeforeTest initiaLiseBrowser -->
  <testcase name="@BeforeTest initiaLiseBrowser" time="0.0" classname="com.mkyong.buson.jes.detail.ImpuestosLocalesJesDetailTest">
    <skipped/>
  </testcase> <!-- @BeforeTest initiaLiseBrowser -->
  <testcase name="@BeforeTest initiaLiseBrowser" time="0.0" classname="com.mkyong.conector.jes.detail.ImpuestosLocalesJesDetailTest">
    <skipped/>
  </testcase> <!-- @BeforeTest initiaLiseBrowser -->
  <testcase name="@BeforeTest initiaLiseBrowser" time="0.0" classname="com.mkyong.buson.jes.ImpuestosLocalesJesTest">
    <skipped/>
  </testcase> <!-- @BeforeTest initiaLiseBrowser -->
  <testcase name="@BeforeTest initiaLiseBrowser" time="0.0" classname="com.mkyong.conector.jes.ImpuestosLocalesJesTest">
    <skipped/>
  </testcase> <!-- @BeforeTest initiaLiseBrowser -->
  <testcase name="@BeforeTest initiaLiseBrowser" time="0.0" classname="com.mkyong.busonfiscal.ImpuestosLocalesTest">
    <skipped/>
  </testcase> <!-- @BeforeTest initiaLiseBrowser -->
  <testcase name="@BeforeTest initiaLiseBrowser" time="0.0" classname="com.mkyong.busonfiscal.detail.InstituicionesEducativasDetailTest">
    <skipped/>
  </testcase> <!-- @BeforeTest initiaLiseBrowser -->
  <testcase name="@BeforeTest initiaLiseBrowser" time="0.0" classname="com.mkyong.buson.jes.detail.InstituicionesEducativasJesDetailTest">
    <skipped/>
  </testcase> <!-- @BeforeTest initiaLiseBrowser -->
  <testcase name="@BeforeTest initiaLiseBrowser" time="0.0" classname="com.mkyong.conector.jes.detail.InstituicionesEducativasJesDetailTest">
    <skipped/>
  </testcase> <!-- @BeforeTest initiaLiseBrowser -->
  <testcase name="@BeforeTest initiaLiseBrowser" time="0.0" classname="com.mkyong.buson.jes.InstituicionesEducativasJesTest">
    <skipped/>
  </testcase> <!-- @BeforeTest initiaLiseBrowser -->
  <testcase name="@BeforeTest initiaLiseBrowser" time="0.0" classname="com.mkyong.conector.jes.InstituicionesEducativasJesTest">
    <skipped/>
  </testcase> <!-- @BeforeTest initiaLiseBrowser -->
  <testcase name="@BeforeTest initiaLiseBrowser" time="0.0" classname="com.mkyong.busonfiscal.InstituicionesEducativasTest">
    <skipped/>
  </testcase> <!-- @BeforeTest initiaLiseBrowser -->
  <testcase name="@BeforeTest initiaLiseBrowser" time="0.0" classname="com.mkyong.busonfiscal.detail.LeyendasFiscalesDetailTest">
    <skipped/>
  </testcase> <!-- @BeforeTest initiaLiseBrowser -->
  <testcase name="@BeforeTest initiaLiseBrowser" time="0.0" classname="com.mkyong.buson.jes.detail.LeyendasFiscalesJesDetailTest">
    <skipped/>
  </testcase> <!-- @BeforeTest initiaLiseBrowser -->
  <testcase name="@BeforeTest initiaLiseBrowser" time="0.0" classname="com.mkyong.conector.jes.detail.LeyendasFiscalesJesDetailTest">
    <skipped/>
  </testcase> <!-- @BeforeTest initiaLiseBrowser -->
  <testcase name="@BeforeTest initiaLiseBrowser" time="0.0" classname="com.mkyong.buson.jes.LeyendasFiscalesJesTest">
    <skipped/>
  </testcase> <!-- @BeforeTest initiaLiseBrowser -->
  <testcase name="@BeforeTest initiaLiseBrowser" time="0.0" classname="com.mkyong.conector.jes.LeyendasFiscalesJesTest">
    <skipped/>
  </testcase> <!-- @BeforeTest initiaLiseBrowser -->
  <testcase name="@BeforeTest initiaLiseBrowser" time="0.0" classname="com.mkyong.busonfiscal.LeyendasFiscalesTest">
    <skipped/>
  </testcase> <!-- @BeforeTest initiaLiseBrowser -->
  <testcase name="@BeforeTest initiaLiseBrowser" time="0.0" classname="com.mkyong.nomina.NominaFiscalDescargaTest">
    <skipped/>
  </testcase> <!-- @BeforeTest initiaLiseBrowser -->
  <testcase name="@BeforeTest initiaLiseBrowser" time="0.0" classname="com.mkyong.nomina.NominaFiscalTest">
    <skipped/>
  </testcase> <!-- @BeforeTest initiaLiseBrowser -->
  <testcase name="@BeforeTest initiaLiseBrowser" time="0.0" classname="com.mkyong.busonfiscal.NotaDeCreditoBorradorTest">
    <skipped/>
  </testcase> <!-- @BeforeTest initiaLiseBrowser -->
  <testcase name="@BeforeTest initiaLiseBrowser" time="0.0" classname="com.mkyong.busonfiscal.detail.NotaDeCreditoDetailTest">
    <skipped/>
  </testcase> <!-- @BeforeTest initiaLiseBrowser -->
  <testcase name="@BeforeTest initiaLiseBrowser" time="0.0" classname="com.mkyong.busongratis.NotaDeCreditoGratisDetailTest">
    <skipped/>
  </testcase> <!-- @BeforeTest initiaLiseBrowser -->
  <testcase name="@BeforeTest initiaLiseBrowser" time="0.0" classname="com.mkyong.busongratis.NotaDeCreditoGratisTest">
    <skipped/>
  </testcase> <!-- @BeforeTest initiaLiseBrowser -->
  <testcase name="@BeforeTest initiaLiseBrowser" time="0.0" classname="com.mkyong.buson.jes.detail.NotaDeCreditoJesDetailTest">
    <skipped/>
  </testcase> <!-- @BeforeTest initiaLiseBrowser -->
  <testcase name="@BeforeTest initiaLiseBrowser" time="0.0" classname="com.mkyong.conector.jes.detail.NotaDeCreditoJesDetailTest">
    <skipped/>
  </testcase> <!-- @BeforeTest initiaLiseBrowser -->
  <testcase name="@BeforeTest initiaLiseBrowser" time="0.0" classname="com.mkyong.buson.jes.NotaDeCreditoJesTest">
    <skipped/>
  </testcase> <!-- @BeforeTest initiaLiseBrowser -->
  <testcase name="@BeforeTest initiaLiseBrowser" time="0.0" classname="com.mkyong.conector.jes.NotaDeCreditoJesTest">
    <skipped/>
  </testcase> <!-- @BeforeTest initiaLiseBrowser -->
  <testcase name="@BeforeTest initiaLiseBrowser" time="0.0" classname="com.mkyong.busonfiscal.NotaDeCreditoTest">
    <skipped/>
  </testcase> <!-- @BeforeTest initiaLiseBrowser -->
  <testcase name="@BeforeTest initiaLiseBrowser" time="0.0" classname="com.mkyong.busonfiscal.detail.NotariosPublicosDetailIEPSTest">
    <skipped/>
  </testcase> <!-- @BeforeTest initiaLiseBrowser -->
  <testcase name="@BeforeTest initiaLiseBrowser" time="0.0" classname="com.mkyong.busonfiscal.detail.NotariosPublicosDetailTest">
    <skipped/>
  </testcase> <!-- @BeforeTest initiaLiseBrowser -->
  <testcase name="@BeforeTest initiaLiseBrowser" time="0.0" classname="com.mkyong.buson.jes.detail.NotariosPublicosJesDetailTest">
    <skipped/>
  </testcase> <!-- @BeforeTest initiaLiseBrowser -->
  <testcase name="@BeforeTest initiaLiseBrowser" time="0.0" classname="com.mkyong.conector.jes.detail.NotariosPublicosJesDetailTest">
    <skipped/>
  </testcase> <!-- @BeforeTest initiaLiseBrowser -->
  <testcase name="@BeforeTest initiaLiseBrowser" time="0.0" classname="com.mkyong.buson.jes.NotariosPublicosJesTest">
    <skipped/>
  </testcase> <!-- @BeforeTest initiaLiseBrowser -->
  <testcase name="@BeforeTest initiaLiseBrowser" time="0.0" classname="com.mkyong.conector.jes.NotariosPublicosJesTest">
    <skipped/>
  </testcase> <!-- @BeforeTest initiaLiseBrowser -->
  <testcase name="@BeforeTest initiaLiseBrowser" time="0.0" classname="com.mkyong.busonfiscal.NotariosPublicosTest">
    <skipped/>
  </testcase> <!-- @BeforeTest initiaLiseBrowser -->
  <testcase name="@BeforeTest initiaLiseBrowser" time="0.0" classname="com.mkyong.busonfiscal.detail.ObrasDeArteYAtenguedadDetailTest">
    <skipped/>
  </testcase> <!-- @BeforeTest initiaLiseBrowser -->
  <testcase name="@BeforeTest initiaLiseBrowser" time="0.0" classname="com.mkyong.buson.jes.detail.ObrasDeArteYAtenguedadJesDetailTest">
    <skipped/>
  </testcase> <!-- @BeforeTest initiaLiseBrowser -->
  <testcase name="@BeforeTest initiaLiseBrowser" time="0.0" classname="com.mkyong.conector.jes.detail.ObrasDeArteYAtenguedadJesDetailTest">
    <skipped/>
  </testcase> <!-- @BeforeTest initiaLiseBrowser -->
  <testcase name="@BeforeTest initiaLiseBrowser" time="0.0" classname="com.mkyong.buson.jes.ObrasDeArteYAtenguedadJesTest">
    <skipped/>
  </testcase> <!-- @BeforeTest initiaLiseBrowser -->
  <testcase name="@BeforeTest initiaLiseBrowser" time="0.0" classname="com.mkyong.conector.jes.ObrasDeArteYAtenguedadJesTest">
    <skipped/>
  </testcase> <!-- @BeforeTest initiaLiseBrowser -->
  <testcase name="@BeforeTest initiaLiseBrowser" time="0.0" classname="com.mkyong.busonfiscal.ObrasDeArteYAtenguedadTest">
    <skipped/>
  </testcase> <!-- @BeforeTest initiaLiseBrowser -->
  <testcase name="@BeforeTest initiaLiseBrowser" time="0.0" classname="com.mkyong.busonfiscal.detail.PagoEnEspeciesDetailTest">
    <skipped/>
  </testcase> <!-- @BeforeTest initiaLiseBrowser -->
  <testcase name="@BeforeTest initiaLiseBrowser" time="0.0" classname="com.mkyong.buson.jes.detail.PagoEnEspeciesJesDetailTest">
    <skipped/>
  </testcase> <!-- @BeforeTest initiaLiseBrowser -->
  <testcase name="@BeforeTest initiaLiseBrowser" time="0.0" classname="com.mkyong.conector.jes.detail.PagoEnEspeciesJesDetailTest">
    <skipped/>
  </testcase> <!-- @BeforeTest initiaLiseBrowser -->
  <testcase name="@BeforeTest initiaLiseBrowser" time="0.0" classname="com.mkyong.buson.jes.PagoEnEspeciesJesTest">
    <skipped/>
  </testcase> <!-- @BeforeTest initiaLiseBrowser -->
  <testcase name="@BeforeTest initiaLiseBrowser" time="0.0" classname="com.mkyong.conector.jes.PagoEnEspeciesJesTest">
    <skipped/>
  </testcase> <!-- @BeforeTest initiaLiseBrowser -->
  <testcase name="@BeforeTest initiaLiseBrowser" time="0.0" classname="com.mkyong.busonfiscal.PagoEnEspeciesTest">
    <skipped/>
  </testcase> <!-- @BeforeTest initiaLiseBrowser -->
  <testcase name="@BeforeTest initiaLiseBrowser" time="0.0" classname="com.mkyong.busonfiscal.PasswordTest">
    <skipped/>
  </testcase> <!-- @BeforeTest initiaLiseBrowser -->
  <testcase name="@BeforeTest initiaLiseBrowser" time="0.0" classname="com.mkyong.busonfiscal.detail.PersonasFisicasIntegranteDeCoordinacionDetailTest">
    <skipped/>
  </testcase> <!-- @BeforeTest initiaLiseBrowser -->
  <testcase name="@BeforeTest initiaLiseBrowser" time="0.0" classname="com.mkyong.buson.jes.detail.PersonasFisicasIntegranteDeCoordinacionJesDetailTest">
    <skipped/>
  </testcase> <!-- @BeforeTest initiaLiseBrowser -->
  <testcase name="@BeforeTest initiaLiseBrowser" time="0.0" classname="com.mkyong.conector.jes.detail.PersonasFisicasIntegranteDeCoordinacionJesDetailTest">
    <skipped/>
  </testcase> <!-- @BeforeTest initiaLiseBrowser -->
  <testcase name="@BeforeTest initiaLiseBrowser" time="0.0" classname="com.mkyong.buson.jes.PersonasFisicasIntegranteDeCoordinacionJesTest">
    <skipped/>
  </testcase> <!-- @BeforeTest initiaLiseBrowser -->
  <testcase name="@BeforeTest initiaLiseBrowser" time="0.0" classname="com.mkyong.conector.jes.PersonasFisicasIntegranteDeCoordinacionJesTest">
    <skipped/>
  </testcase> <!-- @BeforeTest initiaLiseBrowser -->
  <testcase name="@BeforeTest initiaLiseBrowser" time="0.0" classname="com.mkyong.busonfiscal.PersonasFisicasIntegranteDeCoordinacionTest">
    <skipped/>
  </testcase> <!-- @BeforeTest initiaLiseBrowser -->
  <testcase name="@BeforeTest initiaLiseBrowser" time="0.0" classname="com.mkyong.busonfiscal.ReportesEmitidosCancelacionTest">
    <skipped/>
  </testcase> <!-- @BeforeTest initiaLiseBrowser -->
  <testcase name="@BeforeTest initiaLiseBrowser" time="0.0" classname="com.mkyong.busonfiscal.ReportesEmitidosDuplicarComplComercioExteriorTest">
    <skipped/>
  </testcase> <!-- @BeforeTest initiaLiseBrowser -->
  <testcase name="@BeforeTest initiaLiseBrowser" time="0.0" classname="com.mkyong.busonfiscal.ReportesEmitidosDuplicarComplComercioExteriorTransladoTest">
    <skipped/>
  </testcase> <!-- @BeforeTest initiaLiseBrowser -->
  <testcase name="@BeforeTest initiaLiseBrowser" time="0.0" classname="com.mkyong.busonfiscal.ReportesEmitidosDuplicarComplInstituicionesEducativasTest">
    <skipped/>
  </testcase> <!-- @BeforeTest initiaLiseBrowser -->
  <testcase name="@BeforeTest initiaLiseBrowser" time="0.0" classname="com.mkyong.busonfiscal.ReportesEmitidosDuplicarComplLeyendasFiscalesTest">
    <skipped/>
  </testcase> <!-- @BeforeTest initiaLiseBrowser -->
  <testcase name="@BeforeTest initiaLiseBrowser" time="0.0" classname="com.mkyong.busonfiscal.ReportesEmitidosDuplicarComplNotariosPublicosTest">
    <skipped/>
  </testcase> <!-- @BeforeTest initiaLiseBrowser -->
  <testcase name="@BeforeTest initiaLiseBrowser" time="0.0" classname="com.mkyong.busonfiscal.ReportesEmitidosDuplicarComplPaEnEspeciesTest">
    <skipped/>
  </testcase> <!-- @BeforeTest initiaLiseBrowser -->
  <testcase name="@BeforeTest initiaLiseBrowser" time="0.0" classname="com.mkyong.busonfiscal.ReportesEmitidosDuplicarComplPersonasFisicasTest">
    <skipped/>
  </testcase> <!-- @BeforeTest initiaLiseBrowser -->
  <testcase name="@BeforeTest initiaLiseBrowser" time="0.0" classname="com.mkyong.busonfiscal.ReportesEmitidosDuplicarComplServiciosParcealesDeConstruccionTest">
    <skipped/>
  </testcase> <!-- @BeforeTest initiaLiseBrowser -->
  <testcase name="@BeforeTest initiaLiseBrowser" time="0.0" classname="com.mkyong.busonfiscal.ReportesEmitidosDuplicarComplTuristaPasajeroExtrTest">
    <skipped/>
  </testcase> <!-- @BeforeTest initiaLiseBrowser -->
  <testcase name="@BeforeTest initiaLiseBrowser" time="0.0" classname="com.mkyong.busonfiscal.ReportesEmitidosDuplicarComprobanteCartaPorteTest">
    <skipped/>
  </testcase> <!-- @BeforeTest initiaLiseBrowser -->
  <testcase name="@BeforeTest initiaLiseBrowser" time="0.0" classname="com.mkyong.busonfiscal.ReportesEmitidosDuplicarComprobanteComplementoDePagosTest">
    <skipped/>
  </testcase> <!-- @BeforeTest initiaLiseBrowser -->
  <testcase name="@BeforeTest initiaLiseBrowser" time="0.0" classname="com.mkyong.busonfiscal.ReportesEmitidosDuplicarComprobanteDetallistaTest">
    <skipped/>
  </testcase> <!-- @BeforeTest initiaLiseBrowser -->
  <testcase name="@BeforeTest initiaLiseBrowser" time="0.0" classname="com.mkyong.busonfiscal.ReportesEmitidosDuplicarComprobanteINETest">
    <skipped/>
  </testcase> <!-- @BeforeTest initiaLiseBrowser -->
  <testcase name="@BeforeTest initiaLiseBrowser" time="0.0" classname="com.mkyong.busonfiscal.ReportesEmitidosDuplicarComprobanteImpuestosLocalesTest">
    <skipped/>
  </testcase> <!-- @BeforeTest initiaLiseBrowser -->
  <testcase name="@BeforeTest initiaLiseBrowser" time="0.0" classname="com.mkyong.busonfiscal.ReportesEmitidosDuplicarComprobanteNotaDeCreditoTest">
    <skipped/>
  </testcase> <!-- @BeforeTest initiaLiseBrowser -->
  <testcase name="@BeforeTest initiaLiseBrowser" time="0.0" classname="com.mkyong.busonfiscal.ReportesEmitidosDuplicarComprobanteTest">
    <skipped/>
  </testcase> <!-- @BeforeTest initiaLiseBrowser -->
  <testcase name="@BeforeTest initiaLiseBrowser" time="0.0" classname="com.mkyong.busonfiscal.ReportesEmitidosDuplicarComprobanteVentaDeVehiculoTest">
    <skipped/>
  </testcase> <!-- @BeforeTest initiaLiseBrowser -->
  <testcase name="@BeforeTest initiaLiseBrowser" time="0.0" classname="com.mkyong.busonfiscal.ReportesEmitidosDuplicarDonatariosTest">
    <skipped/>
  </testcase> <!-- @BeforeTest initiaLiseBrowser -->
  <testcase name="@BeforeTest initiaLiseBrowser" time="0.0" classname="com.mkyong.buson.jes.detail.ServiciosParcealesDeContruccionJesDetailTest">
    <skipped/>
  </testcase> <!-- @BeforeTest initiaLiseBrowser -->
  <testcase name="@BeforeTest initiaLiseBrowser" time="0.0" classname="com.mkyong.conector.jes.detail.ServiciosParcealesDeContruccionJesDetailTest">
    <skipped/>
  </testcase> <!-- @BeforeTest initiaLiseBrowser -->
  <testcase name="@BeforeTest initiaLiseBrowser" time="0.0" classname="com.mkyong.buson.jes.ServiciosParcealesDeContruccionJesTest">
    <skipped/>
  </testcase> <!-- @BeforeTest initiaLiseBrowser -->
  <testcase name="@BeforeTest initiaLiseBrowser" time="0.0" classname="com.mkyong.conector.jes.ServiciosParcealesDeContruccionJesTest">
    <skipped/>
  </testcase> <!-- @BeforeTest initiaLiseBrowser -->
  <testcase name="@BeforeTest initiaLiseBrowser" time="0.0" classname="com.mkyong.busonfiscal.ServiciosParcealesDeContruccionTest">
    <skipped/>
  </testcase> <!-- @BeforeTest initiaLiseBrowser -->
  <testcase name="@BeforeTest initiaLiseBrowser" time="0.0" classname="com.mkyong.busonfiscal.detail.ServiciosParcealesDeContrucciondDetailTest">
    <skipped/>
  </testcase> <!-- @BeforeTest initiaLiseBrowser -->
  <testcase name="@BeforeTest initiaLiseBrowser" time="0.0" classname="com.mkyong.busonfiscal.TestBusquedaReportes">
    <skipped/>
  </testcase> <!-- @BeforeTest initiaLiseBrowser -->
  <testcase name="@BeforeTest initiaLiseBrowser" time="0.0" classname="com.mkyong.busonfiscal.TestBusquedaReportes10">
    <skipped/>
  </testcase> <!-- @BeforeTest initiaLiseBrowser -->
  <testcase name="@BeforeTest initiaLiseBrowser" time="0.0" classname="com.mkyong.busonfiscal.TestBusquedaReportes11">
    <skipped/>
  </testcase> <!-- @BeforeTest initiaLiseBrowser -->
  <testcase name="@BeforeTest initiaLiseBrowser" time="0.0" classname="com.mkyong.busonfiscal.TestBusquedaReportes12">
    <skipped/>
  </testcase> <!-- @BeforeTest initiaLiseBrowser -->
  <testcase name="@BeforeTest initiaLiseBrowser" time="0.0" classname="com.mkyong.busonfiscal.TestBusquedaReportes13">
    <skipped/>
  </testcase> <!-- @BeforeTest initiaLiseBrowser -->
  <testcase name="@BeforeTest initiaLiseBrowser" time="0.0" classname="com.mkyong.busonfiscal.TestBusquedaReportes14">
    <skipped/>
  </testcase> <!-- @BeforeTest initiaLiseBrowser -->
  <testcase name="@BeforeTest initiaLiseBrowser" time="0.0" classname="com.mkyong.busonfiscal.TestBusquedaReportes15">
    <skipped/>
  </testcase> <!-- @BeforeTest initiaLiseBrowser -->
  <testcase name="@BeforeTest initiaLiseBrowser" time="0.0" classname="com.mkyong.busonfiscal.TestBusquedaReportes16">
    <skipped/>
  </testcase> <!-- @BeforeTest initiaLiseBrowser -->
  <testcase name="@BeforeTest initiaLiseBrowser" time="0.0" classname="com.mkyong.busonfiscal.TestBusquedaReportes17">
    <skipped/>
  </testcase> <!-- @BeforeTest initiaLiseBrowser -->
  <testcase name="@BeforeTest initiaLiseBrowser" time="0.0" classname="com.mkyong.busonfiscal.TestBusquedaReportes18">
    <skipped/>
  </testcase> <!-- @BeforeTest initiaLiseBrowser -->
  <testcase name="@BeforeTest initiaLiseBrowser" time="0.0" classname="com.mkyong.busonfiscal.TestBusquedaReportes19">
    <skipped/>
  </testcase> <!-- @BeforeTest initiaLiseBrowser -->
  <testcase name="@BeforeTest initiaLiseBrowser" time="0.0" classname="com.mkyong.busonfiscal.TestBusquedaReportes2">
    <skipped/>
  </testcase> <!-- @BeforeTest initiaLiseBrowser -->
  <testcase name="@BeforeTest initiaLiseBrowser" time="0.0" classname="com.mkyong.busonfiscal.TestBusquedaReportes20">
    <skipped/>
  </testcase> <!-- @BeforeTest initiaLiseBrowser -->
  <testcase name="@BeforeTest initiaLiseBrowser" time="0.0" classname="com.mkyong.busonfiscal.TestBusquedaReportes21">
    <skipped/>
  </testcase> <!-- @BeforeTest initiaLiseBrowser -->
  <testcase name="@BeforeTest initiaLiseBrowser" time="0.0" classname="com.mkyong.busonfiscal.TestBusquedaReportes22">
    <skipped/>
  </testcase> <!-- @BeforeTest initiaLiseBrowser -->
  <testcase name="@BeforeTest initiaLiseBrowser" time="0.0" classname="com.mkyong.busonfiscal.TestBusquedaReportes23">
    <skipped/>
  </testcase> <!-- @BeforeTest initiaLiseBrowser -->
  <testcase name="@BeforeTest initiaLiseBrowser" time="0.0" classname="com.mkyong.busonfiscal.TestBusquedaReportes24">
    <skipped/>
  </testcase> <!-- @BeforeTest initiaLiseBrowser -->
  <testcase name="@BeforeTest initiaLiseBrowser" time="0.0" classname="com.mkyong.busonfiscal.TestBusquedaReportes25">
    <skipped/>
  </testcase> <!-- @BeforeTest initiaLiseBrowser -->
  <testcase name="@BeforeTest initiaLiseBrowser" time="0.0" classname="com.mkyong.busonfiscal.TestBusquedaReportes3">
    <skipped/>
  </testcase> <!-- @BeforeTest initiaLiseBrowser -->
  <testcase name="@BeforeTest initiaLiseBrowser" time="0.0" classname="com.mkyong.busonfiscal.TestBusquedaReportes4">
    <skipped/>
  </testcase> <!-- @BeforeTest initiaLiseBrowser -->
  <testcase name="@BeforeTest initiaLiseBrowser" time="0.0" classname="com.mkyong.busonfiscal.TestBusquedaReportes5">
    <skipped/>
  </testcase> <!-- @BeforeTest initiaLiseBrowser -->
  <testcase name="@BeforeTest initiaLiseBrowser" time="0.0" classname="com.mkyong.busonfiscal.TestBusquedaReportes6">
    <skipped/>
  </testcase> <!-- @BeforeTest initiaLiseBrowser -->
  <testcase name="@BeforeTest initiaLiseBrowser" time="0.0" classname="com.mkyong.busonfiscal.TestBusquedaReportes7">
    <skipped/>
  </testcase> <!-- @BeforeTest initiaLiseBrowser -->
  <testcase name="@BeforeTest initiaLiseBrowser" time="0.0" classname="com.mkyong.busonfiscal.TestBusquedaReportes8">
    <skipped/>
  </testcase> <!-- @BeforeTest initiaLiseBrowser -->
  <testcase name="@BeforeTest initiaLiseBrowser" time="0.0" classname="com.mkyong.busonfiscal.TestBusquedaReportes9">
    <skipped/>
  </testcase> <!-- @BeforeTest initiaLiseBrowser -->
  <testcase name="@BeforeTest initiaLiseBrowser" time="0.0" classname="com.mkyong.busongratis.TestBusquedaReportesgratis1">
    <skipped/>
  </testcase> <!-- @BeforeTest initiaLiseBrowser -->
  <testcase name="@BeforeTest initiaLiseBrowser" time="0.0" classname="com.mkyong.busongratis.TestBusquedaReportesgratis2">
    <skipped/>
  </testcase> <!-- @BeforeTest initiaLiseBrowser -->
  <testcase name="@BeforeTest initiaLiseBrowser" time="0.0" classname="com.mkyong.busongratis.TestBusquedaReportesgratis3">
    <skipped/>
  </testcase> <!-- @BeforeTest initiaLiseBrowser -->
  <testcase name="@BeforeTest initiaLiseBrowser" time="0.0" classname="com.mkyong.busongratis.TestBusquedaReportesgratis4">
    <skipped/>
  </testcase> <!-- @BeforeTest initiaLiseBrowser -->
  <testcase name="@BeforeTest initiaLiseBrowser" time="0.0" classname="com.mkyong.busongratis.TestBusquedaReportesgratuito1">
    <skipped/>
  </testcase> <!-- @BeforeTest initiaLiseBrowser -->
  <testcase name="@BeforeTest initiaLiseBrowser" time="0.0" classname="com.mkyong.busongratis.TestBusquedaReportesgratuito2">
    <skipped/>
  </testcase> <!-- @BeforeTest initiaLiseBrowser -->
  <testcase name="@BeforeTest initiaLiseBrowser" time="0.0" classname="com.mkyong.busongratis.TestBusquedaReportesgratuito3">
    <skipped/>
  </testcase> <!-- @BeforeTest initiaLiseBrowser -->
  <testcase name="@BeforeTest initiaLiseBrowser" time="0.0" classname="com.mkyong.busongratis.TestBusquedaReportesgratuito4">
    <skipped/>
  </testcase> <!-- @BeforeTest initiaLiseBrowser -->
  <testcase name="@BeforeTest initiaLiseBrowser" time="0.0" classname="com.mkyong.busongratis.TestBusquedaReportesgratuito5">
    <skipped/>
  </testcase> <!-- @BeforeTest initiaLiseBrowser -->
  <testcase name="@BeforeTest initiaLiseBrowser" time="0.0" classname="com.mkyong.busonfiscal.detail.TestCartaPorteComercioExteriorDetail">
    <skipped/>
  </testcase> <!-- @BeforeTest initiaLiseBrowser -->
  <testcase name="@BeforeTest initiaLiseBrowser" time="0.0" classname="com.mkyong.buson.jes.detail.TestCartaPorteComercioExteriorJesDetail">
    <skipped/>
  </testcase> <!-- @BeforeTest initiaLiseBrowser -->
  <testcase name="@BeforeTest EmiteFactura" time="0.0" classname="com.mkyong.hashing.TestCertificados">
    <skipped/>
  </testcase> <!-- @BeforeTest EmiteFactura -->
  <testcase name="@BeforeTest EmiteFactura" time="0.0" classname="com.mkyong.hashing.TestClient">
    <skipped/>
  </testcase> <!-- @BeforeTest EmiteFactura -->
  <testcase name="@BeforeTest initiaLiseBrowser" time="0.0" classname="com.mkyong.busonfiscal.TestClientProducto">
    <skipped/>
  </testcase> <!-- @BeforeTest initiaLiseBrowser -->
  <testcase name="@BeforeTest initiaLiseBrowser" time="0.0" classname="com.mkyong.busonfiscal.TestComercioExterior">
    <skipped/>
  </testcase> <!-- @BeforeTest initiaLiseBrowser -->
  <testcase name="@BeforeTest initiaLiseBrowser" time="0.0" classname="com.mkyong.busonfiscal.detail.TestComercioExteriorDetail">
    <skipped/>
  </testcase> <!-- @BeforeTest initiaLiseBrowser -->
  <testcase name="@BeforeTest initiaLiseBrowser" time="0.0" classname="com.mkyong.buson.jes.TestComercioExteriorJes">
    <skipped/>
  </testcase> <!-- @BeforeTest initiaLiseBrowser -->
  <testcase name="@BeforeTest initiaLiseBrowser" time="0.0" classname="com.mkyong.buson.jes.detail.TestComercioExteriorJesDetail">
    <skipped/>
  </testcase> <!-- @BeforeTest initiaLiseBrowser -->
  <testcase name="@BeforeTest EmiteFactura" time="0.0" classname="com.mkyong.hashing.TestComprobantesEmitidos">
    <skipped/>
  </testcase> <!-- @BeforeTest EmiteFactura -->
  <testcase name="@BeforeTest initiaLiseBrowser" time="0.0" classname="com.mkyong.busonfiscal.TestDonativos">
    <skipped/>
  </testcase> <!-- @BeforeTest initiaLiseBrowser -->
  <testcase name="@BeforeTest initiaLiseBrowser" time="0.0" classname="com.mkyong.busonfiscal.detail.TestDonativosDetail">
    <skipped/>
  </testcase> <!-- @BeforeTest initiaLiseBrowser -->
  <testcase name="@BeforeTest initiaLiseBrowser" time="0.0" classname="com.mkyong.buson.jes.TestDonativosJes">
    <skipped/>
  </testcase> <!-- @BeforeTest initiaLiseBrowser -->
  <testcase name="@BeforeTest initiaLiseBrowser" time="0.0" classname="com.mkyong.buson.jes.detail.TestDonativosJesDetail">
    <skipped/>
  </testcase> <!-- @BeforeTest initiaLiseBrowser -->
  <testcase name="@BeforeTest initiaLiseBrowser" time="0.0" classname="com.mkyong.busonfiscal.TestEmail">
    <skipped/>
  </testcase> <!-- @BeforeTest initiaLiseBrowser -->
  <testcase name="@BeforeTest initiaLiseBrowser" time="0.0" classname="com.mkyong.busonfiscal.TestEmailAndPassword">
    <skipped/>
  </testcase> <!-- @BeforeTest initiaLiseBrowser -->
  <testcase name="@BeforeTest initiaLiseBrowser" time="0.0" classname="com.mkyong.busonfiscal.TestEmailPasswordCorrect">
    <skipped/>
  </testcase> <!-- @BeforeTest initiaLiseBrowser -->
  <testcase name="@BeforeTest initiaLiseBrowser" time="0.0" classname="com.mkyong.busonfiscal.TestEmailPasswordCorrect2">
    <skipped/>
  </testcase> <!-- @BeforeTest initiaLiseBrowser -->
  <testcase name="@BeforeTest initiaLiseBrowser" time="0.0" classname="com.mkyong.busonfiscal.TestFacturaAdendaMultiAssistencia">
    <skipped/>
  </testcase> <!-- @BeforeTest initiaLiseBrowser -->
  <testcase name="@BeforeTest initiaLiseBrowser" time="0.0" classname="com.mkyong.busonfiscal.TestFacturaAdendaMultiAssistenciaBorrador">
    <skipped/>
  </testcase> <!-- @BeforeTest initiaLiseBrowser -->
  <testcase name="@BeforeTest initiaLiseBrowser" time="0.0" classname="com.mkyong.busonfiscal.detail.TestFacturaAdendaMultiAssistenciaDetail">
    <skipped/>
  </testcase> <!-- @BeforeTest initiaLiseBrowser -->
  <testcase name="@BeforeTest initiaLiseBrowser" time="0.0" classname="com.mkyong.buson.jes.detail.TestFacturaAdendaMultiAssistenciaJesDetail">
    <skipped/>
  </testcase> <!-- @BeforeTest initiaLiseBrowser -->
  <testcase name="@BeforeTest initiaLiseBrowser" time="0.0" classname="com.mkyong.busonfiscal.TestFacturaBasica">
    <skipped/>
  </testcase> <!-- @BeforeTest initiaLiseBrowser -->
  <testcase name="@BeforeTest initiaLiseBrowser" time="0.0" classname="com.mkyong.busonfiscal.TestFacturaBasicaCodig">
    <skipped/>
  </testcase> <!-- @BeforeTest initiaLiseBrowser -->
  <testcase name="@BeforeTest initiaLiseBrowser" time="0.0" classname="com.mkyong.busonfiscal.detail.TestFacturaBasicaDetail">
    <skipped/>
  </testcase> <!-- @BeforeTest initiaLiseBrowser -->
  <testcase name="@BeforeTest initiaLiseBrowser" time="0.0" classname="com.mkyong.busongratis.TestFacturaBasicaGratis">
    <skipped/>
  </testcase> <!-- @BeforeTest initiaLiseBrowser -->
  <testcase name="@BeforeTest initiaLiseBrowser" time="0.0" classname="com.mkyong.busongratis.TestFacturaBasicaGratis2">
    <skipped/>
  </testcase> <!-- @BeforeTest initiaLiseBrowser -->
  <testcase name="@BeforeTest initiaLiseBrowser" time="0.0" classname="com.mkyong.busongratis.TestFacturaBasicaGratisDetail">
    <skipped/>
  </testcase> <!-- @BeforeTest initiaLiseBrowser -->
  <testcase name="@BeforeTest initiaLiseBrowser" time="0.0" classname="com.mkyong.busongratis.TestFacturaBasicaGratisDetail2">
    <skipped/>
  </testcase> <!-- @BeforeTest initiaLiseBrowser -->
  <testcase name="@BeforeTest initiaLiseBrowser" time="0.0" classname="com.mkyong.buson.jes.TestFacturaBasicaJes">
    <skipped/>
  </testcase> <!-- @BeforeTest initiaLiseBrowser -->
  <testcase name="@BeforeTest initiaLiseBrowser" time="0.0" classname="com.mkyong.buson.jes.detail.TestFacturaBasicaJesDetail">
    <skipped/>
  </testcase> <!-- @BeforeTest initiaLiseBrowser -->
  <testcase name="@BeforeTest initiaLiseBrowser" time="0.0" classname="com.mkyong.busonfiscal.TestFacturaCartaPorte">
    <skipped/>
  </testcase> <!-- @BeforeTest initiaLiseBrowser -->
  <testcase name="@BeforeTest initiaLiseBrowser" time="0.0" classname="com.mkyong.busonfiscal.detail.TestFacturaCartaPorteDetail">
    <skipped/>
  </testcase> <!-- @BeforeTest initiaLiseBrowser -->
  <testcase name="@BeforeTest initiaLiseBrowser" time="0.0" classname="com.mkyong.busongratis.TestFacturaCartaPorteGratis">
    <skipped/>
  </testcase> <!-- @BeforeTest initiaLiseBrowser -->
  <testcase name="@BeforeTest initiaLiseBrowser" time="0.0" classname="com.mkyong.busongratis.TestFacturaCartaPorteGratis2">
    <skipped/>
  </testcase> <!-- @BeforeTest initiaLiseBrowser -->
  <testcase name="@BeforeTest initiaLiseBrowser" time="0.0" classname="com.mkyong.busongratis.TestFacturaCartaPorteGratisComImpuesto">
    <skipped/>
  </testcase> <!-- @BeforeTest initiaLiseBrowser -->
  <testcase name="@BeforeTest initiaLiseBrowser" time="0.0" classname="com.mkyong.busongratis.TestFacturaCartaPorteGratisComImpuesto2">
    <skipped/>
  </testcase> <!-- @BeforeTest initiaLiseBrowser -->
  <testcase name="@BeforeTest initiaLiseBrowser" time="0.0" classname="com.mkyong.buson.jes.TestFacturaCartaPorteJes">
    <skipped/>
  </testcase> <!-- @BeforeTest initiaLiseBrowser -->
  <testcase name="@BeforeTest initiaLiseBrowser" time="0.0" classname="com.mkyong.buson.jes.detail.TestFacturaCartaPorteJesDetail">
    <skipped/>
  </testcase> <!-- @BeforeTest initiaLiseBrowser -->
  <testcase name="@BeforeTest initiaLiseBrowser" time="0.0" classname="com.mkyong.busonfiscal.TestFacturaDetallista">
    <skipped/>
  </testcase> <!-- @BeforeTest initiaLiseBrowser -->
  <testcase name="@BeforeTest initiaLiseBrowser" time="0.0" classname="com.mkyong.busonfiscal.detail.TestFacturaDetallistaDetallista">
    <skipped/>
  </testcase> <!-- @BeforeTest initiaLiseBrowser -->
  <testcase name="@BeforeTest initiaLiseBrowser" time="0.0" classname="com.mkyong.buson.jes.TestFacturaDetallistaJes">
    <skipped/>
  </testcase> <!-- @BeforeTest initiaLiseBrowser -->
  <testcase name="@BeforeTest initiaLiseBrowser" time="0.0" classname="com.mkyong.buson.jes.detail.TestFacturaDetallistaJesDetail">
    <skipped/>
  </testcase> <!-- @BeforeTest initiaLiseBrowser -->
  <testcase name="@BeforeTest initiaLiseBrowser" time="0.0" classname="com.mkyong.busonfiscal.TestFacturaPago">
    <skipped/>
  </testcase> <!-- @BeforeTest initiaLiseBrowser -->
  <testcase name="@BeforeTest initiaLiseBrowser" time="0.0" classname="com.mkyong.busonfiscal.detail.TestFacturaPagoDetail">
    <skipped/>
  </testcase> <!-- @BeforeTest initiaLiseBrowser -->
  <testcase name="@BeforeTest initiaLiseBrowser" time="0.0" classname="com.mkyong.busongratis.TestFacturaPagoGratis">
    <skipped/>
  </testcase> <!-- @BeforeTest initiaLiseBrowser -->
  <testcase name="@BeforeTest initiaLiseBrowser" time="0.0" classname="com.mkyong.busongratis.TestFacturaPagoGratis2">
    <skipped/>
  </testcase> <!-- @BeforeTest initiaLiseBrowser -->
  <testcase name="@BeforeTest initiaLiseBrowser" time="0.0" classname="com.mkyong.busongratis.TestFacturaPagoGratisDetail">
    <skipped/>
  </testcase> <!-- @BeforeTest initiaLiseBrowser -->
  <testcase name="@BeforeTest initiaLiseBrowser" time="0.0" classname="com.mkyong.busongratis.TestFacturaPagoGratisDetail2">
    <skipped/>
  </testcase> <!-- @BeforeTest initiaLiseBrowser -->
  <testcase name="@BeforeTest initiaLiseBrowser" time="0.0" classname="com.mkyong.buson.jes.TestFacturaPagoJes">
    <skipped/>
  </testcase> <!-- @BeforeTest initiaLiseBrowser -->
  <testcase name="@BeforeTest initiaLiseBrowser" time="0.0" classname="com.mkyong.buson.jes.detail.TestFacturaPagoJesDetail">
    <skipped/>
  </testcase> <!-- @BeforeTest initiaLiseBrowser -->
  <testcase name="@BeforeTest initiaLiseBrowser" time="0.0" classname="com.mkyong.busonfiscal.TestFacturaSimpleComprobanteBorrador">
    <skipped/>
  </testcase> <!-- @BeforeTest initiaLiseBrowser -->
  <testcase name="@BeforeTest EmiteFactura" time="0.0" classname="com.mkyong.hashing.TestFolio">
    <skipped/>
  </testcase> <!-- @BeforeTest EmiteFactura -->
  <testcase name="@BeforeTest initiaLiseBrowser" time="0.0" classname="com.mkyong.busonfiscal.TestINE">
    <skipped/>
  </testcase> <!-- @BeforeTest initiaLiseBrowser -->
  <testcase name="@BeforeTest initiaLiseBrowser" time="0.0" classname="com.mkyong.busonfiscal.detail.TestINEDetail">
    <skipped/>
  </testcase> <!-- @BeforeTest initiaLiseBrowser -->
  <testcase name="@BeforeTest initiaLiseBrowser" time="0.0" classname="com.mkyong.buson.jes.TestINEJes">
    <skipped/>
  </testcase> <!-- @BeforeTest initiaLiseBrowser -->
  <testcase name="@BeforeTest initiaLiseBrowser" time="0.0" classname="com.mkyong.buson.jes.detail.TestINEJesDetail">
    <skipped/>
  </testcase> <!-- @BeforeTest initiaLiseBrowser -->
  <testcase name="@BeforeTest initiaLiseBrowser" time="0.0" classname="com.mkyong.busonfiscal.TestImpuestosLocales">
    <skipped/>
  </testcase> <!-- @BeforeTest initiaLiseBrowser -->
  <testcase name="@BeforeTest initiaLiseBrowser" time="0.0" classname="com.mkyong.busonfiscal.detail.TestImpuestosLocalesDetail">
    <skipped/>
  </testcase> <!-- @BeforeTest initiaLiseBrowser -->
  <testcase name="@BeforeTest initiaLiseBrowser" time="0.0" classname="com.mkyong.busonfiscal.detail.TestImpuestosLocalesDetailIEPS">
    <skipped/>
  </testcase> <!-- @BeforeTest initiaLiseBrowser -->
  <testcase name="@BeforeTest initiaLiseBrowser" time="0.0" classname="com.mkyong.buson.jes.TestImpuestosLocalesJes">
    <skipped/>
  </testcase> <!-- @BeforeTest initiaLiseBrowser -->
  <testcase name="@BeforeTest initiaLiseBrowser" time="0.0" classname="com.mkyong.buson.jes.detail.TestImpuestosLocalesJesDetail">
    <skipped/>
  </testcase> <!-- @BeforeTest initiaLiseBrowser -->
  <testcase name="@BeforeTest initiaLiseBrowser" time="0.0" classname="com.mkyong.busonfiscal.TestInstituicionesEducativas">
    <skipped/>
  </testcase> <!-- @BeforeTest initiaLiseBrowser -->
  <testcase name="@BeforeTest initiaLiseBrowser" time="0.0" classname="com.mkyong.busonfiscal.detail.TestInstituicionesEducativasDetail">
    <skipped/>
  </testcase> <!-- @BeforeTest initiaLiseBrowser -->
  <testcase name="@BeforeTest initiaLiseBrowser" time="0.0" classname="com.mkyong.buson.jes.TestInstituicionesEducativasJes">
    <skipped/>
  </testcase> <!-- @BeforeTest initiaLiseBrowser -->
  <testcase name="@BeforeTest initiaLiseBrowser" time="0.0" classname="com.mkyong.buson.jes.detail.TestInstituicionesEducativasJesDetail">
    <skipped/>
  </testcase> <!-- @BeforeTest initiaLiseBrowser -->
  <testcase name="@BeforeTest initiaLiseBrowser" time="0.0" classname="com.mkyong.busonfiscal.TestLeyendasFiscales">
    <skipped/>
  </testcase> <!-- @BeforeTest initiaLiseBrowser -->
  <testcase name="@BeforeTest initiaLiseBrowser" time="0.0" classname="com.mkyong.busonfiscal.detail.TestLeyendasFiscalesDetail">
    <skipped/>
  </testcase> <!-- @BeforeTest initiaLiseBrowser -->
  <testcase name="@BeforeTest initiaLiseBrowser" time="0.0" classname="com.mkyong.buson.jes.TestLeyendasFiscalesJes">
    <skipped/>
  </testcase> <!-- @BeforeTest initiaLiseBrowser -->
  <testcase name="@BeforeTest initiaLiseBrowser" time="0.0" classname="com.mkyong.buson.jes.detail.TestLeyendasFiscalesJesDetail">
    <skipped/>
  </testcase> <!-- @BeforeTest initiaLiseBrowser -->
  <testcase name="@BeforeTest initiaLiseBrowser" time="0.0" classname="com.mkyong.busonfiscal.TestNotaDeCredito">
    <skipped/>
  </testcase> <!-- @BeforeTest initiaLiseBrowser -->
  <testcase name="@BeforeTest initiaLiseBrowser" time="0.0" classname="com.mkyong.busonfiscal.TestNotaDeCreditoBorrador">
    <skipped/>
  </testcase> <!-- @BeforeTest initiaLiseBrowser -->
  <testcase name="@BeforeTest initiaLiseBrowser" time="0.0" classname="com.mkyong.busonfiscal.detail.TestNotaDeCreditoDetail">
    <skipped/>
  </testcase> <!-- @BeforeTest initiaLiseBrowser -->
  <testcase name="@BeforeTest initiaLiseBrowser" time="0.0" classname="com.mkyong.busongratis.TestNotaDeCreditoGratis">
    <skipped/>
  </testcase> <!-- @BeforeTest initiaLiseBrowser -->
  <testcase name="@BeforeTest initiaLiseBrowser" time="0.0" classname="com.mkyong.busongratis.TestNotaDeCreditoGratis2">
    <skipped/>
  </testcase> <!-- @BeforeTest initiaLiseBrowser -->
  <testcase name="@BeforeTest initiaLiseBrowser" time="0.0" classname="com.mkyong.busongratis.TestNotaDeCreditoGratisDetail">
    <skipped/>
  </testcase> <!-- @BeforeTest initiaLiseBrowser -->
  <testcase name="@BeforeTest initiaLiseBrowser" time="0.0" classname="com.mkyong.busongratis.TestNotaDeCreditoGratisDetail2">
    <skipped/>
  </testcase> <!-- @BeforeTest initiaLiseBrowser -->
  <testcase name="@BeforeTest initiaLiseBrowser" time="0.0" classname="com.mkyong.buson.jes.TestNotaDeCreditoJes">
    <skipped/>
  </testcase> <!-- @BeforeTest initiaLiseBrowser -->
  <testcase name="@BeforeTest initiaLiseBrowser" time="0.0" classname="com.mkyong.buson.jes.detail.TestNotaDeCreditoJesDetail">
    <skipped/>
  </testcase> <!-- @BeforeTest initiaLiseBrowser -->
  <testcase name="@BeforeTest initiaLiseBrowser" time="0.0" classname="com.mkyong.busonfiscal.TestNotariosPublicos">
    <skipped/>
  </testcase> <!-- @BeforeTest initiaLiseBrowser -->
  <testcase name="@BeforeTest initiaLiseBrowser" time="0.0" classname="com.mkyong.busonfiscal.detail.TestNotariosPublicosDetail">
    <skipped/>
  </testcase> <!-- @BeforeTest initiaLiseBrowser -->
  <testcase name="@BeforeTest initiaLiseBrowser" time="0.0" classname="com.mkyong.busonfiscal.detail.TestNotariosPublicosDetailIEPS">
    <skipped/>
  </testcase> <!-- @BeforeTest initiaLiseBrowser -->
  <testcase name="@BeforeTest initiaLiseBrowser" time="0.0" classname="com.mkyong.buson.jes.TestNotariosPublicosJes">
    <skipped/>
  </testcase> <!-- @BeforeTest initiaLiseBrowser -->
  <testcase name="@BeforeTest initiaLiseBrowser" time="0.0" classname="com.mkyong.buson.jes.detail.TestNotariosPublicosJesDetail">
    <skipped/>
  </testcase> <!-- @BeforeTest initiaLiseBrowser -->
  <testcase name="@BeforeTest initiaLiseBrowser" time="0.0" classname="com.mkyong.busonfiscal.TestObrasDeArteYAtenguedad">
    <skipped/>
  </testcase> <!-- @BeforeTest initiaLiseBrowser -->
  <testcase name="@BeforeTest initiaLiseBrowser" time="0.0" classname="com.mkyong.busonfiscal.detail.TestObrasDeArteYAtenguedadDetail">
    <skipped/>
  </testcase> <!-- @BeforeTest initiaLiseBrowser -->
  <testcase name="@BeforeTest initiaLiseBrowser" time="0.0" classname="com.mkyong.buson.jes.TestObrasDeArteYAtenguedadJes">
    <skipped/>
  </testcase> <!-- @BeforeTest initiaLiseBrowser -->
  <testcase name="@BeforeTest initiaLiseBrowser" time="0.0" classname="com.mkyong.buson.jes.detail.TestObrasDeArteYAtenguedadJesDetail">
    <skipped/>
  </testcase> <!-- @BeforeTest initiaLiseBrowser -->
  <testcase name="@BeforeTest initiaLiseBrowser" time="0.0" classname="com.mkyong.busonfiscal.TestPagoEnEspecies">
    <skipped/>
  </testcase> <!-- @BeforeTest initiaLiseBrowser -->
  <testcase name="@BeforeTest initiaLiseBrowser" time="0.0" classname="com.mkyong.busonfiscal.detail.TestPagoEnEspeciesDetail">
    <skipped/>
  </testcase> <!-- @BeforeTest initiaLiseBrowser -->
  <testcase name="@BeforeTest initiaLiseBrowser" time="0.0" classname="com.mkyong.buson.jes.TestPagoEnEspeciesJes">
    <skipped/>
  </testcase> <!-- @BeforeTest initiaLiseBrowser -->
  <testcase name="@BeforeTest initiaLiseBrowser" time="0.0" classname="com.mkyong.buson.jes.detail.TestPagoEnEspeciesJesDetail">
    <skipped/>
  </testcase> <!-- @BeforeTest initiaLiseBrowser -->
  <testcase name="@BeforeTest initiaLiseBrowser" time="0.0" classname="com.mkyong.busonfiscal.TestPassword">
    <skipped/>
  </testcase> <!-- @BeforeTest initiaLiseBrowser -->
  <testcase name="@BeforeTest initiaLiseBrowser" time="0.0" classname="com.mkyong.busonfiscal.TestPersonasFisicasIntegranteDeCoordinacion">
    <skipped/>
  </testcase> <!-- @BeforeTest initiaLiseBrowser -->
  <testcase name="@BeforeTest initiaLiseBrowser" time="0.0" classname="com.mkyong.busonfiscal.detail.TestPersonasFisicasIntegranteDeCoordinacionDetail">
    <skipped/>
  </testcase> <!-- @BeforeTest initiaLiseBrowser -->
  <testcase name="@BeforeTest initiaLiseBrowser" time="0.0" classname="com.mkyong.buson.jes.TestPersonasFisicasIntegranteDeCoordinacionJes">
    <skipped/>
  </testcase> <!-- @BeforeTest initiaLiseBrowser -->
  <testcase name="@BeforeTest initiaLiseBrowser" time="0.0" classname="com.mkyong.buson.jes.detail.TestPersonasFisicasIntegranteDeCoordinacionJesDetail">
    <skipped/>
  </testcase> <!-- @BeforeTest initiaLiseBrowser -->
  <testcase name="@BeforeTest EmiteFactura" time="0.0" classname="com.mkyong.hashing.TestProducto">
    <skipped/>
  </testcase> <!-- @BeforeTest EmiteFactura -->
  <testcase name="@BeforeTest initiaLiseBrowser" time="0.0" classname="com.mkyong.busonfiscal.TestReportesEmitidos1">
    <skipped/>
  </testcase> <!-- @BeforeTest initiaLiseBrowser -->
  <testcase name="@BeforeTest initiaLiseBrowser" time="0.0" classname="com.mkyong.busonfiscal.TestReportesEmitidos2">
    <skipped/>
  </testcase> <!-- @BeforeTest initiaLiseBrowser -->
  <testcase name="@BeforeTest initiaLiseBrowser" time="0.0" classname="com.mkyong.busonfiscal.TestReportesEmitidos3">
    <skipped/>
  </testcase> <!-- @BeforeTest initiaLiseBrowser -->
  <testcase name="@BeforeTest initiaLiseBrowser" time="0.0" classname="com.mkyong.busonfiscal.TestReportesEmitidos4">
    <skipped/>
  </testcase> <!-- @BeforeTest initiaLiseBrowser -->
  <testcase name="@BeforeTest initiaLiseBrowser" time="0.0" classname="com.mkyong.busonfiscal.TestReportesEmitidos5">
    <skipped/>
  </testcase> <!-- @BeforeTest initiaLiseBrowser -->
  <testcase name="@BeforeTest initiaLiseBrowser" time="0.0" classname="com.mkyong.busonfiscal.TestReportesEmitidosCancelacion">
    <skipped/>
  </testcase> <!-- @BeforeTest initiaLiseBrowser -->
  <testcase name="@BeforeTest initiaLiseBrowser" time="0.0" classname="com.mkyong.busonfiscal.TestReportesEmitidosDuplicarComplComercioExterior">
    <skipped/>
  </testcase> <!-- @BeforeTest initiaLiseBrowser -->
  <testcase name="@BeforeTest initiaLiseBrowser" time="0.0" classname="com.mkyong.busonfiscal.TestReportesEmitidosDuplicarComplComercioExteriorTranslado">
    <skipped/>
  </testcase> <!-- @BeforeTest initiaLiseBrowser -->
  <testcase name="@BeforeTest initiaLiseBrowser" time="0.0" classname="com.mkyong.busonfiscal.TestReportesEmitidosDuplicarComplInstituicionesEducativas">
    <skipped/>
  </testcase> <!-- @BeforeTest initiaLiseBrowser -->
  <testcase name="@BeforeTest initiaLiseBrowser" time="0.0" classname="com.mkyong.busonfiscal.TestReportesEmitidosDuplicarComplLeyendasFiscales">
    <skipped/>
  </testcase> <!-- @BeforeTest initiaLiseBrowser -->
  <testcase name="@BeforeTest initiaLiseBrowser" time="0.0" classname="com.mkyong.busonfiscal.TestReportesEmitidosDuplicarComplNotariosPublicos">
    <skipped/>
  </testcase> <!-- @BeforeTest initiaLiseBrowser -->
  <testcase name="@BeforeTest initiaLiseBrowser" time="0.0" classname="com.mkyong.busonfiscal.TestReportesEmitidosDuplicarComplPaEnEspecies">
    <skipped/>
  </testcase> <!-- @BeforeTest initiaLiseBrowser -->
  <testcase name="@BeforeTest initiaLiseBrowser" time="0.0" classname="com.mkyong.busonfiscal.TestReportesEmitidosDuplicarComplPersonasFisicas">
    <skipped/>
  </testcase> <!-- @BeforeTest initiaLiseBrowser -->
  <testcase name="@BeforeTest initiaLiseBrowser" time="0.0" classname="com.mkyong.busonfiscal.TestReportesEmitidosDuplicarComplServiciosParcealesDeConstruccion">
    <skipped/>
  </testcase> <!-- @BeforeTest initiaLiseBrowser -->
  <testcase name="@BeforeTest initiaLiseBrowser" time="0.0" classname="com.mkyong.busonfiscal.TestReportesEmitidosDuplicarComplTuristaPasajeroExtr">
    <skipped/>
  </testcase> <!-- @BeforeTest initiaLiseBrowser -->
  <testcase name="@BeforeTest initiaLiseBrowser" time="0.0" classname="com.mkyong.busonfiscal.TestReportesEmitidosDuplicarComprobante">
    <skipped/>
  </testcase> <!-- @BeforeTest initiaLiseBrowser -->
  <testcase name="@BeforeTest initiaLiseBrowser" time="0.0" classname="com.mkyong.busonfiscal.TestReportesEmitidosDuplicarComprobanteCartaPorte">
    <skipped/>
  </testcase> <!-- @BeforeTest initiaLiseBrowser -->
  <testcase name="@BeforeTest initiaLiseBrowser" time="0.0" classname="com.mkyong.busonfiscal.TestReportesEmitidosDuplicarComprobanteComplementoDePagos">
    <skipped/>
  </testcase> <!-- @BeforeTest initiaLiseBrowser -->
  <testcase name="@BeforeTest initiaLiseBrowser" time="0.0" classname="com.mkyong.busonfiscal.TestReportesEmitidosDuplicarComprobanteDetallista">
    <skipped/>
  </testcase> <!-- @BeforeTest initiaLiseBrowser -->
  <testcase name="@BeforeTest initiaLiseBrowser" time="0.0" classname="com.mkyong.busonfiscal.TestReportesEmitidosDuplicarComprobanteINE">
    <skipped/>
  </testcase> <!-- @BeforeTest initiaLiseBrowser -->
  <testcase name="@BeforeTest initiaLiseBrowser" time="0.0" classname="com.mkyong.busonfiscal.TestReportesEmitidosDuplicarComprobanteImpuestosLocales">
    <skipped/>
  </testcase> <!-- @BeforeTest initiaLiseBrowser -->
  <testcase name="@BeforeTest initiaLiseBrowser" time="0.0" classname="com.mkyong.busonfiscal.TestReportesEmitidosDuplicarComprobanteNotaDeCredito">
    <skipped/>
  </testcase> <!-- @BeforeTest initiaLiseBrowser -->
  <testcase name="@BeforeTest initiaLiseBrowser" time="0.0" classname="com.mkyong.busonfiscal.TestReportesEmitidosDuplicarComprobanteVentaDeVehiculo">
    <skipped/>
  </testcase> <!-- @BeforeTest initiaLiseBrowser -->
  <testcase name="@BeforeTest initiaLiseBrowser" time="0.0" classname="com.mkyong.busonfiscal.TestReportesEmitidosDuplicarDonatarios">
    <skipped/>
  </testcase> <!-- @BeforeTest initiaLiseBrowser -->
  <testcase name="@BeforeTest initiaLiseBrowser" time="0.0" classname="com.mkyong.busongratis.TestReportesEmitidosgratuito1">
    <skipped/>
  </testcase> <!-- @BeforeTest initiaLiseBrowser -->
  <testcase name="@BeforeTest initiaLiseBrowser" time="0.0" classname="com.mkyong.busongratis.TestReportesEmitidosgratuito2">
    <skipped/>
  </testcase> <!-- @BeforeTest initiaLiseBrowser -->
  <testcase name="@BeforeTest initiaLiseBrowser" time="0.0" classname="com.mkyong.busongratis.TestReportesEmitidosgratuito3">
    <skipped/>
  </testcase> <!-- @BeforeTest initiaLiseBrowser -->
  <testcase name="@BeforeTest initiaLiseBrowser" time="0.0" classname="com.mkyong.busonfiscal.TestServiciosParcealesDeContruccion">
    <skipped/>
  </testcase> <!-- @BeforeTest initiaLiseBrowser -->
  <testcase name="@BeforeTest initiaLiseBrowser" time="0.0" classname="com.mkyong.buson.jes.TestServiciosParcealesDeContruccionJes">
    <skipped/>
  </testcase> <!-- @BeforeTest initiaLiseBrowser -->
  <testcase name="@BeforeTest initiaLiseBrowser" time="0.0" classname="com.mkyong.buson.jes.detail.TestServiciosParcealesDeContruccionJesDetail">
    <skipped/>
  </testcase> <!-- @BeforeTest initiaLiseBrowser -->
  <testcase name="@BeforeTest initiaLiseBrowser" time="0.0" classname="com.mkyong.busonfiscal.detail.TestServiciosParcealesDeContrucciondDetail">
    <skipped/>
  </testcase> <!-- @BeforeTest initiaLiseBrowser -->
  <testcase name="@BeforeTest EmiteFactura" time="0.0" classname="com.mkyong.hashing.TestSucursal">
    <skipped/>
  </testcase> <!-- @BeforeTest EmiteFactura -->
  <testcase name="@BeforeTest initiaLiseBrowser" time="0.0" classname="com.mkyong.busonfiscal.TestTuristaPasajeroExtranjero">
    <skipped/>
  </testcase> <!-- @BeforeTest initiaLiseBrowser -->
  <testcase name="@BeforeTest initiaLiseBrowser" time="0.0" classname="com.mkyong.busonfiscal.detail.TestTuristaPasajeroExtranjeroDetail">
    <skipped/>
  </testcase> <!-- @BeforeTest initiaLiseBrowser -->
  <testcase name="@BeforeTest initiaLiseBrowser" time="0.0" classname="com.mkyong.buson.jes.TestTuristaPasajeroExtranjeroJes">
    <skipped/>
  </testcase> <!-- @BeforeTest initiaLiseBrowser -->
  <testcase name="@BeforeTest initiaLiseBrowser" time="0.0" classname="com.mkyong.buson.jes.detail.TestTuristaPasajeroExtranjeroJesDetail">
    <skipped/>
  </testcase> <!-- @BeforeTest initiaLiseBrowser -->
  <testcase name="@BeforeTest initiaLiseBrowser" time="0.0" classname="com.mkyong.busonfiscal.TestVehiculosUsados">
    <skipped/>
  </testcase> <!-- @BeforeTest initiaLiseBrowser -->
  <testcase name="@BeforeTest initiaLiseBrowser" time="0.0" classname="com.mkyong.busonfiscal.detail.TestVehiculosUsadosDetail">
    <skipped/>
  </testcase> <!-- @BeforeTest initiaLiseBrowser -->
  <testcase name="@BeforeTest initiaLiseBrowser" time="0.0" classname="com.mkyong.busonfiscal.detail.TestVehiculosUsadosDetail2">
    <skipped/>
  </testcase> <!-- @BeforeTest initiaLiseBrowser -->
  <testcase name="@BeforeTest initiaLiseBrowser" time="0.0" classname="com.mkyong.buson.jes.TestVehiculosUsadosJes">
    <skipped/>
  </testcase> <!-- @BeforeTest initiaLiseBrowser -->
  <testcase name="@BeforeTest initiaLiseBrowser" time="0.0" classname="com.mkyong.conector.jes.TestVehiculosUsadosJes">
    <skipped/>
  </testcase> <!-- @BeforeTest initiaLiseBrowser -->
  <testcase name="@BeforeTest initiaLiseBrowser" time="0.0" classname="com.mkyong.buson.jes.detail.TestVehiculosUsadosJesDetail">
    <skipped/>
  </testcase> <!-- @BeforeTest initiaLiseBrowser -->
  <testcase name="@BeforeTest initiaLiseBrowser" time="0.0" classname="com.mkyong.conector.jes.detail.TestVehiculosUsadosJesDetail">
    <skipped/>
  </testcase> <!-- @BeforeTest initiaLiseBrowser -->
  <testcase name="@BeforeTest initiaLiseBrowser" time="0.0" classname="com.mkyong.busonfiscal.TestVentaDeVehiculos">
    <skipped/>
  </testcase> <!-- @BeforeTest initiaLiseBrowser -->
  <testcase name="@BeforeTest initiaLiseBrowser" time="0.0" classname="com.mkyong.busonfiscal.detail.TestVentaDeVehiculosDetail">
    <skipped/>
  </testcase> <!-- @BeforeTest initiaLiseBrowser -->
  <testcase name="@BeforeTest initiaLiseBrowser" time="0.0" classname="com.mkyong.buson.jes.TestVentaDeVehiculosJes">
    <skipped/>
  </testcase> <!-- @BeforeTest initiaLiseBrowser -->
  <testcase name="@BeforeTest initiaLiseBrowser" time="0.0" classname="com.mkyong.conector.jes.TestVentaDeVehiculosJes">
    <skipped/>
  </testcase> <!-- @BeforeTest initiaLiseBrowser -->
  <testcase name="@BeforeTest initiaLiseBrowser" time="0.0" classname="com.mkyong.buson.jes.detail.TestVentaDeVehiculosJesDetail">
    <skipped/>
  </testcase> <!-- @BeforeTest initiaLiseBrowser -->
  <testcase name="@BeforeTest initiaLiseBrowser" time="0.0" classname="com.mkyong.conector.jes.detail.TestVentaDeVehiculosJesDetail">
    <skipped/>
  </testcase> <!-- @BeforeTest initiaLiseBrowser -->
  <testcase name="@BeforeTest initiaLiseBrowser" time="0.0" classname="com.mkyong.busonfiscal.detail.TuristaPasajeroExtranjeroDetailTest">
    <skipped/>
  </testcase> <!-- @BeforeTest initiaLiseBrowser -->
  <testcase name="@BeforeTest initiaLiseBrowser" time="0.0" classname="com.mkyong.buson.jes.detail.TuristaPasajeroExtranjeroJesDetailTest">
    <skipped/>
  </testcase> <!-- @BeforeTest initiaLiseBrowser -->
  <testcase name="@BeforeTest initiaLiseBrowser" time="0.0" classname="com.mkyong.conector.jes.detail.TuristaPasajeroExtranjeroJesDetailTest">
    <skipped/>
  </testcase> <!-- @BeforeTest initiaLiseBrowser -->
  <testcase name="@BeforeTest initiaLiseBrowser" time="0.0" classname="com.mkyong.buson.jes.TuristaPasajeroExtranjeroJesTest">
    <skipped/>
  </testcase> <!-- @BeforeTest initiaLiseBrowser -->
  <testcase name="@BeforeTest initiaLiseBrowser" time="0.0" classname="com.mkyong.conector.jes.TuristaPasajeroExtranjeroJesTest">
    <skipped/>
  </testcase> <!-- @BeforeTest initiaLiseBrowser -->
  <testcase name="@BeforeTest initiaLiseBrowser" time="0.0" classname="com.mkyong.busonfiscal.TuristaPasajeroExtranjeroTest">
    <skipped/>
  </testcase> <!-- @BeforeTest initiaLiseBrowser -->
  <testcase name="@BeforeTest initiaLiseBrowser" time="0.0" classname="com.mkyong.busonfiscal.detail.VehiculosUsadosDetailTest">
    <skipped/>
  </testcase> <!-- @BeforeTest initiaLiseBrowser -->
  <testcase name="@BeforeTest initiaLiseBrowser" time="0.0" classname="com.mkyong.buson.jes.detail.VehiculosUsadosJesDetailTest">
    <skipped/>
  </testcase> <!-- @BeforeTest initiaLiseBrowser -->
  <testcase name="@BeforeTest initiaLiseBrowser" time="0.0" classname="com.mkyong.buson.jes.VehiculosUsadosJesTest">
    <skipped/>
  </testcase> <!-- @BeforeTest initiaLiseBrowser -->
  <testcase name="@BeforeTest initiaLiseBrowser" time="0.0" classname="com.mkyong.busonfiscal.VehiculosUsadosTest">
    <skipped/>
  </testcase> <!-- @BeforeTest initiaLiseBrowser -->
  <testcase name="@BeforeTest initiaLiseBrowser" time="0.0" classname="com.mkyong.busonfiscal.detail.VentaDeVehiculosDetailTest">
    <skipped/>
  </testcase> <!-- @BeforeTest initiaLiseBrowser -->
  <testcase name="@BeforeTest initiaLiseBrowser" time="0.0" classname="com.mkyong.buson.jes.detail.VentaDeVehiculosJesDetailTest">
    <skipped/>
  </testcase> <!-- @BeforeTest initiaLiseBrowser -->
  <testcase name="@BeforeTest initiaLiseBrowser" time="0.0" classname="com.mkyong.buson.jes.VentaDeVehiculosJesTest">
    <skipped/>
  </testcase> <!-- @BeforeTest initiaLiseBrowser -->
  <testcase name="@BeforeTest initiaLiseBrowser" time="0.0" classname="com.mkyong.busonfiscal.VentaDeVehiculosTest">
    <skipped/>
  </testcase> <!-- @BeforeTest initiaLiseBrowser -->
  <testcase name="@AfterClass closeBrowser" time="0.0" classname="com.mkyong.hashing.TestFolio">
    <skipped/>
  </testcase> <!-- @AfterClass closeBrowser -->
  <testcase name="@AfterTest closeBrowser" time="0.0" classname="com.mkyong.boveda.BovedaTest">
    <skipped/>
  </testcase> <!-- @AfterTest closeBrowser -->
  <testcase name="@AfterTest closeBrowser" time="0.0" classname="com.mkyong.busonfiscal.detail.CartaPorteComercioExteriorDetailTest">
    <skipped/>
  </testcase> <!-- @AfterTest closeBrowser -->
  <testcase name="@AfterTest closeBrowser" time="0.0" classname="com.mkyong.buson.jes.detail.CartaPorteComercioExteriorJesDetailTest">
    <skipped/>
  </testcase> <!-- @AfterTest closeBrowser -->
  <testcase name="@AfterTest closeBrowser" time="0.0" classname="com.mkyong.conector.jes.detail.CartaPorteComercioExteriorJesDetailTest">
    <skipped/>
  </testcase> <!-- @AfterTest closeBrowser -->
  <testcase name="@AfterTest closeBrowser" time="0.0" classname="com.mkyong.busonfiscal.ClientProductoTest">
    <skipped/>
  </testcase> <!-- @AfterTest closeBrowser -->
  <testcase name="@AfterTest closeBrowser" time="0.0" classname="com.mkyong.busonfiscal.detail.ComercioExteriorDetailTest">
    <skipped/>
  </testcase> <!-- @AfterTest closeBrowser -->
  <testcase name="@AfterTest closeBrowser" time="0.0" classname="com.mkyong.buson.jes.detail.ComercioExteriorJesDetailTest">
    <skipped/>
  </testcase> <!-- @AfterTest closeBrowser -->
  <testcase name="@AfterTest closeBrowser" time="0.0" classname="com.mkyong.conector.jes.detail.ComercioExteriorJesDetailTest">
    <skipped/>
  </testcase> <!-- @AfterTest closeBrowser -->
  <testcase name="@AfterTest closeBrowser" time="0.0" classname="com.mkyong.buson.jes.ComercioExteriorJesTest">
    <skipped/>
  </testcase> <!-- @AfterTest closeBrowser -->
  <testcase name="@AfterTest closeBrowser" time="0.0" classname="com.mkyong.conector.jes.ComercioExteriorJesTest">
    <skipped/>
  </testcase> <!-- @AfterTest closeBrowser -->
  <testcase name="@AfterTest closeBrowser" time="0.0" classname="com.mkyong.busonfiscal.ComercioExteriorTest">
    <skipped/>
  </testcase> <!-- @AfterTest closeBrowser -->
  <testcase name="@AfterTest closeBrowser" time="0.0" classname="com.mkyong.conciliacion.ConciliacionTest">
    <skipped/>
  </testcase> <!-- @AfterTest closeBrowser -->
  <testcase name="@AfterTest closeBrowser" time="0.0" classname="com.mkyong.conciliacion.conector.ConciliacionTest">
    <skipped/>
  </testcase> <!-- @AfterTest closeBrowser -->
  <testcase name="@AfterTest closeBrowser" time="0.0" classname="com.mkyong.busonfiscal.detail.DonativosDetailTest">
    <skipped/>
  </testcase> <!-- @AfterTest closeBrowser -->
  <testcase name="@AfterTest closeBrowser" time="0.0" classname="com.mkyong.buson.jes.detail.DonativosJesDetailTest">
    <skipped/>
  </testcase> <!-- @AfterTest closeBrowser -->
  <testcase name="@AfterTest closeBrowser" time="0.0" classname="com.mkyong.conector.jes.detail.DonativosJesDetailTest">
    <skipped/>
  </testcase> <!-- @AfterTest closeBrowser -->
  <testcase name="@AfterTest closeBrowser" time="0.0" classname="com.mkyong.buson.jes.DonativosJesTest">
    <skipped/>
  </testcase> <!-- @AfterTest closeBrowser -->
  <testcase name="@AfterTest closeBrowser" time="0.0" classname="com.mkyong.conector.jes.DonativosJesTest">
    <skipped/>
  </testcase> <!-- @AfterTest closeBrowser -->
  <testcase name="@AfterTest closeBrowser" time="0.0" classname="com.mkyong.busonfiscal.DonativosTest">
    <skipped/>
  </testcase> <!-- @AfterTest closeBrowser -->
  <testcase name="@AfterTest closeBrowser" time="0.0" classname="com.mkyong.busonfiscal.EmailAndPasswordTest">
    <skipped/>
  </testcase> <!-- @AfterTest closeBrowser -->
  <testcase name="@AfterTest closeBrowser" time="0.0" classname="com.mkyong.busonfiscal.EmailPasswordCorrectTest">
    <skipped/>
  </testcase> <!-- @AfterTest closeBrowser -->
  <testcase name="@AfterTest closeBrowser" time="0.0" classname="com.mkyong.busonfiscal.EmailTest">
    <skipped/>
  </testcase> <!-- @AfterTest closeBrowser -->
  <testcase name="@AfterTest closeBrowser" time="0.0" classname="com.mkyong.busonfiscal.FacturaAdendaMultiAssistenciaBorradorTest">
    <skipped/>
  </testcase> <!-- @AfterTest closeBrowser -->
  <testcase name="@AfterTest closeBrowser" time="0.0" classname="com.mkyong.busonfiscal.detail.FacturaAdendaMultiAssistenciaDetailTest">
    <skipped/>
  </testcase> <!-- @AfterTest closeBrowser -->
  <testcase name="@AfterTest closeBrowser" time="0.0" classname="com.mkyong.buson.jes.detail.FacturaAdendaMultiAssistenciaJesDetailTest">
    <skipped/>
  </testcase> <!-- @AfterTest closeBrowser -->
  <testcase name="@AfterTest closeBrowser" time="0.0" classname="com.mkyong.conector.jes.detail.FacturaAdendaMultiAssistenciaJesDetailTest">
    <skipped/>
  </testcase> <!-- @AfterTest closeBrowser -->
  <testcase name="@AfterTest closeBrowser" time="0.0" classname="com.mkyong.busonfiscal.FacturaAdendaMultiAssistenciaTest">
    <skipped/>
  </testcase> <!-- @AfterTest closeBrowser -->
  <testcase name="@AfterTest closeBrowser" time="0.0" classname="com.mkyong.busonfiscal.FacturaBasicaCodigTest">
    <skipped/>
  </testcase> <!-- @AfterTest closeBrowser -->
  <testcase name="@AfterTest closeBrowser" time="0.0" classname="com.mkyong.busonfiscal.detail.FacturaBasicaDetailTest">
    <skipped/>
  </testcase> <!-- @AfterTest closeBrowser -->
  <testcase name="@AfterTest closeBrowser" time="0.0" classname="com.mkyong.busongratis.FacturaBasicaGratisDetailTest">
    <skipped/>
  </testcase> <!-- @AfterTest closeBrowser -->
  <testcase name="@AfterTest closeBrowser" time="0.0" classname="com.mkyong.busongratis.FacturaBasicaGratisTest">
    <skipped/>
  </testcase> <!-- @AfterTest closeBrowser -->
  <testcase name="@AfterTest closeBrowser" time="0.0" classname="com.mkyong.buson.jes.detail.FacturaBasicaJesDetailTest">
    <skipped/>
  </testcase> <!-- @AfterTest closeBrowser -->
  <testcase name="@AfterTest closeBrowser" time="0.0" classname="com.mkyong.conector.jes.detail.FacturaBasicaJesDetailTest">
    <skipped/>
  </testcase> <!-- @AfterTest closeBrowser -->
  <testcase name="@AfterTest closeBrowser" time="0.0" classname="com.mkyong.buson.jes.FacturaBasicaJesTest">
    <skipped/>
  </testcase> <!-- @AfterTest closeBrowser -->
  <testcase name="@AfterTest closeBrowser" time="0.0" classname="com.mkyong.conector.jes.FacturaBasicaJesTest">
    <skipped/>
  </testcase> <!-- @AfterTest closeBrowser -->
  <testcase name="@AfterTest closeBrowser" time="0.0" classname="com.mkyong.busonfiscal.FacturaBasicaTest">
    <skipped/>
  </testcase> <!-- @AfterTest closeBrowser -->
  <testcase name="@AfterTest closeBrowser" time="0.0" classname="com.mkyong.busonfiscal.detail.FacturaCartaPorteDetailTest">
    <skipped/>
  </testcase> <!-- @AfterTest closeBrowser -->
  <testcase name="@AfterTest closeBrowser" time="0.0" classname="com.mkyong.busongratis.FacturaCartaPorteGratisComImpuestoTest">
    <skipped/>
  </testcase> <!-- @AfterTest closeBrowser -->
  <testcase name="@AfterTest closeBrowser" time="0.0" classname="com.mkyong.busongratis.FacturaCartaPorteGratisTest">
    <skipped/>
  </testcase> <!-- @AfterTest closeBrowser -->
  <testcase name="@AfterTest closeBrowser" time="0.0" classname="com.mkyong.buson.jes.detail.FacturaCartaPorteJesDetailTest">
    <skipped/>
  </testcase> <!-- @AfterTest closeBrowser -->
  <testcase name="@AfterTest closeBrowser" time="0.0" classname="com.mkyong.conector.jes.detail.FacturaCartaPorteJesDetailTest">
    <skipped/>
  </testcase> <!-- @AfterTest closeBrowser -->
  <testcase name="@AfterTest closeBrowser" time="0.0" classname="com.mkyong.buson.jes.FacturaCartaPorteJesTest">
    <skipped/>
  </testcase> <!-- @AfterTest closeBrowser -->
  <testcase name="@AfterTest closeBrowser" time="0.0" classname="com.mkyong.conector.jes.FacturaCartaPorteJesTest">
    <skipped/>
  </testcase> <!-- @AfterTest closeBrowser -->
  <testcase name="@AfterTest closeBrowser" time="0.0" classname="com.mkyong.busonfiscal.FacturaCartaPorteTest">
    <skipped/>
  </testcase> <!-- @AfterTest closeBrowser -->
  <testcase name="@AfterTest closeBrowser" time="0.0" classname="com.mkyong.busonfiscal.detail.FacturaDetallistaDetallistaTest">
    <skipped/>
  </testcase> <!-- @AfterTest closeBrowser -->
  <testcase name="@AfterTest closeBrowser" time="0.0" classname="com.mkyong.buson.jes.detail.FacturaDetallistaJesDetailTest">
    <skipped/>
  </testcase> <!-- @AfterTest closeBrowser -->
  <testcase name="@AfterTest closeBrowser" time="0.0" classname="com.mkyong.conector.jes.detail.FacturaDetallistaJesDetailTest">
    <skipped/>
  </testcase> <!-- @AfterTest closeBrowser -->
  <testcase name="@AfterTest closeBrowser" time="0.0" classname="com.mkyong.buson.jes.FacturaDetallistaJesTest">
    <skipped/>
  </testcase> <!-- @AfterTest closeBrowser -->
  <testcase name="@AfterTest closeBrowser" time="0.0" classname="com.mkyong.conector.jes.FacturaDetallistaJesTest">
    <skipped/>
  </testcase> <!-- @AfterTest closeBrowser -->
  <testcase name="@AfterTest closeBrowser" time="0.0" classname="com.mkyong.busonfiscal.FacturaDetallistaTest">
    <skipped/>
  </testcase> <!-- @AfterTest closeBrowser -->
  <testcase name="@AfterTest closeBrowser" time="0.0" classname="com.mkyong.busonfiscal.detail.FacturaPagoDetailTest">
    <skipped/>
  </testcase> <!-- @AfterTest closeBrowser -->
  <testcase name="@AfterTest closeBrowser" time="0.0" classname="com.mkyong.busongratis.FacturaPagoGratisDetailTest">
    <skipped/>
  </testcase> <!-- @AfterTest closeBrowser -->
  <testcase name="@AfterTest closeBrowser" time="0.0" classname="com.mkyong.busongratis.FacturaPagoGratisTest">
    <skipped/>
  </testcase> <!-- @AfterTest closeBrowser -->
  <testcase name="@AfterTest closeBrowser" time="0.0" classname="com.mkyong.buson.jes.detail.FacturaPagoJesDetailTest">
    <skipped/>
  </testcase> <!-- @AfterTest closeBrowser -->
  <testcase name="@AfterTest closeBrowser" time="0.0" classname="com.mkyong.conector.jes.detail.FacturaPagoJesDetailTest">
    <skipped/>
  </testcase> <!-- @AfterTest closeBrowser -->
  <testcase name="@AfterTest closeBrowser" time="0.0" classname="com.mkyong.buson.jes.FacturaPagoJesTest">
    <skipped/>
  </testcase> <!-- @AfterTest closeBrowser -->
  <testcase name="@AfterTest closeBrowser" time="0.0" classname="com.mkyong.conector.jes.FacturaPagoJesTest">
    <skipped/>
  </testcase> <!-- @AfterTest closeBrowser -->
  <testcase name="@AfterTest closeBrowser" time="0.0" classname="com.mkyong.busonfiscal.FacturaPagoTest">
    <skipped/>
  </testcase> <!-- @AfterTest closeBrowser -->
  <testcase name="@AfterTest closeBrowser" time="0.0" classname="com.mkyong.busonfiscal.FacturaSimpleComprobanteBorradorTest">
    <skipped/>
  </testcase> <!-- @AfterTest closeBrowser -->
  <testcase name="@AfterTest closeBrowser" time="0.0" classname="com.mkyong.busonfiscal.HomePageBusonTest">
    <skipped/>
  </testcase> <!-- @AfterTest closeBrowser -->
  <testcase name="@AfterTest closeBrowser" time="0.0" classname="com.mkyong.busonfiscal.detail.INEDetailTest">
    <skipped/>
  </testcase> <!-- @AfterTest closeBrowser -->
  <testcase name="@AfterTest closeBrowser" time="0.0" classname="com.mkyong.buson.jes.detail.INEJesDetailTest">
    <skipped/>
  </testcase> <!-- @AfterTest closeBrowser -->
  <testcase name="@AfterTest closeBrowser" time="0.0" classname="com.mkyong.conector.jes.detail.INEJesDetailTest">
    <skipped/>
  </testcase> <!-- @AfterTest closeBrowser -->
  <testcase name="@AfterTest closeBrowser" time="0.0" classname="com.mkyong.buson.jes.INEJesTest">
    <skipped/>
  </testcase> <!-- @AfterTest closeBrowser -->
  <testcase name="@AfterTest closeBrowser" time="0.0" classname="com.mkyong.conector.jes.INEJesTest">
    <skipped/>
  </testcase> <!-- @AfterTest closeBrowser -->
  <testcase name="@AfterTest closeBrowser" time="0.0" classname="com.mkyong.busonfiscal.INETest">
    <skipped/>
[...]
  <testcase name="basePageNavigation" time="0.0" classname="com.mkyong.busonfiscal.TestFacturaDetallista">
    <skipped/>
  </testcase> <!-- basePageNavigation -->
  <testcase name="asignaturaClienteProducto" time="0.0" classname="com.mkyong.busonfiscal.ClientProductoTest">
    <skipped/>
  </testcase> <!-- asignaturaClienteProducto -->
  <testcase name="basePageNavigation" time="0.0" classname="com.mkyong.busonfiscal.TestBusquedaReportes23">
    <skipped/>
  </testcase> <!-- basePageNavigation -->
  <testcase name="basePageNavigation" time="0.0" classname="com.mkyong.busonfiscal.TestBusquedaReportes8">
    <skipped/>
  </testcase> <!-- basePageNavigation -->
  <testcase name="basePageNavigation" time="0.0" classname="com.mkyong.busonfiscal.TestBusquedaReportes21">
    <skipped/>
  </testcase> <!-- basePageNavigation -->
  <testcase name="duplicadoInstituicionesEducativas" time="0.0" classname="com.mkyong.busonfiscal.ReportesEmitidosDuplicarComplInstituicionesEducativasTest">
    <skipped/>
  </testcase> <!-- duplicadoInstituicionesEducativas -->
  <testcase name="basePageNavigation" time="0.0" classname="com.mkyong.busonfiscal.TestFacturaSimpleComprobanteBorrador">
    <skipped/>
  </testcase> <!-- basePageNavigation -->
  <testcase name="facturaPago" time="0.0" classname="com.mkyong.busonfiscal.FacturaPagoTest">
    <skipped/>
  </testcase> <!-- facturaPago -->
  <testcase name="basePageNavigation" time="0.0" classname="com.mkyong.busonfiscal.TestPersonasFisicasIntegranteDeCoordinacion">
    <skipped/>
  </testcase> <!-- basePageNavigation -->
  <testcase name="basePageNavigation" time="0.0" classname="com.mkyong.busonfiscal.TestReportesEmitidos3">
    <skipped/>
  </testcase> <!-- basePageNavigation -->
  <testcase name="adendaMultiassitenciaBorrador" time="0.0" classname="com.mkyong.busonfiscal.FacturaAdendaMultiAssistenciaBorradorTest">
    <skipped/>
  </testcase> <!-- adendaMultiassitenciaBorrador -->
  <testcase name="basePageNavigation" time="0.0" classname="com.mkyong.busonfiscal.TestReportesEmitidosCancelacion">
    <skipped/>
  </testcase> <!-- basePageNavigation -->
  <testcase name="basePageNavigation" time="0.0" classname="com.mkyong.busonfiscal.TestEmailAndPassword">
    <skipped/>
  </testcase> <!-- basePageNavigation -->
  <testcase name="basePageNavigation" time="0.0" classname="com.mkyong.busonfiscal.TestReportesEmitidosDuplicarComprobanteComplementoDePagos">
    <skipped/>
  </testcase> <!-- basePageNavigation -->
  <testcase name="basePageNavigation" time="0.0" classname="com.mkyong.busonfiscal.TestReportesEmitidosDuplicarComplServiciosParcealesDeConstruccion">
    <skipped/>
  </testcase> <!-- basePageNavigation -->
  <testcase name="basePageNavigation" time="0.0" classname="com.mkyong.busonfiscal.TestServiciosParcealesDeContruccion">
    <skipped/>
  </testcase> <!-- basePageNavigation -->
  <testcase name="basePageNavigation" time="0.0" classname="com.mkyong.busonfiscal.TestReportesEmitidosDuplicarComplComercioExteriorTranslado">
    <skipped/>
  </testcase> <!-- basePageNavigation -->
  <testcase name="basePageNavigation" time="0.0" classname="com.mkyong.busonfiscal.TestBusquedaReportes25">
    <skipped/>
  </testcase> <!-- basePageNavigation -->
  <testcase name="basePageNavigation" time="0.0" classname="com.mkyong.busonfiscal.TestBusquedaReportes18">
    <skipped/>
  </testcase> <!-- basePageNavigation -->
  <testcase name="basePageNavigation" time="0.0" classname="com.mkyong.busonfiscal.TestFacturaBasica">
    <skipped/>
  </testcase> <!-- basePageNavigation -->
  <testcase name="duplicadoComprNotaDeCredito" time="0.0" classname="com.mkyong.busonfiscal.ReportesEmitidosDuplicarComprobanteNotaDeCreditoTest">
    <skipped/>
  </testcase> <!-- duplicadoComprNotaDeCredito -->
  <testcase name="duplicadoComprINE" time="0.0" classname="com.mkyong.busonfiscal.ReportesEmitidosDuplicarComprobanteINETest">
    <skipped/>
  </testcase> <!-- duplicadoComprINE -->
  <testcase name="obrasArtesAnteguedad1" time="0.0" classname="com.mkyong.busonfiscal.ObrasDeArteYAtenguedadTest">
    <skipped/>
  </testcase> <!-- obrasArtesAnteguedad1 -->
  <testcase name="notaDeCredito" time="0.0" classname="com.mkyong.busonfiscal.NotaDeCreditoBorradorTest">
    <skipped/>
  </testcase> <!-- notaDeCredito -->
  <testcase name="basePageNavigation" time="0.0" classname="com.mkyong.busonfiscal.TestReportesEmitidos5">
    <skipped/>
  </testcase> <!-- basePageNavigation -->
  <testcase name="notaDeCredito" time="0.0" classname="com.mkyong.busonfiscal.NotaDeCreditoTest">
    <skipped/>
  </testcase> <!-- notaDeCredito -->
  <testcase name="bovedaFiscal1" time="0.0" classname="com.mkyong.boveda.BovedaTest">
    <skipped/>
  </testcase> <!-- bovedaFiscal1 -->
  <testcase name="basePageNavigation" time="0.0" classname="com.mkyong.busongratis.TestBusquedaReportesgratis1">
    <skipped/>
  </testcase> <!-- basePageNavigation -->
  <testcase name="basePageNavigation" time="0.0" classname="com.mkyong.busongratis.TestFacturaPagoGratisDetail">
    <skipped/>
  </testcase> <!-- basePageNavigation -->
  <testcase name="pagoGratisSimples" time="0.0" classname="com.mkyong.busongratis.FacturaPagoGratisTest">
    <skipped/>
  </testcase> <!-- pagoGratisSimples -->
  <testcase name="notaDeCreditoGratisSimples" time="0.0" classname="com.mkyong.busongratis.NotaDeCreditoGratisTest">
    <skipped/>
  </testcase> <!-- notaDeCreditoGratisSimples -->
  <testcase name="basePageNavigation" time="0.0" classname="com.mkyong.busongratis.TestFacturaPagoGratisDetail2">
    <skipped/>
  </testcase> <!-- basePageNavigation -->
  <testcase name="basePageNavigation" time="0.0" classname="com.mkyong.busongratis.TestFacturaBasicaGratis2">
    <skipped/>
  </testcase> <!-- basePageNavigation -->
  <testcase name="basePageNavigation" time="0.0" classname="com.mkyong.busongratis.TestBusquedaReportesgratis3">
    <skipped/>
  </testcase> <!-- basePageNavigation -->
  <testcase name="basePageNavigation" time="0.0" classname="com.mkyong.busongratis.TestReportesEmitidosgratuito2">
    <skipped/>
  </testcase> <!-- basePageNavigation -->
  <testcase name="basePageNavigation" time="0.0" classname="com.mkyong.busongratis.TestNotaDeCreditoGratis">
    <skipped/>
  </testcase> <!-- basePageNavigation -->
  <testcase name="basePageNavigation" time="0.0" classname="com.mkyong.busongratis.TestFacturaPagoGratis2">
    <skipped/>
  </testcase> <!-- basePageNavigation -->
  <testcase name="basePageNavigation" time="0.0" classname="com.mkyong.busongratis.TestNotaDeCreditoGratisDetail">
    <skipped/>
  </testcase> <!-- basePageNavigation -->
  <testcase name="basePageNavigation" time="0.0" classname="com.mkyong.busongratis.TestFacturaPagoGratis">
    <skipped/>
  </testcase> <!-- basePageNavigation -->
  <testcase name="basePageNavigation" time="0.0" classname="com.mkyong.busongratis.TestBusquedaReportesgratis2">
    <skipped/>
  </testcase> <!-- basePageNavigation -->
  <testcase name="facturaBasicaGratisDetail" time="0.0" classname="com.mkyong.busongratis.FacturaBasicaGratisDetailTest">
    <skipped/>
  </testcase> <!-- facturaBasicaGratisDetail -->
  <testcase name="basePageNavigation" time="0.0" classname="com.mkyong.busongratis.TestFacturaCartaPorteGratis2">
    <skipped/>
  </testcase> <!-- basePageNavigation -->
  <testcase name="basePageNavigation" time="0.0" classname="com.mkyong.busongratis.TestFacturaCartaPorteGratis">
    <skipped/>
  </testcase> <!-- basePageNavigation -->
  <testcase name="basePageNavigation" time="0.0" classname="com.mkyong.busongratis.TestFacturaBasicaGratisDetail2">
    <skipped/>
  </testcase> <!-- basePageNavigation -->
  <testcase name="basePageNavigation" time="0.0" classname="com.mkyong.busongratis.TestFacturaBasicaGratisDetail">
    <skipped/>
  </testcase> <!-- basePageNavigation -->
  <testcase name="basePageNavigation" time="0.0" classname="com.mkyong.busongratis.TestFacturaBasicaGratis">
    <skipped/>
  </testcase> <!-- basePageNavigation -->
  <testcase name="basePageNavigation" time="0.0" classname="com.mkyong.busongratis.TestReportesEmitidosgratuito1">
    <skipped/>
  </testcase> <!-- basePageNavigation -->
  <testcase name="basePageNavigation" time="0.0" classname="com.mkyong.busongratis.TestBusquedaReportesgratis4">
    <skipped/>
  </testcase> <!-- basePageNavigation -->
  <testcase name="basePageNavigation" time="0.0" classname="com.mkyong.busongratis.TestReportesEmitidosgratuito3">
    <skipped/>
  </testcase> <!-- basePageNavigation -->
  <testcase name="cartaPorteGratisimpuesto1" time="0.0" classname="com.mkyong.busongratis.FacturaCartaPorteGratisComImpuestoTest">
    <skipped/>
  </testcase> <!-- cartaPorteGratisimpuesto1 -->
  <testcase name="basePageNavigation" time="0.0" classname="com.mkyong.busongratis.TestNotaDeCreditoGratisDetail2">
    <skipped/>
  </testcase> <!-- basePageNavigation -->
  <testcase name="basePageNavigation" time="0.0" classname="com.mkyong.busongratis.TestNotaDeCreditoGratis2">
    <skipped/>
  </testcase> <!-- basePageNavigation -->
  <testcase name="basePageNavigation" time="0.0" classname="com.mkyong.busongratis.TestBusquedaReportesgratuito2">
    <skipped/>
  </testcase> <!-- basePageNavigation -->
  <testcase name="pagoGratisDetail" time="0.0" classname="com.mkyong.busongratis.FacturaPagoGratisDetailTest">
    <skipped/>
  </testcase> <!-- pagoGratisDetail -->
  <testcase name="notaDeCreditoDetailGratis" time="0.0" classname="com.mkyong.busongratis.NotaDeCreditoGratisDetailTest">
    <skipped/>
  </testcase> <!-- notaDeCreditoDetailGratis -->
  <testcase name="basePageNavigation" time="0.0" classname="com.mkyong.busongratis.TestFacturaCartaPorteGratisComImpuesto2">
    <skipped/>
  </testcase> <!-- basePageNavigation -->
  <testcase name="cartaPorteGratisSimples" time="0.0" classname="com.mkyong.busongratis.FacturaCartaPorteGratisTest">
    <skipped/>
  </testcase> <!-- cartaPorteGratisSimples -->
  <testcase name="basePageNavigation" time="0.0" classname="com.mkyong.busongratis.TestBusquedaReportesgratuito4">
    <skipped/>
  </testcase> <!-- basePageNavigation -->
  <testcase name="basePageNavigation" time="0.0" classname="com.mkyong.busongratis.TestFacturaCartaPorteGratisComImpuesto">
    <skipped/>
  </testcase> <!-- basePageNavigation -->
  <testcase name="basePageNavigation" time="0.0" classname="com.mkyong.busongratis.TestBusquedaReportesgratuito3">
    <skipped/>
  </testcase> <!-- basePageNavigation -->
  <testcase name="facturaBasicaGratis" time="0.0" classname="com.mkyong.busongratis.FacturaBasicaGratisTest">
    <skipped/>
  </testcase> <!-- facturaBasicaGratis -->
  <testcase name="basePageNavigation" time="0.0" classname="com.mkyong.busongratis.TestBusquedaReportesgratuito1">
    <skipped/>
  </testcase> <!-- basePageNavigation -->
  <testcase name="basePageNavigation" time="0.0" classname="com.mkyong.busongratis.TestBusquedaReportesgratuito5">
    <skipped/>
  </testcase> <!-- basePageNavigation -->
  <testcase name="nominaFiscalDescarga" time="0.0" classname="com.mkyong.nomina.NominaFiscalDescargaTest">
    <skipped/>
  </testcase> <!-- nominaFiscalDescarga -->
  <testcase name="nominaFiscal" time="0.0" classname="com.mkyong.nomina.NominaFiscalTest">
    <skipped/>
  </testcase> <!-- nominaFiscal -->
  <testcase name="basePageNavigation" time="0.0" classname="com.mkyong.conector.jes.ServiciosParcealesDeContruccionJesTest">
    <skipped/>
  </testcase> <!-- basePageNavigation -->
  <testcase name="basePageNavigation" time="0.0" classname="com.mkyong.conector.jes.FacturaBasicaJesTest">
    <skipped/>
  </testcase> <!-- basePageNavigation -->
  <testcase name="basePageNavigation" time="0.0" classname="com.mkyong.conector.jes.FacturaDetallistaJesTest">
    <skipped/>
  </testcase> <!-- basePageNavigation -->
  <testcase name="basePageNavigation" time="0.0" classname="com.mkyong.conector.jes.InstituicionesEducativasJesTest">
    <skipped/>
  </testcase> <!-- basePageNavigation -->
  <testcase name="basePageNavigation" time="0.0" classname="com.mkyong.conector.jes.INEJesTest">
    <skipped/>
  </testcase> <!-- basePageNavigation -->
  <testcase name="basePageNavigation" time="0.0" classname="com.mkyong.conector.jes.ImpuestosLocalesJesTest">
    <skipped/>
  </testcase> <!-- basePageNavigation -->
  <testcase name="basePageNavigation" time="0.0" classname="com.mkyong.conector.jes.TestVentaDeVehiculosJes">
    <skipped/>
  </testcase> <!-- basePageNavigation -->
  <testcase name="basePageNavigation" time="0.0" classname="com.mkyong.conector.jes.FacturaPagoJesTest">
    <skipped/>
  </testcase> <!-- basePageNavigation -->
  <testcase name="basePageNavigation" time="0.0" classname="com.mkyong.conector.jes.LeyendasFiscalesJesTest">
    <skipped/>
  </testcase> <!-- basePageNavigation -->
  <testcase name="basePageNavigation" time="0.0" classname="com.mkyong.conector.jes.TuristaPasajeroExtranjeroJesTest">
    <skipped/>
  </testcase> <!-- basePageNavigation -->
  <testcase name="basePageNavigation" time="0.0" classname="com.mkyong.conector.jes.NotaDeCreditoJesTest">
    <skipped/>
  </testcase> <!-- basePageNavigation -->
  <testcase name="basePageNavigation" time="0.0" classname="com.mkyong.conector.jes.ComercioExteriorJesTest">
    <skipped/>
  </testcase> <!-- basePageNavigation -->
  <testcase name="basePageNavigation" time="0.0" classname="com.mkyong.conector.jes.detail.INEJesDetailTest">
    <skipped/>
  </testcase> <!-- basePageNavigation -->
  <testcase name="basePageNavigation" time="0.0" classname="com.mkyong.conector.jes.detail.CartaPorteComercioExteriorJesDetailTest">
    <skipped/>
  </testcase> <!-- basePageNavigation -->
  <testcase name="basePageNavigation" time="0.0" classname="com.mkyong.conector.jes.detail.ObrasDeArteYAtenguedadJesDetailTest">
    <skipped/>
  </testcase> <!-- basePageNavigation -->
  <testcase name="basePageNavigation" time="0.0" classname="com.mkyong.conector.jes.detail.TestVehiculosUsadosJesDetail">
    <skipped/>
  </testcase> <!-- basePageNavigation -->
  <testcase name="basePageNavigation" time="0.0" classname="com.mkyong.conector.jes.detail.TestVentaDeVehiculosJesDetail">
    <skipped/>
  </testcase> <!-- basePageNavigation -->
  <testcase name="basePageNavigation" time="0.0" classname="com.mkyong.conector.jes.detail.FacturaBasicaJesDetailTest">
    <skipped/>
  </testcase> <!-- basePageNavigation -->
  <testcase name="basePageNavigation" time="0.0" classname="com.mkyong.conector.jes.detail.ServiciosParcealesDeContruccionJesDetailTest">
    <skipped/>
  </testcase> <!-- basePageNavigation -->
  <testcase name="basePageNavigation" time="0.0" classname="com.mkyong.conector.jes.detail.InstituicionesEducativasJesDetailTest">
    <skipped/>
  </testcase> <!-- basePageNavigation -->
  <testcase name="basePageNavigation" time="0.0" classname="com.mkyong.conector.jes.detail.ImpuestosLocalesJesDetailTest">
    <skipped/>
  </testcase> <!-- basePageNavigation -->
  <testcase name="basePageNavigation" time="0.0" classname="com.mkyong.conector.jes.detail.ComercioExteriorJesDetailTest">
    <skipped/>
  </testcase> <!-- basePageNavigation -->
  <testcase name="basePageNavigation" time="0.0" classname="com.mkyong.conector.jes.detail.PersonasFisicasIntegranteDeCoordinacionJesDetailTest">
    <skipped/>
  </testcase> <!-- basePageNavigation -->
  <testcase name="basePageNavigation" time="0.0" classname="com.mkyong.conector.jes.detail.LeyendasFiscalesJesDetailTest">
    <skipped/>
  </testcase> <!-- basePageNavigation -->
  <testcase name="basePageNavigation" time="0.0" classname="com.mkyong.conector.jes.detail.FacturaPagoJesDetailTest">
    <skipped/>
  </testcase> <!-- basePageNavigation -->
  <testcase name="basePageNavigation" time="0.0" classname="com.mkyong.conector.jes.detail.DonativosJesDetailTest">
    <skipped/>
  </testcase> <!-- basePageNavigation -->
  <testcase name="basePageNavigation" time="0.0" classname="com.mkyong.conector.jes.detail.PagoEnEspeciesJesDetailTest">
    <skipped/>
  </testcase> <!-- basePageNavigation -->
  <testcase name="basePageNavigation" time="0.0" classname="com.mkyong.conector.jes.detail.FacturaDetallistaJesDetailTest">
    <skipped/>
  </testcase> <!-- basePageNavigation -->
  <testcase name="basePageNavigation" time="0.0" classname="com.mkyong.conector.jes.detail.FacturaCartaPorteJesDetailTest">
    <skipped/>
  </testcase> <!-- basePageNavigation -->
  <testcase name="basePageNavigation" time="0.0" classname="com.mkyong.conector.jes.detail.TuristaPasajeroExtranjeroJesDetailTest">
    <skipped/>
  </testcase> <!-- basePageNavigation -->
  <testcase name="basePageNavigation" time="0.0" classname="com.mkyong.conector.jes.detail.FacturaAdendaMultiAssistenciaJesDetailTest">
    <skipped/>
  </testcase> <!-- basePageNavigation -->
  <testcase name="basePageNavigation" time="0.0" classname="com.mkyong.conector.jes.detail.NotaDeCreditoJesDetailTest">
    <skipped/>
  </testcase> <!-- basePageNavigation -->
  <testcase name="basePageNavigation" time="0.0" classname="com.mkyong.conector.jes.detail.NotariosPublicosJesDetailTest">
    <skipped/>
  </testcase> <!-- basePageNavigation -->
  <testcase name="basePageNavigation" time="0.0" classname="com.mkyong.conector.jes.ObrasDeArteYAtenguedadJesTest">
    <skipped/>
  </testcase> <!-- basePageNavigation -->
  <testcase name="basePageNavigation" time="0.0" classname="com.mkyong.conector.jes.PagoEnEspeciesJesTest">
    <skipped/>
  </testcase> <!-- basePageNavigation -->
  <testcase name="basePageNavigation" time="0.0" classname="com.mkyong.conector.jes.DonativosJesTest">
    <skipped/>
  </testcase> <!-- basePageNavigation -->
  <testcase name="basePageNavigation" time="0.0" classname="com.mkyong.conector.jes.PersonasFisicasIntegranteDeCoordinacionJesTest">
    <skipped/>
  </testcase> <!-- basePageNavigation -->
  <testcase name="basePageNavigation" time="0.0" classname="com.mkyong.conector.jes.TestVehiculosUsadosJes">
    <skipped/>
  </testcase> <!-- basePageNavigation -->
  <testcase name="basePageNavigation" time="0.0" classname="com.mkyong.conector.jes.FacturaCartaPorteJesTest">
    <skipped/>
  </testcase> <!-- basePageNavigation -->
  <testcase name="basePageNavigation" time="0.0" classname="com.mkyong.conector.jes.NotariosPublicosJesTest">
    <skipped/>
  </testcase> <!-- basePageNavigation -->
  <testcase name="testApp" time="0.0" classname="com.mkyong.hashing.AppTest">
    <skipped/>
  </testcase> <!-- testApp -->
  <testcase name="AltaSucursal" time="0.0" classname="com.mkyong.hashing.TestSucursal">
    <skipped/>
  </testcase> <!-- AltaSucursal -->
  <testcase name="AltaSucursal" time="0.0" classname="com.mkyong.hashing.TestComprobantesEmitidos">
    <skipped/>
  </testcase> <!-- AltaSucursal -->
  <testcase name="AltaSucursal" time="0.0" classname="com.mkyong.hashing.TestFolio">
    <skipped/>
  </testcase> <!-- AltaSucursal -->
  <testcase name="AltaSucursal" time="0.0" classname="com.mkyong.hashing.TestProducto">
    <skipped/>
  </testcase> <!-- AltaSucursal -->
  <testcase name="Detalle" time="0.0" classname="com.mkyong.hashing.TestCertificados">
    <skipped/>
  </testcase> <!-- Detalle -->
  <testcase name="AltaSucursal" time="0.0" classname="com.mkyong.hashing.TestClient">
    <skipped/>
  </testcase> <!-- AltaSucursal -->
  <testcase name="impressionNomina" time="0.0" classname="com.mkyong.impression.fiscal.ImpresionNominaFiscalTest">
    <skipped/>
  </testcase> <!-- impressionNomina -->
  <testcase name="impressionPagoFiscal" time="0.0" classname="com.mkyong.impression.fiscal.ImpresionPagoFiscalTest">
    <skipped/>
  </testcase> <!-- impressionPagoFiscal -->
  <testcase name="impressionFiscal1" time="0.0" classname="com.mkyong.impression.fiscal.ImpresionIETFiscalTest">
    <skipped/>
  </testcase> <!-- impressionFiscal1 -->
  <testcase name="basePageNavigation" time="0.0" classname="com.mkyong.sauce.labs.TestEmailPasswordSauceLab">
    <skipped/>
  </testcase> <!-- basePageNavigation -->
</testsuite> <!-- Command line test -->
