<?xml version="1.0" encoding="UTF-8"?>
<!-- Generated by org.testng.reporters.JUnitXMLReporter -->
<testsuite hostname="Lisandro-Silva.local" ignored="0" name="Cancelacion3" tests="1" failures="0" timestamp="22 Sep 2020 19:14:05 GMT" time="0.002" errors="0">
  <testcase name="@BeforeTest initiaLiseBrowser" time="0.0" classname="com.mkyong.busonfiscal.ReportesEmitidosCancelacionTest4">
    <failure type="java.lang.NullPointerException">
      <![CDATA[java.lang.NullPointerException
at resources.base.initializeDriver(base.java:41)
at com.mkyong.busonfiscal.ReportesEmitidosCancelacionTest4.initiaLiseBrowser(ReportesEmitidosCancelacionTest4.java:28)
... Removed 28 stack frames]]>
    </failure>
  </testcase> <!-- @BeforeTest initiaLiseBrowser -->
  <testcase name="@AfterTest closeBrowser" time="0.0" classname="com.mkyong.busonfiscal.ReportesEmitidosCancelacionTest4">
    <skipped/>
  </testcase> <!-- @AfterTest closeBrowser -->
  <testcase name="reportesEmitidosCancelacion" time="0.0" classname="com.mkyong.busonfiscal.ReportesEmitidosCancelacionTest4">
    <skipped/>
  </testcase> <!-- reportesEmitidosCancelacion -->
</testsuite> <!-- Cancelacion3 -->
