<?xml version="1.0" encoding="UTF-8"?>
<!-- Generated by org.testng.reporters.JUnitXMLReporter -->
<testsuite hostname="Lisandro-Silva.local" ignored="0" name="Comprobante3" tests="1" failures="0" timestamp="26 Aug 2020 12:53:11 GMT" time="115.083" errors="0">
  <testcase name="@BeforeTest initiaLiseBrowser" time="115.081" classname="com.mkyong.busonfiscal.ReportesEmitidosTest3">
    <failure type="org.openqa.selenium.WebDriverException" message="chrome not reachable
Build info: version: &amp;apos;3.141.59&amp;apos;, revision: &amp;apos;e82be7d358&amp;apos;, time: &amp;apos;2018-11-14T08:17:03&amp;apos;
System info: host: &amp;apos;Lisandro-Silva.local&amp;apos;, ip: &amp;apos;127.0.0.1&amp;apos;, os.name: &amp;apos;Mac OS X&amp;apos;, os.arch: &amp;apos;x86_64&amp;apos;, os.version: &amp;apos;10.15.2&amp;apos;, java.version: &amp;apos;1.8.0_251&amp;apos;
Driver info: driver.version: ChromeDriver
remote stacktrace: 0   chromedriver 6                      0x000000010c63ac49 chromedriver 6 + 4893769
1   chromedriver 6                      0x000000010c5d40e3 chromedriver 6 + 4473059
2   chromedriver 6                      0x000000010c247752 chromedriver 6 + 751442
3   chromedriver 6                      0x000000010c23d504 chromedriver 6 + 709892
4   chromedriver 6                      0x000000010c1a965d chromedriver 6 + 104029
5   chromedriver 6                      0x000000010c1a5696 chromedriver 6 + 87702
6   chromedriver 6                      0x000000010c1a29b9 chromedriver 6 + 76217
7   chromedriver 6                      0x000000010c1d5043 chromedriver 6 + 282691
8   chromedriver 6                      0x000000010c1d1e43 chromedriver 6 + 269891
9   chromedriver 6                      0x000000010c1ab62a chromedriver 6 + 112170
10  chromedriver 6                      0x000000010c1ac635 chromedriver 6 + 116277
11  chromedriver 6                      0x000000010c5fc5af chromedriver 6 + 4638127
12  chromedriver 6                      0x000000010c60991b chromedriver 6 + 4692251
13  chromedriver 6                      0x000000010c6096bb chromedriver 6 + 4691643
14  chromedriver 6                      0x000000010c5e0109 chromedriver 6 + 4522249
15  chromedriver 6                      0x000000010c609ea3 chromedriver 6 + 4693667
16  chromedriver 6                      0x000000010c5f2073 chromedriver 6 + 4595827
17  chromedriver 6                      0x000000010c621094 chromedriver 6 + 4788372
18  chromedriver 6                      0x000000010c640db7 chromedriver 6 + 4918711
19  libsystem_pthread.dylib             0x00007fff6b735e65 _pthread_start + 148
20  libsystem_pthread.dylib             0x00007fff6b73183b thread_start + 15
">
      <![CDATA[org.openqa.selenium.WebDriverException: chrome not reachable
Build info: version: '3.141.59', revision: 'e82be7d358', time: '2018-11-14T08:17:03'
System info: host: 'Lisandro-Silva.local', ip: '127.0.0.1', os.name: 'Mac OS X', os.arch: 'x86_64', os.version: '10.15.2', java.version: '1.8.0_251'
Driver info: driver.version: ChromeDriver
remote stacktrace: 0   chromedriver 6                      0x000000010c63ac49 chromedriver 6 + 4893769
1   chromedriver 6                      0x000000010c5d40e3 chromedriver 6 + 4473059
2   chromedriver 6                      0x000000010c247752 chromedriver 6 + 751442
3   chromedriver 6                      0x000000010c23d504 chromedriver 6 + 709892
4   chromedriver 6                      0x000000010c1a965d chromedriver 6 + 104029
5   chromedriver 6                      0x000000010c1a5696 chromedriver 6 + 87702
6   chromedriver 6                      0x000000010c1a29b9 chromedriver 6 + 76217
7   chromedriver 6                      0x000000010c1d5043 chromedriver 6 + 282691
8   chromedriver 6                      0x000000010c1d1e43 chromedriver 6 + 269891
9   chromedriver 6                      0x000000010c1ab62a chromedriver 6 + 112170
10  chromedriver 6                      0x000000010c1ac635 chromedriver 6 + 116277
11  chromedriver 6                      0x000000010c5fc5af chromedriver 6 + 4638127
12  chromedriver 6                      0x000000010c60991b chromedriver 6 + 4692251
13  chromedriver 6                      0x000000010c6096bb chromedriver 6 + 4691643
14  chromedriver 6                      0x000000010c5e0109 chromedriver 6 + 4522249
15  chromedriver 6                      0x000000010c609ea3 chromedriver 6 + 4693667
16  chromedriver 6                      0x000000010c5f2073 chromedriver 6 + 4595827
17  chromedriver 6                      0x000000010c621094 chromedriver 6 + 4788372
18  chromedriver 6                      0x000000010c640db7 chromedriver 6 + 4918711
19  libsystem_pthread.dylib             0x00007fff6b735e65 _pthread_start + 148
20  libsystem_pthread.dylib             0x00007fff6b73183b thread_start + 15

at org.openqa.selenium.remote.W3CHandshakeResponse.lambda$errorHandler$0(W3CHandshakeResponse.java:62)
at org.openqa.selenium.remote.HandshakeResponse.lambda$getResponseFunction$0(HandshakeResponse.java:30)
at org.openqa.selenium.remote.ProtocolHandshake.lambda$createSession$0(ProtocolHandshake.java:126)
at java.util.stream.ReferencePipeline$3$1.accept(ReferencePipeline.java:193)
at java.util.Spliterators$ArraySpliterator.tryAdvance(Spliterators.java:958)
at java.util.stream.ReferencePipeline.forEachWithCancel(ReferencePipeline.java:126)
at java.util.stream.AbstractPipeline.copyIntoWithCancel(AbstractPipeline.java:499)
at java.util.stream.AbstractPipeline.copyInto(AbstractPipeline.java:486)
at java.util.stream.AbstractPipeline.wrapAndCopyInto(AbstractPipeline.java:472)
at java.util.stream.FindOps$FindOp.evaluateSequential(FindOps.java:152)
at java.util.stream.AbstractPipeline.evaluate(AbstractPipeline.java:234)
at java.util.stream.ReferencePipeline.findFirst(ReferencePipeline.java:464)
at org.openqa.selenium.remote.ProtocolHandshake.createSession(ProtocolHandshake.java:128)
at org.openqa.selenium.remote.ProtocolHandshake.createSession(ProtocolHandshake.java:74)
at org.openqa.selenium.remote.HttpCommandExecutor.execute(HttpCommandExecutor.java:136)
at org.openqa.selenium.remote.service.DriverCommandExecutor.execute(DriverCommandExecutor.java:83)
at org.openqa.selenium.remote.RemoteWebDriver.execute(RemoteWebDriver.java:552)
at org.openqa.selenium.remote.RemoteWebDriver.startSession(RemoteWebDriver.java:213)
at org.openqa.selenium.remote.RemoteWebDriver.<init>(RemoteWebDriver.java:131)
at org.openqa.selenium.chrome.ChromeDriver.<init>(ChromeDriver.java:181)
at org.openqa.selenium.chrome.ChromeDriver.<init>(ChromeDriver.java:168)
at org.openqa.selenium.chrome.ChromeDriver.<init>(ChromeDriver.java:123)
at resources.base.initializeDriver(base.java:46)
at com.mkyong.busonfiscal.ReportesEmitidosTest3.initiaLiseBrowser(ReportesEmitidosTest3.java:27)
... Removed 32 stack frames]]>
    </failure>
  </testcase> <!-- @BeforeTest initiaLiseBrowser -->
  <testcase name="@AfterTest closeBrowser" time="0.0" classname="com.mkyong.busonfiscal.ReportesEmitidosTest3">
    <skipped/>
  </testcase> <!-- @AfterTest closeBrowser -->
  <testcase name="reportesEmitidos3" time="0.0" classname="com.mkyong.busonfiscal.ReportesEmitidosTest3">
    <skipped/>
  </testcase> <!-- reportesEmitidos3 -->
</testsuite> <!-- Comprobante3 -->
