<?xml version="1.0" encoding="UTF-8"?>
<!-- Generated by org.testng.reporters.JUnitXMLReporter -->
<testsuite hostname="Lisandro-Silva.local" ignored="0" name="Conciliacion5" tests="1" failures="1" timestamp="28 Aug 2020 18:42:08 GMT" time="42.989" errors="0">
  <testcase name="conciliacionFiscal1" time="35.566" classname="com.mkyong.conciliacion.conector.ConciliacionTest5">
    <failure type="org.openqa.selenium.ElementClickInterceptedException" message="element click intercepted: Element &amp;lt;text stroke=&amp;quot;#000&amp;quot; font-weight=&amp;quot;bold&amp;quot; text-anchor=&amp;quot;middle&amp;quot; alignment-baseline=&amp;quot;central&amp;quot; font-family=&amp;quot;Helvetica, Arial, sans-serif&amp;quot; font-size=&amp;quot;35&amp;quot; y=&amp;quot;30&amp;quot; x=&amp;quot;30&amp;quot; style=&amp;quot;font-size:26px&amp;quot; stroke-width=&amp;quot;0&amp;quot; fill=&amp;quot;#1497e8&amp;quot;&amp;gt;...&amp;lt;/text&amp;gt; is not clickable at point (1139, 43). Other element would receive the click: &amp;lt;div class=&amp;quot;page-loader&amp;quot; style=&amp;quot;opacity: 0.0736799;&amp;quot;&amp;gt;...&amp;lt;/div&amp;gt;
  (Session info: chrome=84.0.4147.135)
Build info: version: &amp;apos;3.141.59&amp;apos;, revision: &amp;apos;e82be7d358&amp;apos;, time: &amp;apos;2018-11-14T08:17:03&amp;apos;
System info: host: &amp;apos;Lisandro-Silva.local&amp;apos;, ip: &amp;apos;127.0.0.1&amp;apos;, os.name: &amp;apos;Mac OS X&amp;apos;, os.arch: &amp;apos;x86_64&amp;apos;, os.version: &amp;apos;10.15.2&amp;apos;, java.version: &amp;apos;1.8.0_251&amp;apos;
Driver info: org.openqa.selenium.chrome.ChromeDriver
Capabilities {acceptInsecureCerts: false, browserName: chrome, browserVersion: 84.0.4147.135, chrome: {chromedriverVersion: 84.0.4147.30 (48b3e868b4cc0..., userDataDir: /var/folders/zd/xs0gg_pd749...}, goog:chromeOptions: {debuggerAddress: localhost:54237}, javascriptEnabled: true, networkConnectionEnabled: false, pageLoadStrategy: normal, platform: MAC, platformName: MAC, proxy: Proxy(), setWindowRect: true, strictFileInteractability: false, timeouts: {implicit: 0, pageLoad: 300000, script: 30000}, unhandledPromptBehavior: dismiss and notify, webauthn:virtualAuthenticators: true}
Session ID: df9ab59e0ee4e6050947e754820c6059">
      <![CDATA[org.openqa.selenium.ElementClickInterceptedException: element click intercepted: Element <text stroke="#000" font-weight="bold" text-anchor="middle" alignment-baseline="central" font-family="Helvetica, Arial, sans-serif" font-size="35" y="30" x="30" style="font-size:26px" stroke-width="0" fill="#1497e8">...</text> is not clickable at point (1139, 43). Other element would receive the click: <div class="page-loader" style="opacity: 0.0736799;">...</div>
  (Session info: chrome=84.0.4147.135)
Build info: version: '3.141.59', revision: 'e82be7d358', time: '2018-11-14T08:17:03'
System info: host: 'Lisandro-Silva.local', ip: '127.0.0.1', os.name: 'Mac OS X', os.arch: 'x86_64', os.version: '10.15.2', java.version: '1.8.0_251'
Driver info: org.openqa.selenium.chrome.ChromeDriver
Capabilities {acceptInsecureCerts: false, browserName: chrome, browserVersion: 84.0.4147.135, chrome: {chromedriverVersion: 84.0.4147.30 (48b3e868b4cc0..., userDataDir: /var/folders/zd/xs0gg_pd749...}, goog:chromeOptions: {debuggerAddress: localhost:54237}, javascriptEnabled: true, networkConnectionEnabled: false, pageLoadStrategy: normal, platform: MAC, platformName: MAC, proxy: Proxy(), setWindowRect: true, strictFileInteractability: false, timeouts: {implicit: 0, pageLoad: 300000, script: 30000}, unhandledPromptBehavior: dismiss and notify, webauthn:virtualAuthenticators: true}
Session ID: df9ab59e0ee4e6050947e754820c6059
at org.openqa.selenium.remote.http.W3CHttpResponseCodec.createException(W3CHttpResponseCodec.java:187)
at org.openqa.selenium.remote.http.W3CHttpResponseCodec.decode(W3CHttpResponseCodec.java:122)
at org.openqa.selenium.remote.http.W3CHttpResponseCodec.decode(W3CHttpResponseCodec.java:49)
at org.openqa.selenium.remote.HttpCommandExecutor.execute(HttpCommandExecutor.java:158)
at org.openqa.selenium.remote.service.DriverCommandExecutor.execute(DriverCommandExecutor.java:83)
at org.openqa.selenium.remote.RemoteWebDriver.execute(RemoteWebDriver.java:552)
at org.openqa.selenium.remote.RemoteWebElement.execute(RemoteWebElement.java:285)
at org.openqa.selenium.remote.RemoteWebElement.click(RemoteWebElement.java:84)
at com.mkyong.conciliacion.conector.ConciliacionTest5.conciliacionFiscal1(ConciliacionTest5.java:100)
... Removed 33 stack frames]]>
    </failure>
  </testcase> <!-- conciliacionFiscal1 -->
</testsuite> <!-- Conciliacion5 -->
