<?xml version="1.0" encoding="UTF-8"?>
<!-- Generated by org.testng.reporters.JUnitXMLReporter -->
<testsuite hostname="Lisandro-Silva.local" ignored="0" name="Factura22" tests="1" failures="0" timestamp="22 Sep 2020 22:41:05 GMT" time="0.002" errors="0">
  <testcase name="@BeforeTest initiaLiseBrowser" time="0.001" classname="com.mkyong.busonfiscal.detail.FacturaBasicaDetailTest">
    <failure type="java.lang.NullPointerException">
      <![CDATA[java.lang.NullPointerException
at resources.base.initializeDriver(base.java:41)
at com.mkyong.busonfiscal.detail.FacturaBasicaDetailTest.initiaLiseBrowser(FacturaBasicaDetailTest.java:33)
... Removed 28 stack frames]]>
    </failure>
  </testcase> <!-- @BeforeTest initiaLiseBrowser -->
  <testcase name="@AfterTest closeBrowser" time="0.0" classname="com.mkyong.busonfiscal.detail.FacturaBasicaDetailTest">
    <skipped/>
  </testcase> <!-- @AfterTest closeBrowser -->
  <testcase name="facturaBasicaDetail" time="0.0" classname="com.mkyong.busonfiscal.detail.FacturaBasicaDetailTest">
    <skipped/>
  </testcase> <!-- facturaBasicaDetail -->
</testsuite> <!-- Factura22 -->
