<?xml version="1.0" encoding="UTF-8"?>
<!-- Generated by org.testng.reporters.JUnitXMLReporter -->
<testsuite hostname="Lisandro-Silva.local" ignored="0" name="Factura14" tests="1" failures="0" timestamp="22 Sep 2020 19:14:05 GMT" time="0.007" errors="0">
  <testcase name="@BeforeTest initiaLiseBrowser" time="0.001" classname="com.mkyong.busonfiscal.ObrasDeArteYAtenguedadTest">
    <failure type="java.lang.NullPointerException">
      <![CDATA[java.lang.NullPointerException
at resources.base.initializeDriver(base.java:41)
at com.mkyong.busonfiscal.ObrasDeArteYAtenguedadTest.initiaLiseBrowser(ObrasDeArteYAtenguedadTest.java:34)
... Removed 28 stack frames]]>
    </failure>
  </testcase> <!-- @BeforeTest initiaLiseBrowser -->
  <testcase name="@AfterTest closeBrowser" time="0.0" classname="com.mkyong.busonfiscal.ObrasDeArteYAtenguedadTest">
    <skipped/>
  </testcase> <!-- @AfterTest closeBrowser -->
  <testcase name="obrasArtesAnteguedad1" time="0.0" classname="com.mkyong.busonfiscal.ObrasDeArteYAtenguedadTest">
    <skipped/>
  </testcase> <!-- obrasArtesAnteguedad1 -->
</testsuite> <!-- Factura14 -->
