<?xml version="1.0" encoding="UTF-8"?>
<!-- Generated by org.testng.reporters.JUnitXMLReporter -->
<testsuite hostname="Lisandro-Silva.local" ignored="0" name="Factura9" tests="1" failures="0" timestamp="22 Sep 2020 22:41:05 GMT" time="0.002" errors="0">
  <testcase name="@BeforeTest initiaLiseBrowser" time="0.001" classname="com.mkyong.busonfiscal.TuristaPasajeroExtranjeroTest">
    <failure type="java.lang.NullPointerException">
      <![CDATA[java.lang.NullPointerException
at resources.base.initializeDriver(base.java:41)
at com.mkyong.busonfiscal.TuristaPasajeroExtranjeroTest.initiaLiseBrowser(TuristaPasajeroExtranjeroTest.java:31)
... Removed 28 stack frames]]>
    </failure>
  </testcase> <!-- @BeforeTest initiaLiseBrowser -->
  <testcase name="@AfterTest closeBrowser" time="0.0" classname="com.mkyong.busonfiscal.TuristaPasajeroExtranjeroTest">
    <skipped/>
  </testcase> <!-- @AfterTest closeBrowser -->
  <testcase name="turistaPassajeroExtranjero" time="0.0" classname="com.mkyong.busonfiscal.TuristaPasajeroExtranjeroTest">
    <skipped/>
  </testcase> <!-- turistaPassajeroExtranjero -->
</testsuite> <!-- Factura9 -->
