<?xml version="1.0" encoding="UTF-8"?>
<!-- Generated by org.testng.reporters.JUnitXMLReporter -->
<testsuite hostname="Lisandro-Silva.local" ignored="0" name="JesBuzon9" tests="1" failures="0" timestamp="22 Sep 2020 22:41:05 GMT" time="0.001" errors="0">
  <testcase name="@BeforeTest initiaLiseBrowser" time="0.0" classname="com.mkyong.buson.jes.VehiculosUsadosJesTest">
    <failure type="java.lang.NullPointerException">
      <![CDATA[java.lang.NullPointerException
at resources.base.initializeDriver(base.java:41)
at com.mkyong.buson.jes.VehiculosUsadosJesTest.initiaLiseBrowser(VehiculosUsadosJesTest.java:31)
... Removed 28 stack frames]]>
    </failure>
  </testcase> <!-- @BeforeTest initiaLiseBrowser -->
  <testcase name="@AfterTest closeBrowser" time="0.0" classname="com.mkyong.buson.jes.VehiculosUsadosJesTest">
    <skipped/>
  </testcase> <!-- @AfterTest closeBrowser -->
  <testcase name="vehiculosUsadosJes" time="0.0" classname="com.mkyong.buson.jes.VehiculosUsadosJesTest">
    <skipped/>
  </testcase> <!-- vehiculosUsadosJes -->
</testsuite> <!-- JesBuzon9 -->
