<?xml version="1.0" encoding="UTF-8"?>
<!-- Generated by org.testng.reporters.JUnitXMLReporter -->
<testsuite hostname="Lisandro-Silva.local" ignored="0" name="Nomina1" tests="1" failures="0" timestamp="22 Sep 2020 19:14:05 GMT" time="0.003" errors="0">
  <testcase name="@BeforeTest initiaLiseBrowser" time="0.0" classname="com.mkyong.nomina.NominaFiscalTest">
    <failure type="java.lang.NullPointerException">
      <![CDATA[java.lang.NullPointerException
at resources.base.initializeDriver(base.java:41)
at com.mkyong.nomina.NominaFiscalTest.initiaLiseBrowser(NominaFiscalTest.java:35)
... Removed 28 stack frames]]>
    </failure>
  </testcase> <!-- @BeforeTest initiaLiseBrowser -->
  <testcase name="@AfterTest closeBrowser" time="0.0" classname="com.mkyong.nomina.NominaFiscalTest">
    <skipped/>
  </testcase> <!-- @AfterTest closeBrowser -->
  <testcase name="nominaFiscal" time="0.0" classname="com.mkyong.nomina.NominaFiscalTest">
    <skipped/>
  </testcase> <!-- nominaFiscal -->
</testsuite> <!-- Nomina1 -->
