<?xml version="1.0" encoding="UTF-8"?>
<!-- Generated by org.testng.reporters.JUnitXMLReporter -->
<testsuite hostname="Lisandro-Silva.local" ignored="0" name="Test" tests="1" failures="0" timestamp="22 Sep 2020 22:41:05 GMT" time="0.035" errors="0">
  <testcase name="@BeforeTest initiaLiseBrowser" time="0.011" classname="com.mkyong.busonfiscal.HomePageBusonTest">
    <failure type="java.lang.NullPointerException">
      <![CDATA[java.lang.NullPointerException
at resources.base.initializeDriver(base.java:41)
at com.mkyong.busonfiscal.HomePageBusonTest.initiaLiseBrowser(HomePageBusonTest.java:35)
... Removed 28 stack frames]]>
    </failure>
  </testcase> <!-- @BeforeTest initiaLiseBrowser -->
  <testcase name="@AfterTest closeBrowser" time="0.0" classname="com.mkyong.busonfiscal.HomePageBusonTest">
    <skipped/>
  </testcase> <!-- @AfterTest closeBrowser -->
  <testcase name="serviciosBuzon" time="0.0" classname="com.mkyong.busonfiscal.HomePageBusonTest">
    <skipped/>
  </testcase> <!-- serviciosBuzon -->
</testsuite> <!-- Test -->
