<?xml version="1.0" encoding="UTF-8"?>
<testng-results skipped="4" failed="9" ignored="0" total="100" passed="87">
  <reporter-output>
  </reporter-output>
  <suite name="Suite" duration-ms="4695470" started-at="2020-08-26T12:47:22Z" finished-at="2020-08-26T14:05:37Z">
    <groups>
    </groups>
    <test name="Test" duration-ms="119721" started-at="2020-08-26T12:47:22Z" finished-at="2020-08-26T12:49:21Z">
      <class name="com.mkyong.busonfiscal.HomePageBusonTest">
        <test-method status="FAIL" signature="initiaLiseBrowser()[pri:0, instance:com.mkyong.busonfiscal.HomePageBusonTest@8dbdac1]" name="initiaLiseBrowser" is-config="true" duration-ms="119422" started-at="2020-08-26T12:47:22Z" finished-at="2020-08-26T12:49:21Z">
          <exception class="org.openqa.selenium.WebDriverException">
            <message>
              <![CDATA[chrome not reachable
Build info: version: '3.141.59', revision: 'e82be7d358', time: '2018-11-14T08:17:03'
System info: host: 'Lisandro-Silva.local', ip: '127.0.0.1', os.name: 'Mac OS X', os.arch: 'x86_64', os.version: '10.15.2', java.version: '1.8.0_251'
Driver info: driver.version: ChromeDriver
remote stacktrace: 0   chromedriver 6                      0x000000010d2dec49 chromedriver 6 + 4893769
1   chromedriver 6                      0x000000010d2780e3 chromedriver 6 + 4473059
2   chromedriver 6                      0x000000010ceeb752 chromedriver 6 + 751442
3   chromedriver 6                      0x000000010cee1427 chromedriver 6 + 709671
4   chromedriver 6                      0x000000010ce4d2a0 chromedriver 6 + 103072
5   chromedriver 6                      0x000000010ce49696 chromedriver 6 + 87702
6   chromedriver 6                      0x000000010ce469b9 chromedriver 6 + 76217
7   chromedriver 6                      0x000000010ce79043 chromedriver 6 + 282691
8   chromedriver 6                      0x000000010ce75e43 chromedriver 6 + 269891
9   chromedriver 6                      0x000000010ce4f62a chromedriver 6 + 112170
10  chromedriver 6                      0x000000010ce50635 chromedriver 6 + 116277
11  chromedriver 6                      0x000000010d2a05af chromedriver 6 + 4638127
12  chromedriver 6                      0x000000010d2ad91b chromedriver 6 + 4692251
13  chromedriver 6                      0x000000010d2ad6bb chromedriver 6 + 4691643
14  chromedriver 6                      0x000000010d284109 chromedriver 6 + 4522249
15  chromedriver 6                      0x000000010d2adea3 chromedriver 6 + 4693667
16  chromedriver 6                      0x000000010d296073 chromedriver 6 + 4595827
17  chromedriver 6                      0x000000010d2c5094 chromedriver 6 + 4788372
18  chromedriver 6                      0x000000010d2e4db7 chromedriver 6 + 4918711
19  libsystem_pthread.dylib             0x00007fff6b735e65 _pthread_start + 148
20  libsystem_pthread.dylib             0x00007fff6b73183b thread_start + 15
]]>
            </message>
            <full-stacktrace>
              <![CDATA[org.openqa.selenium.WebDriverException: chrome not reachable
Build info: version: '3.141.59', revision: 'e82be7d358', time: '2018-11-14T08:17:03'
System info: host: 'Lisandro-Silva.local', ip: '127.0.0.1', os.name: 'Mac OS X', os.arch: 'x86_64', os.version: '10.15.2', java.version: '1.8.0_251'
Driver info: driver.version: ChromeDriver
remote stacktrace: 0   chromedriver 6                      0x000000010d2dec49 chromedriver 6 + 4893769
1   chromedriver 6                      0x000000010d2780e3 chromedriver 6 + 4473059
2   chromedriver 6                      0x000000010ceeb752 chromedriver 6 + 751442
3   chromedriver 6                      0x000000010cee1427 chromedriver 6 + 709671
4   chromedriver 6                      0x000000010ce4d2a0 chromedriver 6 + 103072
5   chromedriver 6                      0x000000010ce49696 chromedriver 6 + 87702
6   chromedriver 6                      0x000000010ce469b9 chromedriver 6 + 76217
7   chromedriver 6                      0x000000010ce79043 chromedriver 6 + 282691
8   chromedriver 6                      0x000000010ce75e43 chromedriver 6 + 269891
9   chromedriver 6                      0x000000010ce4f62a chromedriver 6 + 112170
10  chromedriver 6                      0x000000010ce50635 chromedriver 6 + 116277
11  chromedriver 6                      0x000000010d2a05af chromedriver 6 + 4638127
12  chromedriver 6                      0x000000010d2ad91b chromedriver 6 + 4692251
13  chromedriver 6                      0x000000010d2ad6bb chromedriver 6 + 4691643
14  chromedriver 6                      0x000000010d284109 chromedriver 6 + 4522249
15  chromedriver 6                      0x000000010d2adea3 chromedriver 6 + 4693667
16  chromedriver 6                      0x000000010d296073 chromedriver 6 + 4595827
17  chromedriver 6                      0x000000010d2c5094 chromedriver 6 + 4788372
18  chromedriver 6                      0x000000010d2e4db7 chromedriver 6 + 4918711
19  libsystem_pthread.dylib             0x00007fff6b735e65 _pthread_start + 148
20  libsystem_pthread.dylib             0x00007fff6b73183b thread_start + 15

at sun.reflect.NativeConstructorAccessorImpl.newInstance0(Native Method)
at sun.reflect.NativeConstructorAccessorImpl.newInstance(NativeConstructorAccessorImpl.java:62)
at sun.reflect.DelegatingConstructorAccessorImpl.newInstance(DelegatingConstructorAccessorImpl.java:45)
at java.lang.reflect.Constructor.newInstance(Constructor.java:423)
at org.openqa.selenium.remote.W3CHandshakeResponse.lambda$errorHandler$0(W3CHandshakeResponse.java:62)
at org.openqa.selenium.remote.HandshakeResponse.lambda$getResponseFunction$0(HandshakeResponse.java:30)
at org.openqa.selenium.remote.ProtocolHandshake.lambda$createSession$0(ProtocolHandshake.java:126)
at java.util.stream.ReferencePipeline$3$1.accept(ReferencePipeline.java:193)
at java.util.Spliterators$ArraySpliterator.tryAdvance(Spliterators.java:958)
at java.util.stream.ReferencePipeline.forEachWithCancel(ReferencePipeline.java:126)
at java.util.stream.AbstractPipeline.copyIntoWithCancel(AbstractPipeline.java:499)
at java.util.stream.AbstractPipeline.copyInto(AbstractPipeline.java:486)
at java.util.stream.AbstractPipeline.wrapAndCopyInto(AbstractPipeline.java:472)
at java.util.stream.FindOps$FindOp.evaluateSequential(FindOps.java:152)
at java.util.stream.AbstractPipeline.evaluate(AbstractPipeline.java:234)
at java.util.stream.ReferencePipeline.findFirst(ReferencePipeline.java:464)
at org.openqa.selenium.remote.ProtocolHandshake.createSession(ProtocolHandshake.java:128)
at org.openqa.selenium.remote.ProtocolHandshake.createSession(ProtocolHandshake.java:74)
at org.openqa.selenium.remote.HttpCommandExecutor.execute(HttpCommandExecutor.java:136)
at org.openqa.selenium.remote.service.DriverCommandExecutor.execute(DriverCommandExecutor.java:83)
at org.openqa.selenium.remote.RemoteWebDriver.execute(RemoteWebDriver.java:552)
at org.openqa.selenium.remote.RemoteWebDriver.startSession(RemoteWebDriver.java:213)
at org.openqa.selenium.remote.RemoteWebDriver.<init>(RemoteWebDriver.java:131)
at org.openqa.selenium.chrome.ChromeDriver.<init>(ChromeDriver.java:181)
at org.openqa.selenium.chrome.ChromeDriver.<init>(ChromeDriver.java:168)
at org.openqa.selenium.chrome.ChromeDriver.<init>(ChromeDriver.java:123)
at resources.base.initializeDriver(base.java:46)
at com.mkyong.busonfiscal.HomePageBusonTest.initiaLiseBrowser(HomePageBusonTest.java:35)
at sun.reflect.NativeMethodAccessorImpl.invoke0(Native Method)
at sun.reflect.NativeMethodAccessorImpl.invoke(NativeMethodAccessorImpl.java:62)
at sun.reflect.DelegatingMethodAccessorImpl.invoke(DelegatingMethodAccessorImpl.java:43)
at java.lang.reflect.Method.invoke(Method.java:498)
at org.testng.internal.MethodInvocationHelper.invokeMethod(MethodInvocationHelper.java:124)
at org.testng.internal.MethodInvocationHelper.invokeMethodConsideringTimeout(MethodInvocationHelper.java:59)
at org.testng.internal.Invoker.invokeConfigurationMethod(Invoker.java:458)
at org.testng.internal.Invoker.invokeConfigurations(Invoker.java:222)
at org.testng.internal.Invoker.invokeConfigurations(Invoker.java:142)
at org.testng.TestRunner.beforeRun(TestRunner.java:529)
at org.testng.TestRunner.run(TestRunner.java:497)
at org.testng.SuiteRunner.runTest(SuiteRunner.java:455)
at org.testng.SuiteRunner.runSequentially(SuiteRunner.java:450)
at org.testng.SuiteRunner.privateRun(SuiteRunner.java:415)
at org.testng.SuiteRunner.run(SuiteRunner.java:364)
at org.testng.SuiteRunnerWorker.runSuite(SuiteRunnerWorker.java:52)
at org.testng.SuiteRunnerWorker.run(SuiteRunnerWorker.java:84)
at org.testng.TestNG.runSuitesSequentially(TestNG.java:1208)
at org.testng.TestNG.runSuitesLocally(TestNG.java:1137)
at org.testng.TestNG.runSuites(TestNG.java:1049)
at org.testng.TestNG.run(TestNG.java:1017)
at org.apache.maven.surefire.testng.TestNGExecutor.run(TestNGExecutor.java:283)
at org.apache.maven.surefire.testng.TestNGXmlTestSuite.execute(TestNGXmlTestSuite.java:75)
at org.apache.maven.surefire.testng.TestNGProvider.invoke(TestNGProvider.java:120)
at org.apache.maven.surefire.booter.ForkedBooter.runSuitesInProcess(ForkedBooter.java:377)
at org.apache.maven.surefire.booter.ForkedBooter.execute(ForkedBooter.java:138)
at org.apache.maven.surefire.booter.ForkedBooter.run(ForkedBooter.java:465)
at org.apache.maven.surefire.booter.ForkedBooter.main(ForkedBooter.java:451)
]]>
            </full-stacktrace>
          </exception> <!-- org.openqa.selenium.WebDriverException -->
          <reporter-output>
          </reporter-output>
        </test-method> <!-- initiaLiseBrowser -->
        <test-method status="SKIP" signature="serviciosBuzon()[pri:0, instance:com.mkyong.busonfiscal.HomePageBusonTest@8dbdac1]" name="serviciosBuzon" duration-ms="0" started-at="2020-08-26T12:49:21Z" finished-at="2020-08-26T12:49:21Z">
          <exception class="org.openqa.selenium.WebDriverException">
            <message>
              <![CDATA[chrome not reachable
Build info: version: '3.141.59', revision: 'e82be7d358', time: '2018-11-14T08:17:03'
System info: host: 'Lisandro-Silva.local', ip: '127.0.0.1', os.name: 'Mac OS X', os.arch: 'x86_64', os.version: '10.15.2', java.version: '1.8.0_251'
Driver info: driver.version: ChromeDriver
remote stacktrace: 0   chromedriver 6                      0x000000010d2dec49 chromedriver 6 + 4893769
1   chromedriver 6                      0x000000010d2780e3 chromedriver 6 + 4473059
2   chromedriver 6                      0x000000010ceeb752 chromedriver 6 + 751442
3   chromedriver 6                      0x000000010cee1427 chromedriver 6 + 709671
4   chromedriver 6                      0x000000010ce4d2a0 chromedriver 6 + 103072
5   chromedriver 6                      0x000000010ce49696 chromedriver 6 + 87702
6   chromedriver 6                      0x000000010ce469b9 chromedriver 6 + 76217
7   chromedriver 6                      0x000000010ce79043 chromedriver 6 + 282691
8   chromedriver 6                      0x000000010ce75e43 chromedriver 6 + 269891
9   chromedriver 6                      0x000000010ce4f62a chromedriver 6 + 112170
10  chromedriver 6                      0x000000010ce50635 chromedriver 6 + 116277
11  chromedriver 6                      0x000000010d2a05af chromedriver 6 + 4638127
12  chromedriver 6                      0x000000010d2ad91b chromedriver 6 + 4692251
13  chromedriver 6                      0x000000010d2ad6bb chromedriver 6 + 4691643
14  chromedriver 6                      0x000000010d284109 chromedriver 6 + 4522249
15  chromedriver 6                      0x000000010d2adea3 chromedriver 6 + 4693667
16  chromedriver 6                      0x000000010d296073 chromedriver 6 + 4595827
17  chromedriver 6                      0x000000010d2c5094 chromedriver 6 + 4788372
18  chromedriver 6                      0x000000010d2e4db7 chromedriver 6 + 4918711
19  libsystem_pthread.dylib             0x00007fff6b735e65 _pthread_start + 148
20  libsystem_pthread.dylib             0x00007fff6b73183b thread_start + 15
]]>
            </message>
            <full-stacktrace>
              <![CDATA[org.openqa.selenium.WebDriverException: chrome not reachable
Build info: version: '3.141.59', revision: 'e82be7d358', time: '2018-11-14T08:17:03'
System info: host: 'Lisandro-Silva.local', ip: '127.0.0.1', os.name: 'Mac OS X', os.arch: 'x86_64', os.version: '10.15.2', java.version: '1.8.0_251'
Driver info: driver.version: ChromeDriver
remote stacktrace: 0   chromedriver 6                      0x000000010d2dec49 chromedriver 6 + 4893769
1   chromedriver 6                      0x000000010d2780e3 chromedriver 6 + 4473059
2   chromedriver 6                      0x000000010ceeb752 chromedriver 6 + 751442
3   chromedriver 6                      0x000000010cee1427 chromedriver 6 + 709671
4   chromedriver 6                      0x000000010ce4d2a0 chromedriver 6 + 103072
5   chromedriver 6                      0x000000010ce49696 chromedriver 6 + 87702
6   chromedriver 6                      0x000000010ce469b9 chromedriver 6 + 76217
7   chromedriver 6                      0x000000010ce79043 chromedriver 6 + 282691
8   chromedriver 6                      0x000000010ce75e43 chromedriver 6 + 269891
9   chromedriver 6                      0x000000010ce4f62a chromedriver 6 + 112170
10  chromedriver 6                      0x000000010ce50635 chromedriver 6 + 116277
11  chromedriver 6                      0x000000010d2a05af chromedriver 6 + 4638127
12  chromedriver 6                      0x000000010d2ad91b chromedriver 6 + 4692251
13  chromedriver 6                      0x000000010d2ad6bb chromedriver 6 + 4691643
14  chromedriver 6                      0x000000010d284109 chromedriver 6 + 4522249
15  chromedriver 6                      0x000000010d2adea3 chromedriver 6 + 4693667
16  chromedriver 6                      0x000000010d296073 chromedriver 6 + 4595827
17  chromedriver 6                      0x000000010d2c5094 chromedriver 6 + 4788372
18  chromedriver 6                      0x000000010d2e4db7 chromedriver 6 + 4918711
19  libsystem_pthread.dylib             0x00007fff6b735e65 _pthread_start + 148
20  libsystem_pthread.dylib             0x00007fff6b73183b thread_start + 15

at sun.reflect.NativeConstructorAccessorImpl.newInstance0(Native Method)
at sun.reflect.NativeConstructorAccessorImpl.newInstance(NativeConstructorAccessorImpl.java:62)
at sun.reflect.DelegatingConstructorAccessorImpl.newInstance(DelegatingConstructorAccessorImpl.java:45)
at java.lang.reflect.Constructor.newInstance(Constructor.java:423)
at org.openqa.selenium.remote.W3CHandshakeResponse.lambda$errorHandler$0(W3CHandshakeResponse.java:62)
at org.openqa.selenium.remote.HandshakeResponse.lambda$getResponseFunction$0(HandshakeResponse.java:30)
at org.openqa.selenium.remote.ProtocolHandshake.lambda$createSession$0(ProtocolHandshake.java:126)
at java.util.stream.ReferencePipeline$3$1.accept(ReferencePipeline.java:193)
at java.util.Spliterators$ArraySpliterator.tryAdvance(Spliterators.java:958)
at java.util.stream.ReferencePipeline.forEachWithCancel(ReferencePipeline.java:126)
at java.util.stream.AbstractPipeline.copyIntoWithCancel(AbstractPipeline.java:499)
at java.util.stream.AbstractPipeline.copyInto(AbstractPipeline.java:486)
at java.util.stream.AbstractPipeline.wrapAndCopyInto(AbstractPipeline.java:472)
at java.util.stream.FindOps$FindOp.evaluateSequential(FindOps.java:152)
at java.util.stream.AbstractPipeline.evaluate(AbstractPipeline.java:234)
at java.util.stream.ReferencePipeline.findFirst(ReferencePipeline.java:464)
at org.openqa.selenium.remote.ProtocolHandshake.createSession(ProtocolHandshake.java:128)
at org.openqa.selenium.remote.ProtocolHandshake.createSession(ProtocolHandshake.java:74)
at org.openqa.selenium.remote.HttpCommandExecutor.execute(HttpCommandExecutor.java:136)
at org.openqa.selenium.remote.service.DriverCommandExecutor.execute(DriverCommandExecutor.java:83)
at org.openqa.selenium.remote.RemoteWebDriver.execute(RemoteWebDriver.java:552)
at org.openqa.selenium.remote.RemoteWebDriver.startSession(RemoteWebDriver.java:213)
at org.openqa.selenium.remote.RemoteWebDriver.<init>(RemoteWebDriver.java:131)
at org.openqa.selenium.chrome.ChromeDriver.<init>(ChromeDriver.java:181)
at org.openqa.selenium.chrome.ChromeDriver.<init>(ChromeDriver.java:168)
at org.openqa.selenium.chrome.ChromeDriver.<init>(ChromeDriver.java:123)
at resources.base.initializeDriver(base.java:46)
at com.mkyong.busonfiscal.HomePageBusonTest.initiaLiseBrowser(HomePageBusonTest.java:35)
at sun.reflect.NativeMethodAccessorImpl.invoke0(Native Method)
at sun.reflect.NativeMethodAccessorImpl.invoke(NativeMethodAccessorImpl.java:62)
at sun.reflect.DelegatingMethodAccessorImpl.invoke(DelegatingMethodAccessorImpl.java:43)
at java.lang.reflect.Method.invoke(Method.java:498)
at org.testng.internal.MethodInvocationHelper.invokeMethod(MethodInvocationHelper.java:124)
at org.testng.internal.MethodInvocationHelper.invokeMethodConsideringTimeout(MethodInvocationHelper.java:59)
at org.testng.internal.Invoker.invokeConfigurationMethod(Invoker.java:458)
at org.testng.internal.Invoker.invokeConfigurations(Invoker.java:222)
at org.testng.internal.Invoker.invokeConfigurations(Invoker.java:142)
at org.testng.TestRunner.beforeRun(TestRunner.java:529)
at org.testng.TestRunner.run(TestRunner.java:497)
at org.testng.SuiteRunner.runTest(SuiteRunner.java:455)
at org.testng.SuiteRunner.runSequentially(SuiteRunner.java:450)
at org.testng.SuiteRunner.privateRun(SuiteRunner.java:415)
at org.testng.SuiteRunner.run(SuiteRunner.java:364)
at org.testng.SuiteRunnerWorker.runSuite(SuiteRunnerWorker.java:52)
at org.testng.SuiteRunnerWorker.run(SuiteRunnerWorker.java:84)
at org.testng.TestNG.runSuitesSequentially(TestNG.java:1208)
at org.testng.TestNG.runSuitesLocally(TestNG.java:1137)
at org.testng.TestNG.runSuites(TestNG.java:1049)
at org.testng.TestNG.run(TestNG.java:1017)
at org.apache.maven.surefire.testng.TestNGExecutor.run(TestNGExecutor.java:283)
at org.apache.maven.surefire.testng.TestNGXmlTestSuite.execute(TestNGXmlTestSuite.java:75)
at org.apache.maven.surefire.testng.TestNGProvider.invoke(TestNGProvider.java:120)
at org.apache.maven.surefire.booter.ForkedBooter.runSuitesInProcess(ForkedBooter.java:377)
at org.apache.maven.surefire.booter.ForkedBooter.execute(ForkedBooter.java:138)
at org.apache.maven.surefire.booter.ForkedBooter.run(ForkedBooter.java:465)
at org.apache.maven.surefire.booter.ForkedBooter.main(ForkedBooter.java:451)
]]>
            </full-stacktrace>
          </exception> <!-- org.openqa.selenium.WebDriverException -->
          <reporter-output>
          </reporter-output>
        </test-method> <!-- serviciosBuzon -->
        <test-method status="SKIP" signature="closeBrowser()[pri:0, instance:com.mkyong.busonfiscal.HomePageBusonTest@8dbdac1]" name="closeBrowser" is-config="true" duration-ms="0" started-at="2020-08-26T12:49:21Z" finished-at="2020-08-26T12:49:21Z">
          <reporter-output>
          </reporter-output>
        </test-method> <!-- closeBrowser -->
      </class> <!-- com.mkyong.busonfiscal.HomePageBusonTest -->
    </test> <!-- Test -->
    <test name="ClientProducto" duration-ms="114443" started-at="2020-08-26T12:49:22Z" finished-at="2020-08-26T12:51:16Z">
      <class name="com.mkyong.busonfiscal.ClientProductoTest">
        <test-method status="FAIL" signature="initiaLiseBrowser()[pri:0, instance:com.mkyong.busonfiscal.ClientProductoTest@1aa7ecca]" name="initiaLiseBrowser" is-config="true" duration-ms="114439" started-at="2020-08-26T12:49:22Z" finished-at="2020-08-26T12:51:16Z">
          <exception class="org.openqa.selenium.WebDriverException">
            <message>
              <![CDATA[chrome not reachable
Build info: version: '3.141.59', revision: 'e82be7d358', time: '2018-11-14T08:17:03'
System info: host: 'Lisandro-Silva.local', ip: '127.0.0.1', os.name: 'Mac OS X', os.arch: 'x86_64', os.version: '10.15.2', java.version: '1.8.0_251'
Driver info: driver.version: ChromeDriver
remote stacktrace: 0   chromedriver 6                      0x000000010b54ec49 chromedriver 6 + 4893769
1   chromedriver 6                      0x000000010b4e80e3 chromedriver 6 + 4473059
2   chromedriver 6                      0x000000010b15b752 chromedriver 6 + 751442
3   chromedriver 6                      0x000000010b151427 chromedriver 6 + 709671
4   chromedriver 6                      0x000000010b0bd2a0 chromedriver 6 + 103072
5   chromedriver 6                      0x000000010b0b9696 chromedriver 6 + 87702
6   chromedriver 6                      0x000000010b0b69b9 chromedriver 6 + 76217
7   chromedriver 6                      0x000000010b0e9043 chromedriver 6 + 282691
8   chromedriver 6                      0x000000010b0e5e43 chromedriver 6 + 269891
9   chromedriver 6                      0x000000010b0bf62a chromedriver 6 + 112170
10  chromedriver 6                      0x000000010b0c0635 chromedriver 6 + 116277
11  chromedriver 6                      0x000000010b5105af chromedriver 6 + 4638127
12  chromedriver 6                      0x000000010b51d91b chromedriver 6 + 4692251
13  chromedriver 6                      0x000000010b51d6bb chromedriver 6 + 4691643
14  chromedriver 6                      0x000000010b4f4109 chromedriver 6 + 4522249
15  chromedriver 6                      0x000000010b51dea3 chromedriver 6 + 4693667
16  chromedriver 6                      0x000000010b506073 chromedriver 6 + 4595827
17  chromedriver 6                      0x000000010b535094 chromedriver 6 + 4788372
18  chromedriver 6                      0x000000010b554db7 chromedriver 6 + 4918711
19  libsystem_pthread.dylib             0x00007fff6b735e65 _pthread_start + 148
20  libsystem_pthread.dylib             0x00007fff6b73183b thread_start + 15
]]>
            </message>
            <full-stacktrace>
              <![CDATA[org.openqa.selenium.WebDriverException: chrome not reachable
Build info: version: '3.141.59', revision: 'e82be7d358', time: '2018-11-14T08:17:03'
System info: host: 'Lisandro-Silva.local', ip: '127.0.0.1', os.name: 'Mac OS X', os.arch: 'x86_64', os.version: '10.15.2', java.version: '1.8.0_251'
Driver info: driver.version: ChromeDriver
remote stacktrace: 0   chromedriver 6                      0x000000010b54ec49 chromedriver 6 + 4893769
1   chromedriver 6                      0x000000010b4e80e3 chromedriver 6 + 4473059
2   chromedriver 6                      0x000000010b15b752 chromedriver 6 + 751442
3   chromedriver 6                      0x000000010b151427 chromedriver 6 + 709671
4   chromedriver 6                      0x000000010b0bd2a0 chromedriver 6 + 103072
5   chromedriver 6                      0x000000010b0b9696 chromedriver 6 + 87702
6   chromedriver 6                      0x000000010b0b69b9 chromedriver 6 + 76217
7   chromedriver 6                      0x000000010b0e9043 chromedriver 6 + 282691
8   chromedriver 6                      0x000000010b0e5e43 chromedriver 6 + 269891
9   chromedriver 6                      0x000000010b0bf62a chromedriver 6 + 112170
10  chromedriver 6                      0x000000010b0c0635 chromedriver 6 + 116277
11  chromedriver 6                      0x000000010b5105af chromedriver 6 + 4638127
12  chromedriver 6                      0x000000010b51d91b chromedriver 6 + 4692251
13  chromedriver 6                      0x000000010b51d6bb chromedriver 6 + 4691643
14  chromedriver 6                      0x000000010b4f4109 chromedriver 6 + 4522249
15  chromedriver 6                      0x000000010b51dea3 chromedriver 6 + 4693667
16  chromedriver 6                      0x000000010b506073 chromedriver 6 + 4595827
17  chromedriver 6                      0x000000010b535094 chromedriver 6 + 4788372
18  chromedriver 6                      0x000000010b554db7 chromedriver 6 + 4918711
19  libsystem_pthread.dylib             0x00007fff6b735e65 _pthread_start + 148
20  libsystem_pthread.dylib             0x00007fff6b73183b thread_start + 15

at sun.reflect.NativeConstructorAccessorImpl.newInstance0(Native Method)
at sun.reflect.NativeConstructorAccessorImpl.newInstance(NativeConstructorAccessorImpl.java:62)
at sun.reflect.DelegatingConstructorAccessorImpl.newInstance(DelegatingConstructorAccessorImpl.java:45)
at java.lang.reflect.Constructor.newInstance(Constructor.java:423)
at org.openqa.selenium.remote.W3CHandshakeResponse.lambda$errorHandler$0(W3CHandshakeResponse.java:62)
at org.openqa.selenium.remote.HandshakeResponse.lambda$getResponseFunction$0(HandshakeResponse.java:30)
at org.openqa.selenium.remote.ProtocolHandshake.lambda$createSession$0(ProtocolHandshake.java:126)
at java.util.stream.ReferencePipeline$3$1.accept(ReferencePipeline.java:193)
at java.util.Spliterators$ArraySpliterator.tryAdvance(Spliterators.java:958)
at java.util.stream.ReferencePipeline.forEachWithCancel(ReferencePipeline.java:126)
at java.util.stream.AbstractPipeline.copyIntoWithCancel(AbstractPipeline.java:499)
at java.util.stream.AbstractPipeline.copyInto(AbstractPipeline.java:486)
at java.util.stream.AbstractPipeline.wrapAndCopyInto(AbstractPipeline.java:472)
at java.util.stream.FindOps$FindOp.evaluateSequential(FindOps.java:152)
at java.util.stream.AbstractPipeline.evaluate(AbstractPipeline.java:234)
at java.util.stream.ReferencePipeline.findFirst(ReferencePipeline.java:464)
at org.openqa.selenium.remote.ProtocolHandshake.createSession(ProtocolHandshake.java:128)
at org.openqa.selenium.remote.ProtocolHandshake.createSession(ProtocolHandshake.java:74)
at org.openqa.selenium.remote.HttpCommandExecutor.execute(HttpCommandExecutor.java:136)
at org.openqa.selenium.remote.service.DriverCommandExecutor.execute(DriverCommandExecutor.java:83)
at org.openqa.selenium.remote.RemoteWebDriver.execute(RemoteWebDriver.java:552)
at org.openqa.selenium.remote.RemoteWebDriver.startSession(RemoteWebDriver.java:213)
at org.openqa.selenium.remote.RemoteWebDriver.<init>(RemoteWebDriver.java:131)
at org.openqa.selenium.chrome.ChromeDriver.<init>(ChromeDriver.java:181)
at org.openqa.selenium.chrome.ChromeDriver.<init>(ChromeDriver.java:168)
at org.openqa.selenium.chrome.ChromeDriver.<init>(ChromeDriver.java:123)
at resources.base.initializeDriver(base.java:46)
at com.mkyong.busonfiscal.ClientProductoTest.initiaLiseBrowser(ClientProductoTest.java:26)
at sun.reflect.NativeMethodAccessorImpl.invoke0(Native Method)
at sun.reflect.NativeMethodAccessorImpl.invoke(NativeMethodAccessorImpl.java:62)
at sun.reflect.DelegatingMethodAccessorImpl.invoke(DelegatingMethodAccessorImpl.java:43)
at java.lang.reflect.Method.invoke(Method.java:498)
at org.testng.internal.MethodInvocationHelper.invokeMethod(MethodInvocationHelper.java:124)
at org.testng.internal.MethodInvocationHelper.invokeMethodConsideringTimeout(MethodInvocationHelper.java:59)
at org.testng.internal.Invoker.invokeConfigurationMethod(Invoker.java:458)
at org.testng.internal.Invoker.invokeConfigurations(Invoker.java:222)
at org.testng.internal.Invoker.invokeConfigurations(Invoker.java:142)
at org.testng.TestRunner.beforeRun(TestRunner.java:529)
at org.testng.TestRunner.run(TestRunner.java:497)
at org.testng.SuiteRunner.runTest(SuiteRunner.java:455)
at org.testng.SuiteRunner.runSequentially(SuiteRunner.java:450)
at org.testng.SuiteRunner.privateRun(SuiteRunner.java:415)
at org.testng.SuiteRunner.run(SuiteRunner.java:364)
at org.testng.SuiteRunnerWorker.runSuite(SuiteRunnerWorker.java:52)
at org.testng.SuiteRunnerWorker.run(SuiteRunnerWorker.java:84)
at org.testng.TestNG.runSuitesSequentially(TestNG.java:1208)
at org.testng.TestNG.runSuitesLocally(TestNG.java:1137)
at org.testng.TestNG.runSuites(TestNG.java:1049)
at org.testng.TestNG.run(TestNG.java:1017)
at org.apache.maven.surefire.testng.TestNGExecutor.run(TestNGExecutor.java:283)
at org.apache.maven.surefire.testng.TestNGXmlTestSuite.execute(TestNGXmlTestSuite.java:75)
at org.apache.maven.surefire.testng.TestNGProvider.invoke(TestNGProvider.java:120)
at org.apache.maven.surefire.booter.ForkedBooter.runSuitesInProcess(ForkedBooter.java:377)
at org.apache.maven.surefire.booter.ForkedBooter.execute(ForkedBooter.java:138)
at org.apache.maven.surefire.booter.ForkedBooter.run(ForkedBooter.java:465)
at org.apache.maven.surefire.booter.ForkedBooter.main(ForkedBooter.java:451)
]]>
            </full-stacktrace>
          </exception> <!-- org.openqa.selenium.WebDriverException -->
          <reporter-output>
          </reporter-output>
        </test-method> <!-- initiaLiseBrowser -->
        <test-method status="SKIP" signature="asignaturaClienteProducto()[pri:0, instance:com.mkyong.busonfiscal.ClientProductoTest@1aa7ecca]" name="asignaturaClienteProducto" duration-ms="0" started-at="2020-08-26T12:51:16Z" finished-at="2020-08-26T12:51:16Z">
          <exception class="org.openqa.selenium.WebDriverException">
            <message>
              <![CDATA[chrome not reachable
Build info: version: '3.141.59', revision: 'e82be7d358', time: '2018-11-14T08:17:03'
System info: host: 'Lisandro-Silva.local', ip: '127.0.0.1', os.name: 'Mac OS X', os.arch: 'x86_64', os.version: '10.15.2', java.version: '1.8.0_251'
Driver info: driver.version: ChromeDriver
remote stacktrace: 0   chromedriver 6                      0x000000010b54ec49 chromedriver 6 + 4893769
1   chromedriver 6                      0x000000010b4e80e3 chromedriver 6 + 4473059
2   chromedriver 6                      0x000000010b15b752 chromedriver 6 + 751442
3   chromedriver 6                      0x000000010b151427 chromedriver 6 + 709671
4   chromedriver 6                      0x000000010b0bd2a0 chromedriver 6 + 103072
5   chromedriver 6                      0x000000010b0b9696 chromedriver 6 + 87702
6   chromedriver 6                      0x000000010b0b69b9 chromedriver 6 + 76217
7   chromedriver 6                      0x000000010b0e9043 chromedriver 6 + 282691
8   chromedriver 6                      0x000000010b0e5e43 chromedriver 6 + 269891
9   chromedriver 6                      0x000000010b0bf62a chromedriver 6 + 112170
10  chromedriver 6                      0x000000010b0c0635 chromedriver 6 + 116277
11  chromedriver 6                      0x000000010b5105af chromedriver 6 + 4638127
12  chromedriver 6                      0x000000010b51d91b chromedriver 6 + 4692251
13  chromedriver 6                      0x000000010b51d6bb chromedriver 6 + 4691643
14  chromedriver 6                      0x000000010b4f4109 chromedriver 6 + 4522249
15  chromedriver 6                      0x000000010b51dea3 chromedriver 6 + 4693667
16  chromedriver 6                      0x000000010b506073 chromedriver 6 + 4595827
17  chromedriver 6                      0x000000010b535094 chromedriver 6 + 4788372
18  chromedriver 6                      0x000000010b554db7 chromedriver 6 + 4918711
19  libsystem_pthread.dylib             0x00007fff6b735e65 _pthread_start + 148
20  libsystem_pthread.dylib             0x00007fff6b73183b thread_start + 15
]]>
            </message>
            <full-stacktrace>
              <![CDATA[org.openqa.selenium.WebDriverException: chrome not reachable
Build info: version: '3.141.59', revision: 'e82be7d358', time: '2018-11-14T08:17:03'
System info: host: 'Lisandro-Silva.local', ip: '127.0.0.1', os.name: 'Mac OS X', os.arch: 'x86_64', os.version: '10.15.2', java.version: '1.8.0_251'
Driver info: driver.version: ChromeDriver
remote stacktrace: 0   chromedriver 6                      0x000000010b54ec49 chromedriver 6 + 4893769
1   chromedriver 6                      0x000000010b4e80e3 chromedriver 6 + 4473059
2   chromedriver 6                      0x000000010b15b752 chromedriver 6 + 751442
3   chromedriver 6                      0x000000010b151427 chromedriver 6 + 709671
4   chromedriver 6                      0x000000010b0bd2a0 chromedriver 6 + 103072
5   chromedriver 6                      0x000000010b0b9696 chromedriver 6 + 87702
6   chromedriver 6                      0x000000010b0b69b9 chromedriver 6 + 76217
7   chromedriver 6                      0x000000010b0e9043 chromedriver 6 + 282691
8   chromedriver 6                      0x000000010b0e5e43 chromedriver 6 + 269891
9   chromedriver 6                      0x000000010b0bf62a chromedriver 6 + 112170
10  chromedriver 6                      0x000000010b0c0635 chromedriver 6 + 116277
11  chromedriver 6                      0x000000010b5105af chromedriver 6 + 4638127
12  chromedriver 6                      0x000000010b51d91b chromedriver 6 + 4692251
13  chromedriver 6                      0x000000010b51d6bb chromedriver 6 + 4691643
14  chromedriver 6                      0x000000010b4f4109 chromedriver 6 + 4522249
15  chromedriver 6                      0x000000010b51dea3 chromedriver 6 + 4693667
16  chromedriver 6                      0x000000010b506073 chromedriver 6 + 4595827
17  chromedriver 6                      0x000000010b535094 chromedriver 6 + 4788372
18  chromedriver 6                      0x000000010b554db7 chromedriver 6 + 4918711
19  libsystem_pthread.dylib             0x00007fff6b735e65 _pthread_start + 148
20  libsystem_pthread.dylib             0x00007fff6b73183b thread_start + 15

at sun.reflect.NativeConstructorAccessorImpl.newInstance0(Native Method)
at sun.reflect.NativeConstructorAccessorImpl.newInstance(NativeConstructorAccessorImpl.java:62)
at sun.reflect.DelegatingConstructorAccessorImpl.newInstance(DelegatingConstructorAccessorImpl.java:45)
at java.lang.reflect.Constructor.newInstance(Constructor.java:423)
at org.openqa.selenium.remote.W3CHandshakeResponse.lambda$errorHandler$0(W3CHandshakeResponse.java:62)
at org.openqa.selenium.remote.HandshakeResponse.lambda$getResponseFunction$0(HandshakeResponse.java:30)
at org.openqa.selenium.remote.ProtocolHandshake.lambda$createSession$0(ProtocolHandshake.java:126)
at java.util.stream.ReferencePipeline$3$1.accept(ReferencePipeline.java:193)
at java.util.Spliterators$ArraySpliterator.tryAdvance(Spliterators.java:958)
at java.util.stream.ReferencePipeline.forEachWithCancel(ReferencePipeline.java:126)
at java.util.stream.AbstractPipeline.copyIntoWithCancel(AbstractPipeline.java:499)
at java.util.stream.AbstractPipeline.copyInto(AbstractPipeline.java:486)
at java.util.stream.AbstractPipeline.wrapAndCopyInto(AbstractPipeline.java:472)
at java.util.stream.FindOps$FindOp.evaluateSequential(FindOps.java:152)
at java.util.stream.AbstractPipeline.evaluate(AbstractPipeline.java:234)
at java.util.stream.ReferencePipeline.findFirst(ReferencePipeline.java:464)
at org.openqa.selenium.remote.ProtocolHandshake.createSession(ProtocolHandshake.java:128)
at org.openqa.selenium.remote.ProtocolHandshake.createSession(ProtocolHandshake.java:74)
at org.openqa.selenium.remote.HttpCommandExecutor.execute(HttpCommandExecutor.java:136)
at org.openqa.selenium.remote.service.DriverCommandExecutor.execute(DriverCommandExecutor.java:83)
at org.openqa.selenium.remote.RemoteWebDriver.execute(RemoteWebDriver.java:552)
at org.openqa.selenium.remote.RemoteWebDriver.startSession(RemoteWebDriver.java:213)
at org.openqa.selenium.remote.RemoteWebDriver.<init>(RemoteWebDriver.java:131)
at org.openqa.selenium.chrome.ChromeDriver.<init>(ChromeDriver.java:181)
at org.openqa.selenium.chrome.ChromeDriver.<init>(ChromeDriver.java:168)
at org.openqa.selenium.chrome.ChromeDriver.<init>(ChromeDriver.java:123)
at resources.base.initializeDriver(base.java:46)
at com.mkyong.busonfiscal.ClientProductoTest.initiaLiseBrowser(ClientProductoTest.java:26)
at sun.reflect.NativeMethodAccessorImpl.invoke0(Native Method)
at sun.reflect.NativeMethodAccessorImpl.invoke(NativeMethodAccessorImpl.java:62)
at sun.reflect.DelegatingMethodAccessorImpl.invoke(DelegatingMethodAccessorImpl.java:43)
at java.lang.reflect.Method.invoke(Method.java:498)
at org.testng.internal.MethodInvocationHelper.invokeMethod(MethodInvocationHelper.java:124)
at org.testng.internal.MethodInvocationHelper.invokeMethodConsideringTimeout(MethodInvocationHelper.java:59)
at org.testng.internal.Invoker.invokeConfigurationMethod(Invoker.java:458)
at org.testng.internal.Invoker.invokeConfigurations(Invoker.java:222)
at org.testng.internal.Invoker.invokeConfigurations(Invoker.java:142)
at org.testng.TestRunner.beforeRun(TestRunner.java:529)
at org.testng.TestRunner.run(TestRunner.java:497)
at org.testng.SuiteRunner.runTest(SuiteRunner.java:455)
at org.testng.SuiteRunner.runSequentially(SuiteRunner.java:450)
at org.testng.SuiteRunner.privateRun(SuiteRunner.java:415)
at org.testng.SuiteRunner.run(SuiteRunner.java:364)
at org.testng.SuiteRunnerWorker.runSuite(SuiteRunnerWorker.java:52)
at org.testng.SuiteRunnerWorker.run(SuiteRunnerWorker.java:84)
at org.testng.TestNG.runSuitesSequentially(TestNG.java:1208)
at org.testng.TestNG.runSuitesLocally(TestNG.java:1137)
at org.testng.TestNG.runSuites(TestNG.java:1049)
at org.testng.TestNG.run(TestNG.java:1017)
at org.apache.maven.surefire.testng.TestNGExecutor.run(TestNGExecutor.java:283)
at org.apache.maven.surefire.testng.TestNGXmlTestSuite.execute(TestNGXmlTestSuite.java:75)
at org.apache.maven.surefire.testng.TestNGProvider.invoke(TestNGProvider.java:120)
at org.apache.maven.surefire.booter.ForkedBooter.runSuitesInProcess(ForkedBooter.java:377)
at org.apache.maven.surefire.booter.ForkedBooter.execute(ForkedBooter.java:138)
at org.apache.maven.surefire.booter.ForkedBooter.run(ForkedBooter.java:465)
at org.apache.maven.surefire.booter.ForkedBooter.main(ForkedBooter.java:451)
]]>
            </full-stacktrace>
          </exception> <!-- org.openqa.selenium.WebDriverException -->
          <reporter-output>
          </reporter-output>
        </test-method> <!-- asignaturaClienteProducto -->
        <test-method status="SKIP" signature="closeBrowser()[pri:0, instance:com.mkyong.busonfiscal.ClientProductoTest@1aa7ecca]" name="closeBrowser" is-config="true" duration-ms="0" started-at="2020-08-26T12:51:16Z" finished-at="2020-08-26T12:51:16Z">
          <reporter-output>
          </reporter-output>
        </test-method> <!-- closeBrowser -->
      </class> <!-- com.mkyong.busonfiscal.ClientProductoTest -->
    </test> <!-- ClientProducto -->
    <test name="Comprobante3" duration-ms="115083" started-at="2020-08-26T12:51:16Z" finished-at="2020-08-26T12:53:11Z">
      <class name="com.mkyong.busonfiscal.ReportesEmitidosTest3">
        <test-method status="FAIL" signature="initiaLiseBrowser()[pri:0, instance:com.mkyong.busonfiscal.ReportesEmitidosTest3@2a798d51]" name="initiaLiseBrowser" is-config="true" duration-ms="115081" started-at="2020-08-26T12:51:16Z" finished-at="2020-08-26T12:53:11Z">
          <exception class="org.openqa.selenium.WebDriverException">
            <message>
              <![CDATA[chrome not reachable
Build info: version: '3.141.59', revision: 'e82be7d358', time: '2018-11-14T08:17:03'
System info: host: 'Lisandro-Silva.local', ip: '127.0.0.1', os.name: 'Mac OS X', os.arch: 'x86_64', os.version: '10.15.2', java.version: '1.8.0_251'
Driver info: driver.version: ChromeDriver
remote stacktrace: 0   chromedriver 6                      0x000000010c63ac49 chromedriver 6 + 4893769
1   chromedriver 6                      0x000000010c5d40e3 chromedriver 6 + 4473059
2   chromedriver 6                      0x000000010c247752 chromedriver 6 + 751442
3   chromedriver 6                      0x000000010c23d504 chromedriver 6 + 709892
4   chromedriver 6                      0x000000010c1a965d chromedriver 6 + 104029
5   chromedriver 6                      0x000000010c1a5696 chromedriver 6 + 87702
6   chromedriver 6                      0x000000010c1a29b9 chromedriver 6 + 76217
7   chromedriver 6                      0x000000010c1d5043 chromedriver 6 + 282691
8   chromedriver 6                      0x000000010c1d1e43 chromedriver 6 + 269891
9   chromedriver 6                      0x000000010c1ab62a chromedriver 6 + 112170
10  chromedriver 6                      0x000000010c1ac635 chromedriver 6 + 116277
11  chromedriver 6                      0x000000010c5fc5af chromedriver 6 + 4638127
12  chromedriver 6                      0x000000010c60991b chromedriver 6 + 4692251
13  chromedriver 6                      0x000000010c6096bb chromedriver 6 + 4691643
14  chromedriver 6                      0x000000010c5e0109 chromedriver 6 + 4522249
15  chromedriver 6                      0x000000010c609ea3 chromedriver 6 + 4693667
16  chromedriver 6                      0x000000010c5f2073 chromedriver 6 + 4595827
17  chromedriver 6                      0x000000010c621094 chromedriver 6 + 4788372
18  chromedriver 6                      0x000000010c640db7 chromedriver 6 + 4918711
19  libsystem_pthread.dylib             0x00007fff6b735e65 _pthread_start + 148
20  libsystem_pthread.dylib             0x00007fff6b73183b thread_start + 15
]]>
            </message>
            <full-stacktrace>
              <![CDATA[org.openqa.selenium.WebDriverException: chrome not reachable
Build info: version: '3.141.59', revision: 'e82be7d358', time: '2018-11-14T08:17:03'
System info: host: 'Lisandro-Silva.local', ip: '127.0.0.1', os.name: 'Mac OS X', os.arch: 'x86_64', os.version: '10.15.2', java.version: '1.8.0_251'
Driver info: driver.version: ChromeDriver
remote stacktrace: 0   chromedriver 6                      0x000000010c63ac49 chromedriver 6 + 4893769
1   chromedriver 6                      0x000000010c5d40e3 chromedriver 6 + 4473059
2   chromedriver 6                      0x000000010c247752 chromedriver 6 + 751442
3   chromedriver 6                      0x000000010c23d504 chromedriver 6 + 709892
4   chromedriver 6                      0x000000010c1a965d chromedriver 6 + 104029
5   chromedriver 6                      0x000000010c1a5696 chromedriver 6 + 87702
6   chromedriver 6                      0x000000010c1a29b9 chromedriver 6 + 76217
7   chromedriver 6                      0x000000010c1d5043 chromedriver 6 + 282691
8   chromedriver 6                      0x000000010c1d1e43 chromedriver 6 + 269891
9   chromedriver 6                      0x000000010c1ab62a chromedriver 6 + 112170
10  chromedriver 6                      0x000000010c1ac635 chromedriver 6 + 116277
11  chromedriver 6                      0x000000010c5fc5af chromedriver 6 + 4638127
12  chromedriver 6                      0x000000010c60991b chromedriver 6 + 4692251
13  chromedriver 6                      0x000000010c6096bb chromedriver 6 + 4691643
14  chromedriver 6                      0x000000010c5e0109 chromedriver 6 + 4522249
15  chromedriver 6                      0x000000010c609ea3 chromedriver 6 + 4693667
16  chromedriver 6                      0x000000010c5f2073 chromedriver 6 + 4595827
17  chromedriver 6                      0x000000010c621094 chromedriver 6 + 4788372
18  chromedriver 6                      0x000000010c640db7 chromedriver 6 + 4918711
19  libsystem_pthread.dylib             0x00007fff6b735e65 _pthread_start + 148
20  libsystem_pthread.dylib             0x00007fff6b73183b thread_start + 15

at sun.reflect.NativeConstructorAccessorImpl.newInstance0(Native Method)
at sun.reflect.NativeConstructorAccessorImpl.newInstance(NativeConstructorAccessorImpl.java:62)
at sun.reflect.DelegatingConstructorAccessorImpl.newInstance(DelegatingConstructorAccessorImpl.java:45)
at java.lang.reflect.Constructor.newInstance(Constructor.java:423)
at org.openqa.selenium.remote.W3CHandshakeResponse.lambda$errorHandler$0(W3CHandshakeResponse.java:62)
at org.openqa.selenium.remote.HandshakeResponse.lambda$getResponseFunction$0(HandshakeResponse.java:30)
at org.openqa.selenium.remote.ProtocolHandshake.lambda$createSession$0(ProtocolHandshake.java:126)
at java.util.stream.ReferencePipeline$3$1.accept(ReferencePipeline.java:193)
at java.util.Spliterators$ArraySpliterator.tryAdvance(Spliterators.java:958)
at java.util.stream.ReferencePipeline.forEachWithCancel(ReferencePipeline.java:126)
at java.util.stream.AbstractPipeline.copyIntoWithCancel(AbstractPipeline.java:499)
at java.util.stream.AbstractPipeline.copyInto(AbstractPipeline.java:486)
at java.util.stream.AbstractPipeline.wrapAndCopyInto(AbstractPipeline.java:472)
at java.util.stream.FindOps$FindOp.evaluateSequential(FindOps.java:152)
at java.util.stream.AbstractPipeline.evaluate(AbstractPipeline.java:234)
at java.util.stream.ReferencePipeline.findFirst(ReferencePipeline.java:464)
at org.openqa.selenium.remote.ProtocolHandshake.createSession(ProtocolHandshake.java:128)
at org.openqa.selenium.remote.ProtocolHandshake.createSession(ProtocolHandshake.java:74)
at org.openqa.selenium.remote.HttpCommandExecutor.execute(HttpCommandExecutor.java:136)
at org.openqa.selenium.remote.service.DriverCommandExecutor.execute(DriverCommandExecutor.java:83)
at org.openqa.selenium.remote.RemoteWebDriver.execute(RemoteWebDriver.java:552)
at org.openqa.selenium.remote.RemoteWebDriver.startSession(RemoteWebDriver.java:213)
at org.openqa.selenium.remote.RemoteWebDriver.<init>(RemoteWebDriver.java:131)
at org.openqa.selenium.chrome.ChromeDriver.<init>(ChromeDriver.java:181)
at org.openqa.selenium.chrome.ChromeDriver.<init>(ChromeDriver.java:168)
at org.openqa.selenium.chrome.ChromeDriver.<init>(ChromeDriver.java:123)
at resources.base.initializeDriver(base.java:46)
at com.mkyong.busonfiscal.ReportesEmitidosTest3.initiaLiseBrowser(ReportesEmitidosTest3.java:27)
at sun.reflect.NativeMethodAccessorImpl.invoke0(Native Method)
at sun.reflect.NativeMethodAccessorImpl.invoke(NativeMethodAccessorImpl.java:62)
at sun.reflect.DelegatingMethodAccessorImpl.invoke(DelegatingMethodAccessorImpl.java:43)
at java.lang.reflect.Method.invoke(Method.java:498)
at org.testng.internal.MethodInvocationHelper.invokeMethod(MethodInvocationHelper.java:124)
at org.testng.internal.MethodInvocationHelper.invokeMethodConsideringTimeout(MethodInvocationHelper.java:59)
at org.testng.internal.Invoker.invokeConfigurationMethod(Invoker.java:458)
at org.testng.internal.Invoker.invokeConfigurations(Invoker.java:222)
at org.testng.internal.Invoker.invokeConfigurations(Invoker.java:142)
at org.testng.TestRunner.beforeRun(TestRunner.java:529)
at org.testng.TestRunner.run(TestRunner.java:497)
at org.testng.SuiteRunner.runTest(SuiteRunner.java:455)
at org.testng.SuiteRunner.runSequentially(SuiteRunner.java:450)
at org.testng.SuiteRunner.privateRun(SuiteRunner.java:415)
at org.testng.SuiteRunner.run(SuiteRunner.java:364)
at org.testng.SuiteRunnerWorker.runSuite(SuiteRunnerWorker.java:52)
at org.testng.SuiteRunnerWorker.run(SuiteRunnerWorker.java:84)
at org.testng.TestNG.runSuitesSequentially(TestNG.java:1208)
at org.testng.TestNG.runSuitesLocally(TestNG.java:1137)
at org.testng.TestNG.runSuites(TestNG.java:1049)
at org.testng.TestNG.run(TestNG.java:1017)
at org.apache.maven.surefire.testng.TestNGExecutor.run(TestNGExecutor.java:283)
at org.apache.maven.surefire.testng.TestNGXmlTestSuite.execute(TestNGXmlTestSuite.java:75)
at org.apache.maven.surefire.testng.TestNGProvider.invoke(TestNGProvider.java:120)
at org.apache.maven.surefire.booter.ForkedBooter.runSuitesInProcess(ForkedBooter.java:377)
at org.apache.maven.surefire.booter.ForkedBooter.execute(ForkedBooter.java:138)
at org.apache.maven.surefire.booter.ForkedBooter.run(ForkedBooter.java:465)
at org.apache.maven.surefire.booter.ForkedBooter.main(ForkedBooter.java:451)
]]>
            </full-stacktrace>
          </exception> <!-- org.openqa.selenium.WebDriverException -->
          <reporter-output>
          </reporter-output>
        </test-method> <!-- initiaLiseBrowser -->
        <test-method status="SKIP" signature="reportesEmitidos3()[pri:0, instance:com.mkyong.busonfiscal.ReportesEmitidosTest3@2a798d51]" name="reportesEmitidos3" duration-ms="0" started-at="2020-08-26T12:53:11Z" finished-at="2020-08-26T12:53:11Z">
          <exception class="org.openqa.selenium.WebDriverException">
            <message>
              <![CDATA[chrome not reachable
Build info: version: '3.141.59', revision: 'e82be7d358', time: '2018-11-14T08:17:03'
System info: host: 'Lisandro-Silva.local', ip: '127.0.0.1', os.name: 'Mac OS X', os.arch: 'x86_64', os.version: '10.15.2', java.version: '1.8.0_251'
Driver info: driver.version: ChromeDriver
remote stacktrace: 0   chromedriver 6                      0x000000010c63ac49 chromedriver 6 + 4893769
1   chromedriver 6                      0x000000010c5d40e3 chromedriver 6 + 4473059
2   chromedriver 6                      0x000000010c247752 chromedriver 6 + 751442
3   chromedriver 6                      0x000000010c23d504 chromedriver 6 + 709892
4   chromedriver 6                      0x000000010c1a965d chromedriver 6 + 104029
5   chromedriver 6                      0x000000010c1a5696 chromedriver 6 + 87702
6   chromedriver 6                      0x000000010c1a29b9 chromedriver 6 + 76217
7   chromedriver 6                      0x000000010c1d5043 chromedriver 6 + 282691
8   chromedriver 6                      0x000000010c1d1e43 chromedriver 6 + 269891
9   chromedriver 6                      0x000000010c1ab62a chromedriver 6 + 112170
10  chromedriver 6                      0x000000010c1ac635 chromedriver 6 + 116277
11  chromedriver 6                      0x000000010c5fc5af chromedriver 6 + 4638127
12  chromedriver 6                      0x000000010c60991b chromedriver 6 + 4692251
13  chromedriver 6                      0x000000010c6096bb chromedriver 6 + 4691643
14  chromedriver 6                      0x000000010c5e0109 chromedriver 6 + 4522249
15  chromedriver 6                      0x000000010c609ea3 chromedriver 6 + 4693667
16  chromedriver 6                      0x000000010c5f2073 chromedriver 6 + 4595827
17  chromedriver 6                      0x000000010c621094 chromedriver 6 + 4788372
18  chromedriver 6                      0x000000010c640db7 chromedriver 6 + 4918711
19  libsystem_pthread.dylib             0x00007fff6b735e65 _pthread_start + 148
20  libsystem_pthread.dylib             0x00007fff6b73183b thread_start + 15
]]>
            </message>
            <full-stacktrace>
              <![CDATA[org.openqa.selenium.WebDriverException: chrome not reachable
Build info: version: '3.141.59', revision: 'e82be7d358', time: '2018-11-14T08:17:03'
System info: host: 'Lisandro-Silva.local', ip: '127.0.0.1', os.name: 'Mac OS X', os.arch: 'x86_64', os.version: '10.15.2', java.version: '1.8.0_251'
Driver info: driver.version: ChromeDriver
remote stacktrace: 0   chromedriver 6                      0x000000010c63ac49 chromedriver 6 + 4893769
1   chromedriver 6                      0x000000010c5d40e3 chromedriver 6 + 4473059
2   chromedriver 6                      0x000000010c247752 chromedriver 6 + 751442
3   chromedriver 6                      0x000000010c23d504 chromedriver 6 + 709892
4   chromedriver 6                      0x000000010c1a965d chromedriver 6 + 104029
5   chromedriver 6                      0x000000010c1a5696 chromedriver 6 + 87702
6   chromedriver 6                      0x000000010c1a29b9 chromedriver 6 + 76217
7   chromedriver 6                      0x000000010c1d5043 chromedriver 6 + 282691
8   chromedriver 6                      0x000000010c1d1e43 chromedriver 6 + 269891
9   chromedriver 6                      0x000000010c1ab62a chromedriver 6 + 112170
10  chromedriver 6                      0x000000010c1ac635 chromedriver 6 + 116277
11  chromedriver 6                      0x000000010c5fc5af chromedriver 6 + 4638127
12  chromedriver 6                      0x000000010c60991b chromedriver 6 + 4692251
13  chromedriver 6                      0x000000010c6096bb chromedriver 6 + 4691643
14  chromedriver 6                      0x000000010c5e0109 chromedriver 6 + 4522249
15  chromedriver 6                      0x000000010c609ea3 chromedriver 6 + 4693667
16  chromedriver 6                      0x000000010c5f2073 chromedriver 6 + 4595827
17  chromedriver 6                      0x000000010c621094 chromedriver 6 + 4788372
18  chromedriver 6                      0x000000010c640db7 chromedriver 6 + 4918711
19  libsystem_pthread.dylib             0x00007fff6b735e65 _pthread_start + 148
20  libsystem_pthread.dylib             0x00007fff6b73183b thread_start + 15

at sun.reflect.NativeConstructorAccessorImpl.newInstance0(Native Method)
at sun.reflect.NativeConstructorAccessorImpl.newInstance(NativeConstructorAccessorImpl.java:62)
at sun.reflect.DelegatingConstructorAccessorImpl.newInstance(DelegatingConstructorAccessorImpl.java:45)
at java.lang.reflect.Constructor.newInstance(Constructor.java:423)
at org.openqa.selenium.remote.W3CHandshakeResponse.lambda$errorHandler$0(W3CHandshakeResponse.java:62)
at org.openqa.selenium.remote.HandshakeResponse.lambda$getResponseFunction$0(HandshakeResponse.java:30)
at org.openqa.selenium.remote.ProtocolHandshake.lambda$createSession$0(ProtocolHandshake.java:126)
at java.util.stream.ReferencePipeline$3$1.accept(ReferencePipeline.java:193)
at java.util.Spliterators$ArraySpliterator.tryAdvance(Spliterators.java:958)
at java.util.stream.ReferencePipeline.forEachWithCancel(ReferencePipeline.java:126)
at java.util.stream.AbstractPipeline.copyIntoWithCancel(AbstractPipeline.java:499)
at java.util.stream.AbstractPipeline.copyInto(AbstractPipeline.java:486)
at java.util.stream.AbstractPipeline.wrapAndCopyInto(AbstractPipeline.java:472)
at java.util.stream.FindOps$FindOp.evaluateSequential(FindOps.java:152)
at java.util.stream.AbstractPipeline.evaluate(AbstractPipeline.java:234)
at java.util.stream.ReferencePipeline.findFirst(ReferencePipeline.java:464)
at org.openqa.selenium.remote.ProtocolHandshake.createSession(ProtocolHandshake.java:128)
at org.openqa.selenium.remote.ProtocolHandshake.createSession(ProtocolHandshake.java:74)
at org.openqa.selenium.remote.HttpCommandExecutor.execute(HttpCommandExecutor.java:136)
at org.openqa.selenium.remote.service.DriverCommandExecutor.execute(DriverCommandExecutor.java:83)
at org.openqa.selenium.remote.RemoteWebDriver.execute(RemoteWebDriver.java:552)
at org.openqa.selenium.remote.RemoteWebDriver.startSession(RemoteWebDriver.java:213)
at org.openqa.selenium.remote.RemoteWebDriver.<init>(RemoteWebDriver.java:131)
at org.openqa.selenium.chrome.ChromeDriver.<init>(ChromeDriver.java:181)
at org.openqa.selenium.chrome.ChromeDriver.<init>(ChromeDriver.java:168)
at org.openqa.selenium.chrome.ChromeDriver.<init>(ChromeDriver.java:123)
at resources.base.initializeDriver(base.java:46)
at com.mkyong.busonfiscal.ReportesEmitidosTest3.initiaLiseBrowser(ReportesEmitidosTest3.java:27)
at sun.reflect.NativeMethodAccessorImpl.invoke0(Native Method)
at sun.reflect.NativeMethodAccessorImpl.invoke(NativeMethodAccessorImpl.java:62)
at sun.reflect.DelegatingMethodAccessorImpl.invoke(DelegatingMethodAccessorImpl.java:43)
at java.lang.reflect.Method.invoke(Method.java:498)
at org.testng.internal.MethodInvocationHelper.invokeMethod(MethodInvocationHelper.java:124)
at org.testng.internal.MethodInvocationHelper.invokeMethodConsideringTimeout(MethodInvocationHelper.java:59)
at org.testng.internal.Invoker.invokeConfigurationMethod(Invoker.java:458)
at org.testng.internal.Invoker.invokeConfigurations(Invoker.java:222)
at org.testng.internal.Invoker.invokeConfigurations(Invoker.java:142)
at org.testng.TestRunner.beforeRun(TestRunner.java:529)
at org.testng.TestRunner.run(TestRunner.java:497)
at org.testng.SuiteRunner.runTest(SuiteRunner.java:455)
at org.testng.SuiteRunner.runSequentially(SuiteRunner.java:450)
at org.testng.SuiteRunner.privateRun(SuiteRunner.java:415)
at org.testng.SuiteRunner.run(SuiteRunner.java:364)
at org.testng.SuiteRunnerWorker.runSuite(SuiteRunnerWorker.java:52)
at org.testng.SuiteRunnerWorker.run(SuiteRunnerWorker.java:84)
at org.testng.TestNG.runSuitesSequentially(TestNG.java:1208)
at org.testng.TestNG.runSuitesLocally(TestNG.java:1137)
at org.testng.TestNG.runSuites(TestNG.java:1049)
at org.testng.TestNG.run(TestNG.java:1017)
at org.apache.maven.surefire.testng.TestNGExecutor.run(TestNGExecutor.java:283)
at org.apache.maven.surefire.testng.TestNGXmlTestSuite.execute(TestNGXmlTestSuite.java:75)
at org.apache.maven.surefire.testng.TestNGProvider.invoke(TestNGProvider.java:120)
at org.apache.maven.surefire.booter.ForkedBooter.runSuitesInProcess(ForkedBooter.java:377)
at org.apache.maven.surefire.booter.ForkedBooter.execute(ForkedBooter.java:138)
at org.apache.maven.surefire.booter.ForkedBooter.run(ForkedBooter.java:465)
at org.apache.maven.surefire.booter.ForkedBooter.main(ForkedBooter.java:451)
]]>
            </full-stacktrace>
          </exception> <!-- org.openqa.selenium.WebDriverException -->
          <reporter-output>
          </reporter-output>
        </test-method> <!-- reportesEmitidos3 -->
        <test-method status="SKIP" signature="closeBrowser()[pri:0, instance:com.mkyong.busonfiscal.ReportesEmitidosTest3@2a798d51]" name="closeBrowser" is-config="true" duration-ms="0" started-at="2020-08-26T12:53:11Z" finished-at="2020-08-26T12:53:11Z">
          <reporter-output>
          </reporter-output>
        </test-method> <!-- closeBrowser -->
      </class> <!-- com.mkyong.busonfiscal.ReportesEmitidosTest3 -->
    </test> <!-- Comprobante3 -->
    <test name="Cancelacion2" duration-ms="232154" started-at="2020-08-26T12:53:11Z" finished-at="2020-08-26T12:57:03Z">
      <class name="com.mkyong.busonfiscal.ReportesEmitidosCancelacionTest3">
        <test-method status="PASS" signature="initiaLiseBrowser()[pri:0, instance:com.mkyong.busonfiscal.ReportesEmitidosCancelacionTest3@6c64cb25]" name="initiaLiseBrowser" is-config="true" duration-ms="175837" started-at="2020-08-26T12:53:11Z" finished-at="2020-08-26T12:56:07Z">
          <reporter-output>
          </reporter-output>
        </test-method> <!-- initiaLiseBrowser -->
        <test-method status="PASS" signature="reportesEmitidosCancelacion2()[pri:0, instance:com.mkyong.busonfiscal.ReportesEmitidosCancelacionTest3@6c64cb25]" name="reportesEmitidosCancelacion2" duration-ms="54390" started-at="2020-08-26T12:56:07Z" finished-at="2020-08-26T12:57:01Z">
          <reporter-output>
          </reporter-output>
        </test-method> <!-- reportesEmitidosCancelacion2 -->
        <test-method status="PASS" signature="closeBrowser()[pri:0, instance:com.mkyong.busonfiscal.ReportesEmitidosCancelacionTest3@6c64cb25]" name="closeBrowser" is-config="true" duration-ms="1920" started-at="2020-08-26T12:57:01Z" finished-at="2020-08-26T12:57:03Z">
          <reporter-output>
          </reporter-output>
        </test-method> <!-- closeBrowser -->
      </class> <!-- com.mkyong.busonfiscal.ReportesEmitidosCancelacionTest3 -->
    </test> <!-- Cancelacion2 -->
    <test name="Cancelacion3" duration-ms="70054" started-at="2020-08-26T12:57:06Z" finished-at="2020-08-26T12:58:16Z">
      <class name="com.mkyong.busonfiscal.ReportesEmitidosCancelacionTest4">
        <test-method status="PASS" signature="initiaLiseBrowser()[pri:0, instance:com.mkyong.busonfiscal.ReportesEmitidosCancelacionTest4@72d1ad2e]" name="initiaLiseBrowser" is-config="true" duration-ms="46236" started-at="2020-08-26T12:57:06Z" finished-at="2020-08-26T12:57:52Z">
          <reporter-output>
          </reporter-output>
        </test-method> <!-- initiaLiseBrowser -->
        <test-method status="FAIL" signature="reportesEmitidosCancelacion()[pri:0, instance:com.mkyong.busonfiscal.ReportesEmitidosCancelacionTest4@72d1ad2e]" name="reportesEmitidosCancelacion" duration-ms="21281" started-at="2020-08-26T12:57:52Z" finished-at="2020-08-26T12:58:13Z">
          <exception class="org.openqa.selenium.NoSuchElementException">
            <message>
              <![CDATA[no such element: Unable to locate element: {"method":"xpath","selector":"//button[contains(text(),'Aceptar')]"}
  (Session info: chrome=84.0.4147.135)
For documentation on this error, please visit: https://www.seleniumhq.org/exceptions/no_such_element.html
Build info: version: '3.141.59', revision: 'e82be7d358', time: '2018-11-14T08:17:03'
System info: host: 'Lisandro-Silva.local', ip: '127.0.0.1', os.name: 'Mac OS X', os.arch: 'x86_64', os.version: '10.15.2', java.version: '1.8.0_251'
Driver info: org.openqa.selenium.chrome.ChromeDriver
Capabilities {acceptInsecureCerts: false, browserName: chrome, browserVersion: 84.0.4147.135, chrome: {chromedriverVersion: 84.0.4147.30 (48b3e868b4cc0..., userDataDir: /var/folders/zd/xs0gg_pd749...}, goog:chromeOptions: {debuggerAddress: localhost:55981}, javascriptEnabled: true, networkConnectionEnabled: false, pageLoadStrategy: normal, platform: MAC, platformName: MAC, proxy: Proxy(), setWindowRect: true, strictFileInteractability: false, timeouts: {implicit: 0, pageLoad: 300000, script: 30000}, unhandledPromptBehavior: dismiss and notify, webauthn:virtualAuthenticators: true}
Session ID: f4c02196287936822614d7d60dea747a
*** Element info: {Using=xpath, value=//button[contains(text(),'Aceptar')]}]]>
            </message>
            <full-stacktrace>
              <![CDATA[org.openqa.selenium.NoSuchElementException: no such element: Unable to locate element: {"method":"xpath","selector":"//button[contains(text(),'Aceptar')]"}
  (Session info: chrome=84.0.4147.135)
For documentation on this error, please visit: https://www.seleniumhq.org/exceptions/no_such_element.html
Build info: version: '3.141.59', revision: 'e82be7d358', time: '2018-11-14T08:17:03'
System info: host: 'Lisandro-Silva.local', ip: '127.0.0.1', os.name: 'Mac OS X', os.arch: 'x86_64', os.version: '10.15.2', java.version: '1.8.0_251'
Driver info: org.openqa.selenium.chrome.ChromeDriver
Capabilities {acceptInsecureCerts: false, browserName: chrome, browserVersion: 84.0.4147.135, chrome: {chromedriverVersion: 84.0.4147.30 (48b3e868b4cc0..., userDataDir: /var/folders/zd/xs0gg_pd749...}, goog:chromeOptions: {debuggerAddress: localhost:55981}, javascriptEnabled: true, networkConnectionEnabled: false, pageLoadStrategy: normal, platform: MAC, platformName: MAC, proxy: Proxy(), setWindowRect: true, strictFileInteractability: false, timeouts: {implicit: 0, pageLoad: 300000, script: 30000}, unhandledPromptBehavior: dismiss and notify, webauthn:virtualAuthenticators: true}
Session ID: f4c02196287936822614d7d60dea747a
*** Element info: {Using=xpath, value=//button[contains(text(),'Aceptar')]}
at sun.reflect.NativeConstructorAccessorImpl.newInstance0(Native Method)
at sun.reflect.NativeConstructorAccessorImpl.newInstance(NativeConstructorAccessorImpl.java:62)
at sun.reflect.DelegatingConstructorAccessorImpl.newInstance(DelegatingConstructorAccessorImpl.java:45)
at java.lang.reflect.Constructor.newInstance(Constructor.java:423)
at org.openqa.selenium.remote.http.W3CHttpResponseCodec.createException(W3CHttpResponseCodec.java:187)
at org.openqa.selenium.remote.http.W3CHttpResponseCodec.decode(W3CHttpResponseCodec.java:122)
at org.openqa.selenium.remote.http.W3CHttpResponseCodec.decode(W3CHttpResponseCodec.java:49)
at org.openqa.selenium.remote.HttpCommandExecutor.execute(HttpCommandExecutor.java:158)
at org.openqa.selenium.remote.service.DriverCommandExecutor.execute(DriverCommandExecutor.java:83)
at org.openqa.selenium.remote.RemoteWebDriver.execute(RemoteWebDriver.java:552)
at org.openqa.selenium.remote.RemoteWebDriver.findElement(RemoteWebDriver.java:323)
at org.openqa.selenium.remote.RemoteWebDriver.findElementByXPath(RemoteWebDriver.java:428)
at org.openqa.selenium.By$ByXPath.findElement(By.java:353)
at org.openqa.selenium.remote.RemoteWebDriver.findElement(RemoteWebDriver.java:315)
at com.mkyong.hashing.busonfiscal.LandingPageBuson.AceptarStatus(LandingPageBuson.java:818)
at com.mkyong.busonfiscal.ReportesEmitidosCancelacionTest4.reportesEmitidosCancelacion(ReportesEmitidosCancelacionTest4.java:72)
at sun.reflect.NativeMethodAccessorImpl.invoke0(Native Method)
at sun.reflect.NativeMethodAccessorImpl.invoke(NativeMethodAccessorImpl.java:62)
at sun.reflect.DelegatingMethodAccessorImpl.invoke(DelegatingMethodAccessorImpl.java:43)
at java.lang.reflect.Method.invoke(Method.java:498)
at org.testng.internal.MethodInvocationHelper.invokeMethod(MethodInvocationHelper.java:124)
at org.testng.internal.Invoker.invokeMethod(Invoker.java:583)
at org.testng.internal.Invoker.invokeTestMethod(Invoker.java:719)
at org.testng.internal.Invoker.invokeTestMethods(Invoker.java:989)
at org.testng.internal.TestMethodWorker.invokeTestMethods(TestMethodWorker.java:125)
at org.testng.internal.TestMethodWorker.run(TestMethodWorker.java:109)
at org.testng.TestRunner.privateRun(TestRunner.java:648)
at org.testng.TestRunner.run(TestRunner.java:505)
at org.testng.SuiteRunner.runTest(SuiteRunner.java:455)
at org.testng.SuiteRunner.runSequentially(SuiteRunner.java:450)
at org.testng.SuiteRunner.privateRun(SuiteRunner.java:415)
at org.testng.SuiteRunner.run(SuiteRunner.java:364)
at org.testng.SuiteRunnerWorker.runSuite(SuiteRunnerWorker.java:52)
at org.testng.SuiteRunnerWorker.run(SuiteRunnerWorker.java:84)
at org.testng.TestNG.runSuitesSequentially(TestNG.java:1208)
at org.testng.TestNG.runSuitesLocally(TestNG.java:1137)
at org.testng.TestNG.runSuites(TestNG.java:1049)
at org.testng.TestNG.run(TestNG.java:1017)
at org.apache.maven.surefire.testng.TestNGExecutor.run(TestNGExecutor.java:283)
at org.apache.maven.surefire.testng.TestNGXmlTestSuite.execute(TestNGXmlTestSuite.java:75)
at org.apache.maven.surefire.testng.TestNGProvider.invoke(TestNGProvider.java:120)
at org.apache.maven.surefire.booter.ForkedBooter.runSuitesInProcess(ForkedBooter.java:377)
at org.apache.maven.surefire.booter.ForkedBooter.execute(ForkedBooter.java:138)
at org.apache.maven.surefire.booter.ForkedBooter.run(ForkedBooter.java:465)
at org.apache.maven.surefire.booter.ForkedBooter.main(ForkedBooter.java:451)
]]>
            </full-stacktrace>
          </exception> <!-- org.openqa.selenium.NoSuchElementException -->
          <reporter-output>
          </reporter-output>
        </test-method> <!-- reportesEmitidosCancelacion -->
        <test-method status="PASS" signature="closeBrowser()[pri:0, instance:com.mkyong.busonfiscal.ReportesEmitidosCancelacionTest4@72d1ad2e]" name="closeBrowser" is-config="true" duration-ms="588" started-at="2020-08-26T12:58:15Z" finished-at="2020-08-26T12:58:16Z">
          <reporter-output>
          </reporter-output>
        </test-method> <!-- closeBrowser -->
      </class> <!-- com.mkyong.busonfiscal.ReportesEmitidosCancelacionTest4 -->
    </test> <!-- Cancelacion3 -->
    <test name="Password" duration-ms="28079" started-at="2020-08-26T12:58:16Z" finished-at="2020-08-26T12:58:44Z">
      <class name="com.mkyong.busonfiscal.PasswordTest">
        <test-method status="PASS" signature="initiaLiseBrowser()[pri:0, instance:com.mkyong.busonfiscal.PasswordTest@35cabb2a]" name="initiaLiseBrowser" is-config="true" duration-ms="26929" started-at="2020-08-26T12:58:16Z" finished-at="2020-08-26T12:58:43Z">
          <reporter-output>
          </reporter-output>
        </test-method> <!-- initiaLiseBrowser -->
        <test-method status="PASS" signature="testPassword()[pri:0, instance:com.mkyong.busonfiscal.PasswordTest@35cabb2a]" name="testPassword" duration-ms="973" started-at="2020-08-26T12:58:43Z" finished-at="2020-08-26T12:58:44Z">
          <reporter-output>
          </reporter-output>
        </test-method> <!-- testPassword -->
        <test-method status="PASS" signature="closeBrowser()[pri:0, instance:com.mkyong.busonfiscal.PasswordTest@35cabb2a]" name="closeBrowser" is-config="true" duration-ms="176" started-at="2020-08-26T12:58:44Z" finished-at="2020-08-26T12:58:44Z">
          <reporter-output>
          </reporter-output>
        </test-method> <!-- closeBrowser -->
      </class> <!-- com.mkyong.busonfiscal.PasswordTest -->
    </test> <!-- Password -->
    <test name="Email" duration-ms="4746" started-at="2020-08-26T12:58:44Z" finished-at="2020-08-26T12:58:49Z">
      <class name="com.mkyong.busonfiscal.EmailTest">
        <test-method status="PASS" signature="initiaLiseBrowser()[pri:0, instance:com.mkyong.busonfiscal.EmailTest@1d2adfbe]" name="initiaLiseBrowser" is-config="true" duration-ms="3814" started-at="2020-08-26T12:58:44Z" finished-at="2020-08-26T12:58:48Z">
          <reporter-output>
          </reporter-output>
        </test-method> <!-- initiaLiseBrowser -->
        <test-method status="PASS" signature="correoSimples()[pri:0, instance:com.mkyong.busonfiscal.EmailTest@1d2adfbe]" name="correoSimples" duration-ms="793" started-at="2020-08-26T12:58:48Z" finished-at="2020-08-26T12:58:49Z">
          <reporter-output>
          </reporter-output>
        </test-method> <!-- correoSimples -->
        <test-method status="PASS" signature="closeBrowser()[pri:0, instance:com.mkyong.busonfiscal.EmailTest@1d2adfbe]" name="closeBrowser" is-config="true" duration-ms="137" started-at="2020-08-26T12:58:49Z" finished-at="2020-08-26T12:58:49Z">
          <reporter-output>
          </reporter-output>
        </test-method> <!-- closeBrowser -->
      </class> <!-- com.mkyong.busonfiscal.EmailTest -->
    </test> <!-- Email -->
    <test name="EmailPassword" duration-ms="5019" started-at="2020-08-26T12:58:49Z" finished-at="2020-08-26T12:58:54Z">
      <class name="com.mkyong.busonfiscal.EmailAndPasswordTest">
        <test-method status="PASS" signature="initiaLiseBrowser()[pri:0, instance:com.mkyong.busonfiscal.EmailAndPasswordTest@77847718]" name="initiaLiseBrowser" is-config="true" duration-ms="4068" started-at="2020-08-26T12:58:49Z" finished-at="2020-08-26T12:58:53Z">
          <reporter-output>
          </reporter-output>
        </test-method> <!-- initiaLiseBrowser -->
        <test-method status="PASS" signature="correoContrasena()[pri:0, instance:com.mkyong.busonfiscal.EmailAndPasswordTest@77847718]" name="correoContrasena" duration-ms="860" started-at="2020-08-26T12:58:53Z" finished-at="2020-08-26T12:58:54Z">
          <reporter-output>
          </reporter-output>
        </test-method> <!-- correoContrasena -->
        <test-method status="PASS" signature="closeBrowser()[pri:0, instance:com.mkyong.busonfiscal.EmailAndPasswordTest@77847718]" name="closeBrowser" is-config="true" duration-ms="90" started-at="2020-08-26T12:58:54Z" finished-at="2020-08-26T12:58:54Z">
          <reporter-output>
          </reporter-output>
        </test-method> <!-- closeBrowser -->
      </class> <!-- com.mkyong.busonfiscal.EmailAndPasswordTest -->
    </test> <!-- EmailPassword -->
    <test name="EmailPasswordCorrect" duration-ms="11223" started-at="2020-08-26T12:58:54Z" finished-at="2020-08-26T12:59:06Z">
      <class name="com.mkyong.busonfiscal.EmailPasswordCorrectTest">
        <test-method status="PASS" signature="initiaLiseBrowser()[pri:0, instance:com.mkyong.busonfiscal.EmailPasswordCorrectTest@c8c12ac]" name="initiaLiseBrowser" is-config="true" duration-ms="3735" started-at="2020-08-26T12:58:54Z" finished-at="2020-08-26T12:58:58Z">
          <reporter-output>
          </reporter-output>
        </test-method> <!-- initiaLiseBrowser -->
        <test-method status="PASS" signature="correoContrasenaCorreta()[pri:0, instance:com.mkyong.busonfiscal.EmailPasswordCorrectTest@c8c12ac]" name="correoContrasenaCorreta" duration-ms="7370" started-at="2020-08-26T12:58:58Z" finished-at="2020-08-26T12:59:05Z">
          <reporter-output>
          </reporter-output>
        </test-method> <!-- correoContrasenaCorreta -->
        <test-method status="PASS" signature="closeBrowser()[pri:0, instance:com.mkyong.busonfiscal.EmailPasswordCorrectTest@c8c12ac]" name="closeBrowser" is-config="true" duration-ms="117" started-at="2020-08-26T12:59:05Z" finished-at="2020-08-26T12:59:06Z">
          <reporter-output>
          </reporter-output>
        </test-method> <!-- closeBrowser -->
      </class> <!-- com.mkyong.busonfiscal.EmailPasswordCorrectTest -->
    </test> <!-- EmailPasswordCorrect -->
    <test name="DuplicadoFacturaSimples" duration-ms="38189" started-at="2020-08-26T12:59:06Z" finished-at="2020-08-26T12:59:44Z">
      <class name="com.mkyong.busonfiscal.ReportesEmitidosDuplicarComprobanteTest3">
        <test-method status="PASS" signature="initiaLiseBrowser()[pri:0, instance:com.mkyong.busonfiscal.ReportesEmitidosDuplicarComprobanteTest3@6069db50]" name="initiaLiseBrowser" is-config="true" duration-ms="3747" started-at="2020-08-26T12:59:06Z" finished-at="2020-08-26T12:59:09Z">
          <reporter-output>
          </reporter-output>
        </test-method> <!-- initiaLiseBrowser -->
        <test-method status="PASS" signature="duplicadoFacturaBasica()[pri:0, instance:com.mkyong.busonfiscal.ReportesEmitidosDuplicarComprobanteTest3@6069db50]" name="duplicadoFacturaBasica" duration-ms="34319" started-at="2020-08-26T12:59:09Z" finished-at="2020-08-26T12:59:44Z">
          <reporter-output>
          </reporter-output>
        </test-method> <!-- duplicadoFacturaBasica -->
        <test-method status="PASS" signature="closeBrowser()[pri:0, instance:com.mkyong.busonfiscal.ReportesEmitidosDuplicarComprobanteTest3@6069db50]" name="closeBrowser" is-config="true" duration-ms="122" started-at="2020-08-26T12:59:44Z" finished-at="2020-08-26T12:59:44Z">
          <reporter-output>
          </reporter-output>
        </test-method> <!-- closeBrowser -->
      </class> <!-- com.mkyong.busonfiscal.ReportesEmitidosDuplicarComprobanteTest3 -->
    </test> <!-- DuplicadoFacturaSimples -->
    <test name="DuplicadoComplLeyendasFiscales" duration-ms="37321" started-at="2020-08-26T12:59:44Z" finished-at="2020-08-26T13:00:21Z">
      <class name="com.mkyong.busonfiscal.ReportesEmitidosDuplicarComplLeyendasFiscalesTest2">
        <test-method status="PASS" signature="initiaLiseBrowser()[pri:0, instance:com.mkyong.busonfiscal.ReportesEmitidosDuplicarComplLeyendasFiscalesTest2@72967906]" name="initiaLiseBrowser" is-config="true" duration-ms="10096" started-at="2020-08-26T12:59:44Z" finished-at="2020-08-26T12:59:54Z">
          <reporter-output>
          </reporter-output>
        </test-method> <!-- initiaLiseBrowser -->
        <test-method status="PASS" signature="duplicadoLeyendasFiscalesNotificado()[pri:0, instance:com.mkyong.busonfiscal.ReportesEmitidosDuplicarComplLeyendasFiscalesTest2@72967906]" name="duplicadoLeyendasFiscalesNotificado" duration-ms="27117" started-at="2020-08-26T12:59:54Z" finished-at="2020-08-26T13:00:21Z">
          <reporter-output>
          </reporter-output>
        </test-method> <!-- duplicadoLeyendasFiscalesNotificado -->
        <test-method status="PASS" signature="closeBrowser()[pri:0, instance:com.mkyong.busonfiscal.ReportesEmitidosDuplicarComplLeyendasFiscalesTest2@72967906]" name="closeBrowser" is-config="true" duration-ms="108" started-at="2020-08-26T13:00:21Z" finished-at="2020-08-26T13:00:21Z">
          <reporter-output>
          </reporter-output>
        </test-method> <!-- closeBrowser -->
      </class> <!-- com.mkyong.busonfiscal.ReportesEmitidosDuplicarComplLeyendasFiscalesTest2 -->
    </test> <!-- DuplicadoComplLeyendasFiscales -->
    <test name="BusquedaDeReportesEmitos5" duration-ms="34294" started-at="2020-08-26T13:00:22Z" finished-at="2020-08-26T13:00:56Z">
      <class name="com.mkyong.busonfiscal.BusquedaReportesTest5">
        <test-method status="PASS" signature="initiaLiseBrowser()[pri:0, instance:com.mkyong.busonfiscal.BusquedaReportesTest5@4f83df68]" name="initiaLiseBrowser" is-config="true" duration-ms="10074" started-at="2020-08-26T13:00:22Z" finished-at="2020-08-26T13:00:32Z">
          <reporter-output>
          </reporter-output>
        </test-method> <!-- initiaLiseBrowser -->
        <test-method status="PASS" signature="busquedaDeReportes5()[pri:0, instance:com.mkyong.busonfiscal.BusquedaReportesTest5@4f83df68]" name="busquedaDeReportes5" duration-ms="24104" started-at="2020-08-26T13:00:32Z" finished-at="2020-08-26T13:00:56Z">
          <reporter-output>
          </reporter-output>
        </test-method> <!-- busquedaDeReportes5 -->
        <test-method status="PASS" signature="closeBrowser()[pri:0, instance:com.mkyong.busonfiscal.BusquedaReportesTest5@4f83df68]" name="closeBrowser" is-config="true" duration-ms="115" started-at="2020-08-26T13:00:56Z" finished-at="2020-08-26T13:00:56Z">
          <reporter-output>
          </reporter-output>
        </test-method> <!-- closeBrowser -->
      </class> <!-- com.mkyong.busonfiscal.BusquedaReportesTest5 -->
    </test> <!-- BusquedaDeReportesEmitos5 -->
    <test name="BusquedaDeReportesEmitos4" duration-ms="36940" started-at="2020-08-26T13:00:56Z" finished-at="2020-08-26T13:01:33Z">
      <class name="com.mkyong.busonfiscal.BusquedaReportesTest4">
        <test-method status="PASS" signature="initiaLiseBrowser()[pri:0, instance:com.mkyong.busonfiscal.BusquedaReportesTest4@1283bb96]" name="initiaLiseBrowser" is-config="true" duration-ms="5225" started-at="2020-08-26T13:00:56Z" finished-at="2020-08-26T13:01:01Z">
          <reporter-output>
          </reporter-output>
        </test-method> <!-- initiaLiseBrowser -->
        <test-method status="PASS" signature="busquedaDeReportes4()[pri:0, instance:com.mkyong.busonfiscal.BusquedaReportesTest4@1283bb96]" name="busquedaDeReportes4" duration-ms="31552" started-at="2020-08-26T13:01:01Z" finished-at="2020-08-26T13:01:33Z">
          <reporter-output>
          </reporter-output>
        </test-method> <!-- busquedaDeReportes4 -->
        <test-method status="PASS" signature="closeBrowser()[pri:0, instance:com.mkyong.busonfiscal.BusquedaReportesTest4@1283bb96]" name="closeBrowser" is-config="true" duration-ms="163" started-at="2020-08-26T13:01:33Z" finished-at="2020-08-26T13:01:33Z">
          <reporter-output>
          </reporter-output>
        </test-method> <!-- closeBrowser -->
      </class> <!-- com.mkyong.busonfiscal.BusquedaReportesTest4 -->
    </test> <!-- BusquedaDeReportesEmitos4 -->
    <test name="BusquedaDeReportesEmitos3" duration-ms="43459" started-at="2020-08-26T13:01:33Z" finished-at="2020-08-26T13:02:17Z">
      <class name="com.mkyong.busonfiscal.BusquedaReportesTest3">
        <test-method status="PASS" signature="initiaLiseBrowser()[pri:0, instance:com.mkyong.busonfiscal.BusquedaReportesTest3@49e53c76]" name="initiaLiseBrowser" is-config="true" duration-ms="7642" started-at="2020-08-26T13:01:33Z" finished-at="2020-08-26T13:01:41Z">
          <reporter-output>
          </reporter-output>
        </test-method> <!-- initiaLiseBrowser -->
        <test-method status="PASS" signature="busquedaDeReportes3()[pri:0, instance:com.mkyong.busonfiscal.BusquedaReportesTest3@49e53c76]" name="busquedaDeReportes3" duration-ms="35705" started-at="2020-08-26T13:01:41Z" finished-at="2020-08-26T13:02:17Z">
          <reporter-output>
          </reporter-output>
        </test-method> <!-- busquedaDeReportes3 -->
        <test-method status="PASS" signature="closeBrowser()[pri:0, instance:com.mkyong.busonfiscal.BusquedaReportesTest3@49e53c76]" name="closeBrowser" is-config="true" duration-ms="111" started-at="2020-08-26T13:02:17Z" finished-at="2020-08-26T13:02:17Z">
          <reporter-output>
          </reporter-output>
        </test-method> <!-- closeBrowser -->
      </class> <!-- com.mkyong.busonfiscal.BusquedaReportesTest3 -->
    </test> <!-- BusquedaDeReportesEmitos3 -->
    <test name="BusquedaDeReportesEmitos2" duration-ms="20044" started-at="2020-08-26T13:02:17Z" finished-at="2020-08-26T13:02:37Z">
      <class name="com.mkyong.busonfiscal.BusquedaReportesTest2">
        <test-method status="PASS" signature="initiaLiseBrowser()[pri:0, instance:com.mkyong.busonfiscal.BusquedaReportesTest2@799f10e1]" name="initiaLiseBrowser" is-config="true" duration-ms="4310" started-at="2020-08-26T13:02:17Z" finished-at="2020-08-26T13:02:21Z">
          <reporter-output>
          </reporter-output>
        </test-method> <!-- initiaLiseBrowser -->
        <test-method status="PASS" signature="buquedaDeReportes2()[pri:0, instance:com.mkyong.busonfiscal.BusquedaReportesTest2@799f10e1]" name="buquedaDeReportes2" duration-ms="15578" started-at="2020-08-26T13:02:21Z" finished-at="2020-08-26T13:02:37Z">
          <reporter-output>
          </reporter-output>
        </test-method> <!-- buquedaDeReportes2 -->
        <test-method status="PASS" signature="closeBrowser()[pri:0, instance:com.mkyong.busonfiscal.BusquedaReportesTest2@799f10e1]" name="closeBrowser" is-config="true" duration-ms="154" started-at="2020-08-26T13:02:37Z" finished-at="2020-08-26T13:02:37Z">
[...]
at org.apache.maven.surefire.booter.ForkedBooter.execute(ForkedBooter.java:138)
at org.apache.maven.surefire.booter.ForkedBooter.run(ForkedBooter.java:465)
at org.apache.maven.surefire.booter.ForkedBooter.main(ForkedBooter.java:451)
]]>
            </full-stacktrace>
          </exception> <!-- org.openqa.selenium.ElementNotInteractableException -->
          <reporter-output>
          </reporter-output>
        </test-method> <!-- conciliacionFiscal1 -->
        <test-method status="PASS" signature="closeBrowser()[pri:0, instance:com.mkyong.conciliacion.conector.ConciliacionTest64@44821a96]" name="closeBrowser" is-config="true" duration-ms="183" started-at="2020-08-26T13:53:30Z" finished-at="2020-08-26T13:53:30Z">
          <reporter-output>
          </reporter-output>
        </test-method> <!-- closeBrowser -->
      </class> <!-- com.mkyong.conciliacion.conector.ConciliacionTest64 -->
    </test> <!-- Conciliacion12 -->
    <test name="Conciliacion13" duration-ms="60609" started-at="2020-08-26T13:53:30Z" finished-at="2020-08-26T13:54:31Z">
      <class name="com.mkyong.conciliacion.conector.ConciliacionTest65">
        <test-method status="PASS" signature="initiaLiseBrowser()[pri:0, instance:com.mkyong.conciliacion.conector.ConciliacionTest65@625732]" name="initiaLiseBrowser" is-config="true" duration-ms="17315" started-at="2020-08-26T13:53:30Z" finished-at="2020-08-26T13:53:47Z">
          <reporter-output>
          </reporter-output>
        </test-method> <!-- initiaLiseBrowser -->
        <test-method status="PASS" signature="conciliacionFiscal1()[pri:0, instance:com.mkyong.conciliacion.conector.ConciliacionTest65@625732]" name="conciliacionFiscal1" duration-ms="43085" started-at="2020-08-26T13:53:47Z" finished-at="2020-08-26T13:54:30Z">
          <reporter-output>
          </reporter-output>
        </test-method> <!-- conciliacionFiscal1 -->
        <test-method status="PASS" signature="closeBrowser()[pri:0, instance:com.mkyong.conciliacion.conector.ConciliacionTest65@625732]" name="closeBrowser" is-config="true" duration-ms="207" started-at="2020-08-26T13:54:30Z" finished-at="2020-08-26T13:54:31Z">
          <reporter-output>
          </reporter-output>
        </test-method> <!-- closeBrowser -->
      </class> <!-- com.mkyong.conciliacion.conector.ConciliacionTest65 -->
    </test> <!-- Conciliacion13 -->
    <test name="JesDetail" duration-ms="62631" started-at="2020-08-26T13:54:31Z" finished-at="2020-08-26T13:55:34Z">
      <class name="com.mkyong.buson.jes.detail.DonativosJesDetailTest">
        <test-method status="PASS" signature="initiaLiseBrowser()[pri:0, instance:com.mkyong.buson.jes.detail.DonativosJesDetailTest@6631f5ca]" name="initiaLiseBrowser" is-config="true" duration-ms="23505" started-at="2020-08-26T13:54:31Z" finished-at="2020-08-26T13:54:55Z">
          <reporter-output>
          </reporter-output>
        </test-method> <!-- initiaLiseBrowser -->
        <test-method status="PASS" signature="donativosDetailJes()[pri:0, instance:com.mkyong.buson.jes.detail.DonativosJesDetailTest@6631f5ca]" name="donativosDetailJes" duration-ms="38938" started-at="2020-08-26T13:54:55Z" finished-at="2020-08-26T13:55:33Z">
          <reporter-output>
          </reporter-output>
        </test-method> <!-- donativosDetailJes -->
        <test-method status="PASS" signature="closeBrowser()[pri:0, instance:com.mkyong.buson.jes.detail.DonativosJesDetailTest@6631f5ca]" name="closeBrowser" is-config="true" duration-ms="188" started-at="2020-08-26T13:55:33Z" finished-at="2020-08-26T13:55:34Z">
          <reporter-output>
          </reporter-output>
        </test-method> <!-- closeBrowser -->
      </class> <!-- com.mkyong.buson.jes.detail.DonativosJesDetailTest -->
    </test> <!-- JesDetail -->
    <test name="JesDetail1" duration-ms="47401" started-at="2020-08-26T13:55:34Z" finished-at="2020-08-26T13:56:21Z">
      <class name="com.mkyong.buson.jes.detail.FacturaAdendaMultiAssistenciaJesDetailTest">
        <test-method status="PASS" signature="initiaLiseBrowser()[pri:0, instance:com.mkyong.buson.jes.detail.FacturaAdendaMultiAssistenciaJesDetailTest@34f5090e]" name="initiaLiseBrowser" is-config="true" duration-ms="17117" started-at="2020-08-26T13:55:34Z" finished-at="2020-08-26T13:55:51Z">
          <reporter-output>
          </reporter-output>
        </test-method> <!-- initiaLiseBrowser -->
        <test-method status="PASS" signature="facturaAdendaMultAssistDetailJes()[pri:0, instance:com.mkyong.buson.jes.detail.FacturaAdendaMultiAssistenciaJesDetailTest@34f5090e]" name="facturaAdendaMultAssistDetailJes" duration-ms="30168" started-at="2020-08-26T13:55:51Z" finished-at="2020-08-26T13:56:21Z">
          <reporter-output>
          </reporter-output>
        </test-method> <!-- facturaAdendaMultAssistDetailJes -->
        <test-method status="PASS" signature="closeBrowser()[pri:0, instance:com.mkyong.buson.jes.detail.FacturaAdendaMultiAssistenciaJesDetailTest@34f5090e]" name="closeBrowser" is-config="true" duration-ms="115" started-at="2020-08-26T13:56:21Z" finished-at="2020-08-26T13:56:21Z">
          <reporter-output>
          </reporter-output>
        </test-method> <!-- closeBrowser -->
      </class> <!-- com.mkyong.buson.jes.detail.FacturaAdendaMultiAssistenciaJesDetailTest -->
    </test> <!-- JesDetail1 -->
    <test name="JesDetail2" duration-ms="57655" started-at="2020-08-26T13:56:21Z" finished-at="2020-08-26T13:57:19Z">
      <class name="com.mkyong.buson.jes.detail.FacturaBasicaJesDetailTest">
        <test-method status="PASS" signature="initiaLiseBrowser()[pri:0, instance:com.mkyong.buson.jes.detail.FacturaBasicaJesDetailTest@306f16f3]" name="initiaLiseBrowser" is-config="true" duration-ms="19703" started-at="2020-08-26T13:56:21Z" finished-at="2020-08-26T13:56:41Z">
          <reporter-output>
          </reporter-output>
        </test-method> <!-- initiaLiseBrowser -->
        <test-method status="PASS" signature="facturaBasicaDetailJes()[pri:0, instance:com.mkyong.buson.jes.detail.FacturaBasicaJesDetailTest@306f16f3]" name="facturaBasicaDetailJes" duration-ms="37645" started-at="2020-08-26T13:56:41Z" finished-at="2020-08-26T13:57:19Z">
          <reporter-output>
          </reporter-output>
        </test-method> <!-- facturaBasicaDetailJes -->
        <test-method status="PASS" signature="closeBrowser()[pri:0, instance:com.mkyong.buson.jes.detail.FacturaBasicaJesDetailTest@306f16f3]" name="closeBrowser" is-config="true" duration-ms="306" started-at="2020-08-26T13:57:19Z" finished-at="2020-08-26T13:57:19Z">
          <reporter-output>
          </reporter-output>
        </test-method> <!-- closeBrowser -->
      </class> <!-- com.mkyong.buson.jes.detail.FacturaBasicaJesDetailTest -->
    </test> <!-- JesDetail2 -->
    <test name="JesDetail3" duration-ms="53083" started-at="2020-08-26T13:57:19Z" finished-at="2020-08-26T13:58:12Z">
      <class name="com.mkyong.buson.jes.detail.FacturaCartaPorteJesDetailTest">
        <test-method status="PASS" signature="initiaLiseBrowser()[pri:0, instance:com.mkyong.buson.jes.detail.FacturaCartaPorteJesDetailTest@550ee7e5]" name="initiaLiseBrowser" is-config="true" duration-ms="23355" started-at="2020-08-26T13:57:19Z" finished-at="2020-08-26T13:57:43Z">
          <reporter-output>
          </reporter-output>
        </test-method> <!-- initiaLiseBrowser -->
        <test-method status="PASS" signature="facturaCartaPorteDetailJes()[pri:0, instance:com.mkyong.buson.jes.detail.FacturaCartaPorteJesDetailTest@550ee7e5]" name="facturaCartaPorteDetailJes" duration-ms="29484" started-at="2020-08-26T13:57:43Z" finished-at="2020-08-26T13:58:12Z">
          <reporter-output>
          </reporter-output>
        </test-method> <!-- facturaCartaPorteDetailJes -->
        <test-method status="PASS" signature="closeBrowser()[pri:0, instance:com.mkyong.buson.jes.detail.FacturaCartaPorteJesDetailTest@550ee7e5]" name="closeBrowser" is-config="true" duration-ms="243" started-at="2020-08-26T13:58:12Z" finished-at="2020-08-26T13:58:12Z">
          <reporter-output>
          </reporter-output>
        </test-method> <!-- closeBrowser -->
      </class> <!-- com.mkyong.buson.jes.detail.FacturaCartaPorteJesDetailTest -->
    </test> <!-- JesDetail3 -->
    <test name="JesDetail4" duration-ms="46167" started-at="2020-08-26T13:58:12Z" finished-at="2020-08-26T13:58:59Z">
      <class name="com.mkyong.buson.jes.detail.FacturaPagoJesDetailTest">
        <test-method status="PASS" signature="initiaLiseBrowser()[pri:0, instance:com.mkyong.buson.jes.detail.FacturaPagoJesDetailTest@223aa2f7]" name="initiaLiseBrowser" is-config="true" duration-ms="20914" started-at="2020-08-26T13:58:12Z" finished-at="2020-08-26T13:58:33Z">
          <reporter-output>
          </reporter-output>
        </test-method> <!-- initiaLiseBrowser -->
        <test-method status="PASS" signature="facturaPagoDetailJes()[pri:0, instance:com.mkyong.buson.jes.detail.FacturaPagoJesDetailTest@223aa2f7]" name="facturaPagoDetailJes" duration-ms="25099" started-at="2020-08-26T13:58:33Z" finished-at="2020-08-26T13:58:58Z">
          <reporter-output>
          </reporter-output>
        </test-method> <!-- facturaPagoDetailJes -->
        <test-method status="PASS" signature="closeBrowser()[pri:0, instance:com.mkyong.buson.jes.detail.FacturaPagoJesDetailTest@223aa2f7]" name="closeBrowser" is-config="true" duration-ms="152" started-at="2020-08-26T13:58:58Z" finished-at="2020-08-26T13:58:59Z">
          <reporter-output>
          </reporter-output>
        </test-method> <!-- closeBrowser -->
      </class> <!-- com.mkyong.buson.jes.detail.FacturaPagoJesDetailTest -->
    </test> <!-- JesDetail4 -->
    <test name="JesDetail5" duration-ms="49045" started-at="2020-08-26T13:58:59Z" finished-at="2020-08-26T13:59:48Z">
      <class name="com.mkyong.buson.jes.detail.ImpuestosLocalesJesDetailTest">
        <test-method status="PASS" signature="initiaLiseBrowser()[pri:0, instance:com.mkyong.buson.jes.detail.ImpuestosLocalesJesDetailTest@d29f28]" name="initiaLiseBrowser" is-config="true" duration-ms="12579" started-at="2020-08-26T13:58:59Z" finished-at="2020-08-26T13:59:11Z">
          <reporter-output>
          </reporter-output>
        </test-method> <!-- initiaLiseBrowser -->
        <test-method status="PASS" signature="impuestosLocalesDetailJes()[pri:0, instance:com.mkyong.buson.jes.detail.ImpuestosLocalesJesDetailTest@d29f28]" name="impuestosLocalesDetailJes" duration-ms="35926" started-at="2020-08-26T13:59:11Z" finished-at="2020-08-26T13:59:47Z">
          <reporter-output>
          </reporter-output>
        </test-method> <!-- impuestosLocalesDetailJes -->
        <test-method status="PASS" signature="closeBrowser()[pri:0, instance:com.mkyong.buson.jes.detail.ImpuestosLocalesJesDetailTest@d29f28]" name="closeBrowser" is-config="true" duration-ms="538" started-at="2020-08-26T13:59:47Z" finished-at="2020-08-26T13:59:48Z">
          <reporter-output>
          </reporter-output>
        </test-method> <!-- closeBrowser -->
      </class> <!-- com.mkyong.buson.jes.detail.ImpuestosLocalesJesDetailTest -->
    </test> <!-- JesDetail5 -->
    <test name="JesDetail6" duration-ms="62354" started-at="2020-08-26T13:59:48Z" finished-at="2020-08-26T14:00:50Z">
      <class name="com.mkyong.buson.jes.detail.INEJesDetailTest">
        <test-method status="PASS" signature="initiaLiseBrowser()[pri:0, instance:com.mkyong.buson.jes.detail.INEJesDetailTest@793be5ca]" name="initiaLiseBrowser" is-config="true" duration-ms="26391" started-at="2020-08-26T13:59:48Z" finished-at="2020-08-26T14:00:14Z">
          <reporter-output>
          </reporter-output>
        </test-method> <!-- initiaLiseBrowser -->
        <test-method status="PASS" signature="ineDetailJes()[pri:0, instance:com.mkyong.buson.jes.detail.INEJesDetailTest@793be5ca]" name="ineDetailJes" duration-ms="35753" started-at="2020-08-26T14:00:14Z" finished-at="2020-08-26T14:00:50Z">
          <reporter-output>
          </reporter-output>
        </test-method> <!-- ineDetailJes -->
        <test-method status="PASS" signature="closeBrowser()[pri:0, instance:com.mkyong.buson.jes.detail.INEJesDetailTest@793be5ca]" name="closeBrowser" is-config="true" duration-ms="209" started-at="2020-08-26T14:00:50Z" finished-at="2020-08-26T14:00:50Z">
          <reporter-output>
          </reporter-output>
        </test-method> <!-- closeBrowser -->
      </class> <!-- com.mkyong.buson.jes.detail.INEJesDetailTest -->
    </test> <!-- JesDetail6 -->
    <test name="JesDetail7" duration-ms="48236" started-at="2020-08-26T14:00:51Z" finished-at="2020-08-26T14:01:39Z">
      <class name="com.mkyong.buson.jes.detail.InstituicionesEducativasJesDetailTest">
        <test-method status="PASS" signature="initiaLiseBrowser()[pri:0, instance:com.mkyong.buson.jes.detail.InstituicionesEducativasJesDetailTest@101952da]" name="initiaLiseBrowser" is-config="true" duration-ms="17952" started-at="2020-08-26T14:00:51Z" finished-at="2020-08-26T14:01:09Z">
          <reporter-output>
          </reporter-output>
        </test-method> <!-- initiaLiseBrowser -->
        <test-method status="PASS" signature="instituicionesEducativasDetailJes()[pri:0, instance:com.mkyong.buson.jes.detail.InstituicionesEducativasJesDetailTest@101952da]" name="instituicionesEducativasDetailJes" duration-ms="29596" started-at="2020-08-26T14:01:09Z" finished-at="2020-08-26T14:01:38Z">
          <reporter-output>
          </reporter-output>
        </test-method> <!-- instituicionesEducativasDetailJes -->
        <test-method status="PASS" signature="closeBrowser()[pri:0, instance:com.mkyong.buson.jes.detail.InstituicionesEducativasJesDetailTest@101952da]" name="closeBrowser" is-config="true" duration-ms="688" started-at="2020-08-26T14:01:38Z" finished-at="2020-08-26T14:01:39Z">
          <reporter-output>
          </reporter-output>
        </test-method> <!-- closeBrowser -->
      </class> <!-- com.mkyong.buson.jes.detail.InstituicionesEducativasJesDetailTest -->
    </test> <!-- JesDetail7 -->
    <test name="JesDetail8" duration-ms="57036" started-at="2020-08-26T14:01:39Z" finished-at="2020-08-26T14:02:36Z">
      <class name="com.mkyong.buson.jes.detail.LeyendasFiscalesJesDetailTest">
        <test-method status="PASS" signature="initiaLiseBrowser()[pri:0, instance:com.mkyong.buson.jes.detail.LeyendasFiscalesJesDetailTest@ea6147e]" name="initiaLiseBrowser" is-config="true" duration-ms="21652" started-at="2020-08-26T14:01:39Z" finished-at="2020-08-26T14:02:01Z">
          <reporter-output>
          </reporter-output>
        </test-method> <!-- initiaLiseBrowser -->
        <test-method status="PASS" signature="leyendasFiscalesDetailJes()[pri:0, instance:com.mkyong.buson.jes.detail.LeyendasFiscalesJesDetailTest@ea6147e]" name="leyendasFiscalesDetailJes" duration-ms="34836" started-at="2020-08-26T14:02:01Z" finished-at="2020-08-26T14:02:35Z">
          <reporter-output>
          </reporter-output>
        </test-method> <!-- leyendasFiscalesDetailJes -->
        <test-method status="PASS" signature="closeBrowser()[pri:0, instance:com.mkyong.buson.jes.detail.LeyendasFiscalesJesDetailTest@ea6147e]" name="closeBrowser" is-config="true" duration-ms="548" started-at="2020-08-26T14:02:35Z" finished-at="2020-08-26T14:02:36Z">
          <reporter-output>
          </reporter-output>
        </test-method> <!-- closeBrowser -->
      </class> <!-- com.mkyong.buson.jes.detail.LeyendasFiscalesJesDetailTest -->
    </test> <!-- JesDetail8 -->
    <test name="JesDetail9" duration-ms="51960" started-at="2020-08-26T14:02:36Z" finished-at="2020-08-26T14:03:28Z">
      <class name="com.mkyong.buson.jes.detail.NotaDeCreditoJesDetailTest">
        <test-method status="PASS" signature="initiaLiseBrowser()[pri:0, instance:com.mkyong.buson.jes.detail.NotaDeCreditoJesDetailTest@4bb33f74]" name="initiaLiseBrowser" is-config="true" duration-ms="20017" started-at="2020-08-26T14:02:36Z" finished-at="2020-08-26T14:02:56Z">
          <reporter-output>
          </reporter-output>
        </test-method> <!-- initiaLiseBrowser -->
        <test-method status="PASS" signature="notaDeCreditoDetailJes()[pri:0, instance:com.mkyong.buson.jes.detail.NotaDeCreditoJesDetailTest@4bb33f74]" name="notaDeCreditoDetailJes" duration-ms="31749" started-at="2020-08-26T14:02:56Z" finished-at="2020-08-26T14:03:28Z">
          <reporter-output>
          </reporter-output>
        </test-method> <!-- notaDeCreditoDetailJes -->
        <test-method status="PASS" signature="closeBrowser()[pri:0, instance:com.mkyong.buson.jes.detail.NotaDeCreditoJesDetailTest@4bb33f74]" name="closeBrowser" is-config="true" duration-ms="192" started-at="2020-08-26T14:03:28Z" finished-at="2020-08-26T14:03:28Z">
          <reporter-output>
          </reporter-output>
        </test-method> <!-- closeBrowser -->
      </class> <!-- com.mkyong.buson.jes.detail.NotaDeCreditoJesDetailTest -->
    </test> <!-- JesDetail9 -->
    <test name="JesDetail10" duration-ms="70896" started-at="2020-08-26T14:03:28Z" finished-at="2020-08-26T14:04:39Z">
      <class name="com.mkyong.buson.jes.detail.NotariosPublicosJesDetailTest">
        <test-method status="PASS" signature="initiaLiseBrowser()[pri:0, instance:com.mkyong.buson.jes.detail.NotariosPublicosJesDetailTest@10d307f1]" name="initiaLiseBrowser" is-config="true" duration-ms="18552" started-at="2020-08-26T14:03:28Z" finished-at="2020-08-26T14:03:47Z">
          <reporter-output>
          </reporter-output>
        </test-method> <!-- initiaLiseBrowser -->
        <test-method status="PASS" signature="notariosPublicosDetailJes()[pri:0, instance:com.mkyong.buson.jes.detail.NotariosPublicosJesDetailTest@10d307f1]" name="notariosPublicosDetailJes" duration-ms="51789" started-at="2020-08-26T14:03:47Z" finished-at="2020-08-26T14:04:39Z">
          <reporter-output>
          </reporter-output>
        </test-method> <!-- notariosPublicosDetailJes -->
        <test-method status="PASS" signature="closeBrowser()[pri:0, instance:com.mkyong.buson.jes.detail.NotariosPublicosJesDetailTest@10d307f1]" name="closeBrowser" is-config="true" duration-ms="555" started-at="2020-08-26T14:04:39Z" finished-at="2020-08-26T14:04:39Z">
          <reporter-output>
          </reporter-output>
        </test-method> <!-- closeBrowser -->
      </class> <!-- com.mkyong.buson.jes.detail.NotariosPublicosJesDetailTest -->
    </test> <!-- JesDetail10 -->
    <test name="JesDetail11" duration-ms="57676" started-at="2020-08-26T14:04:40Z" finished-at="2020-08-26T14:05:37Z">
      <class name="com.mkyong.buson.jes.detail.VehiculosUsadosJesDetailTest">
        <test-method status="PASS" signature="initiaLiseBrowser()[pri:0, instance:com.mkyong.buson.jes.detail.VehiculosUsadosJesDetailTest@7e5afaa6]" name="initiaLiseBrowser" is-config="true" duration-ms="21798" started-at="2020-08-26T14:04:40Z" finished-at="2020-08-26T14:05:01Z">
          <reporter-output>
          </reporter-output>
        </test-method> <!-- initiaLiseBrowser -->
        <test-method status="PASS" signature="vehiculosUsadosDetailJes()[pri:0, instance:com.mkyong.buson.jes.detail.VehiculosUsadosJesDetailTest@7e5afaa6]" name="vehiculosUsadosDetailJes" duration-ms="35527" started-at="2020-08-26T14:05:01Z" finished-at="2020-08-26T14:05:37Z">
          <reporter-output>
          </reporter-output>
        </test-method> <!-- vehiculosUsadosDetailJes -->
        <test-method status="PASS" signature="closeBrowser()[pri:0, instance:com.mkyong.buson.jes.detail.VehiculosUsadosJesDetailTest@7e5afaa6]" name="closeBrowser" is-config="true" duration-ms="350" started-at="2020-08-26T14:05:37Z" finished-at="2020-08-26T14:05:37Z">
          <reporter-output>
          </reporter-output>
        </test-method> <!-- closeBrowser -->
      </class> <!-- com.mkyong.buson.jes.detail.VehiculosUsadosJesDetailTest -->
    </test> <!-- JesDetail11 -->
  </suite> <!-- Suite -->
</testng-results>
