<?xml version="1.0" encoding="UTF-8"?>
<testsuite xmlns:xsi="http://www.w3.org/2001/XMLSchema-instance" xsi:noNamespaceSchemaLocation="https://maven.apache.org/surefire/maven-surefire-plugin/xsd/surefire-test-report-3.0.xsd" version="3.0" name="TestSuite" time="3,459.617" tests="100" errors="0" skipped="0" failures="11">
  <properties>
[...]
</properties>
  <testcase name="serviciosBuzon" classname="com.mkyong.busonfiscal.HomePageBusonTest" time="95.681">
    <system-out><![CDATA[Chrome
Contninue the operation
]]></system-out>
    <system-err><![CDATA[Starting ChromeDriver 84.0.4147.30 (48b3e868b4cc0aa7e8149519690b6f6949e110a8-refs/branch-heads/4147@{#310}) on port 7894
Only local connections are allowed.
Please see https://chromedriver.chromium.org/security-considerations for suggestions on keeping ChromeDriver safe.
ChromeDriver was started successfully.
[1599054558.335][WARNING]: This version of ChromeDriver has not been tested with Chrome version 85.
Sep 02, 2020 8:49:18 AM org.openqa.selenium.remote.ProtocolHandshake createSession
INFO: Detected dialect: W3C
]]></system-err>
  </testcase>
  <testcase name="asignaturaClienteProducto" classname="com.mkyong.busonfiscal.ClientProductoTest" time="41.589">
    <system-out><![CDATA[Chrome
Continue the operation
]]></system-out>
    <system-err><![CDATA[Starting ChromeDriver 84.0.4147.30 (48b3e868b4cc0aa7e8149519690b6f6949e110a8-refs/branch-heads/4147@{#310}) on port 14141
Only local connections are allowed.
Please see https://chromedriver.chromium.org/security-considerations for suggestions on keeping ChromeDriver safe.
ChromeDriver was started successfully.
[1599054665.649][WARNING]: This version of ChromeDriver has not been tested with Chrome version 85.
Sep 02, 2020 8:51:05 AM org.openqa.selenium.remote.ProtocolHandshake createSession
INFO: Detected dialect: W3C
]]></system-err>
  </testcase>
  <testcase name="reportesEmitidos3" classname="com.mkyong.busonfiscal.ReportesEmitidosTest3" time="39.534">
    <system-out><![CDATA[Chrome
Continue the operation
]]></system-out>
    <system-err><![CDATA[Starting ChromeDriver 84.0.4147.30 (48b3e868b4cc0aa7e8149519690b6f6949e110a8-refs/branch-heads/4147@{#310}) on port 29466
Only local connections are allowed.
Please see https://chromedriver.chromium.org/security-considerations for suggestions on keeping ChromeDriver safe.
ChromeDriver was started successfully.
[1599054713.325][WARNING]: This version of ChromeDriver has not been tested with Chrome version 85.
Sep 02, 2020 8:51:53 AM org.openqa.selenium.remote.ProtocolHandshake createSession
INFO: Detected dialect: W3C
]]></system-err>
  </testcase>
  <testcase name="reportesEmitidosCancelacion2" classname="com.mkyong.busonfiscal.ReportesEmitidosCancelacionTest3" time="50.011">
    <system-out><![CDATA[Chrome
Continue the operation
]]></system-out>
    <system-err><![CDATA[Starting ChromeDriver 84.0.4147.30 (48b3e868b4cc0aa7e8149519690b6f6949e110a8-refs/branch-heads/4147@{#310}) on port 12713
Only local connections are allowed.
Please see https://chromedriver.chromium.org/security-considerations for suggestions on keeping ChromeDriver safe.
ChromeDriver was started successfully.
[1599054758.825][WARNING]: This version of ChromeDriver has not been tested with Chrome version 85.
Sep 02, 2020 8:52:38 AM org.openqa.selenium.remote.ProtocolHandshake createSession
INFO: Detected dialect: W3C
]]></system-err>
  </testcase>
  <testcase name="reportesEmitidosCancelacion" classname="com.mkyong.busonfiscal.ReportesEmitidosCancelacionTest4" time="20.453">
    <failure message="no such element: Unable to locate element: {&quot;method&quot;:&quot;xpath&quot;,&quot;selector&quot;:&quot;//button[contains(text(),&apos;Aceptar&apos;)]&quot;}&#10;  (Session info: chrome=85.0.4183.83)&#10;For documentation on this error, please visit: https://www.seleniumhq.org/exceptions/no_such_element.html&#10;Build info: version: &apos;3.141.59&apos;, revision: &apos;e82be7d358&apos;, time: &apos;2018-11-14T08:17:03&apos;&#10;System info: host: &apos;Lisandro-Silva.local&apos;, ip: &apos;127.0.0.1&apos;, os.name: &apos;Mac OS X&apos;, os.arch: &apos;x86_64&apos;, os.version: &apos;10.15.6&apos;, java.version: &apos;1.8.0_251&apos;&#10;Driver info: org.openqa.selenium.chrome.ChromeDriver&#10;Capabilities {acceptInsecureCerts: false, browserName: chrome, browserVersion: 85.0.4183.83, chrome: {chromedriverVersion: 84.0.4147.30 (48b3e868b4cc0..., userDataDir: /var/folders/zd/xs0gg_pd749...}, goog:chromeOptions: {debuggerAddress: localhost:57248}, javascriptEnabled: true, networkConnectionEnabled: false, pageLoadStrategy: normal, platform: MAC, platformName: MAC, proxy: Proxy(), setWindowRect: true, strictFileInteractability: false, timeouts: {implicit: 0, pageLoad: 300000, script: 30000}, unhandledPromptBehavior: dismiss and notify, webauthn:virtualAuthenticators: true}&#10;Session ID: 82028f60281b4e55b461f96e48c80212&#10;*** Element info: {Using=xpath, value=//button[contains(text(),&apos;Aceptar&apos;)]}" type="org.openqa.selenium.NoSuchElementException"><![CDATA[org.openqa.selenium.NoSuchElementException: 
no such element: Unable to locate element: {"method":"xpath","selector":"//button[contains(text(),'Aceptar')]"}
  (Session info: chrome=85.0.4183.83)
For documentation on this error, please visit: https://www.seleniumhq.org/exceptions/no_such_element.html
Build info: version: '3.141.59', revision: 'e82be7d358', time: '2018-11-14T08:17:03'
System info: host: 'Lisandro-Silva.local', ip: '127.0.0.1', os.name: 'Mac OS X', os.arch: 'x86_64', os.version: '10.15.6', java.version: '1.8.0_251'
Driver info: org.openqa.selenium.chrome.ChromeDriver
Capabilities {acceptInsecureCerts: false, browserName: chrome, browserVersion: 85.0.4183.83, chrome: {chromedriverVersion: 84.0.4147.30 (48b3e868b4cc0..., userDataDir: /var/folders/zd/xs0gg_pd749...}, goog:chromeOptions: {debuggerAddress: localhost:57248}, javascriptEnabled: true, networkConnectionEnabled: false, pageLoadStrategy: normal, platform: MAC, platformName: MAC, proxy: Proxy(), setWindowRect: true, strictFileInteractability: false, timeouts: {implicit: 0, pageLoad: 300000, script: 30000}, unhandledPromptBehavior: dismiss and notify, webauthn:virtualAuthenticators: true}
Session ID: 82028f60281b4e55b461f96e48c80212
*** Element info: {Using=xpath, value=//button[contains(text(),'Aceptar')]}
	at com.mkyong.busonfiscal.ReportesEmitidosCancelacionTest4.reportesEmitidosCancelacion(ReportesEmitidosCancelacionTest4.java:72)
]]></failure>
    <system-out><![CDATA[Chrome
Continue the operation
]]></system-out>
    <system-err><![CDATA[Starting ChromeDriver 84.0.4147.30 (48b3e868b4cc0aa7e8149519690b6f6949e110a8-refs/branch-heads/4147@{#310}) on port 35794
Only local connections are allowed.
Please see https://chromedriver.chromium.org/security-considerations for suggestions on keeping ChromeDriver safe.
ChromeDriver was started successfully.
[1599054816.236][WARNING]: This version of ChromeDriver has not been tested with Chrome version 85.
Sep 02, 2020 8:53:36 AM org.openqa.selenium.remote.ProtocolHandshake createSession
INFO: Detected dialect: W3C
]]></system-err>
  </testcase>
  <testcase name="testPassword" classname="com.mkyong.busonfiscal.PasswordTest" time="0.795">
    <system-out><![CDATA[Chrome
]]></system-out>
    <system-err><![CDATA[Starting ChromeDriver 84.0.4147.30 (48b3e868b4cc0aa7e8149519690b6f6949e110a8-refs/branch-heads/4147@{#310}) on port 45246
Only local connections are allowed.
Please see https://chromedriver.chromium.org/security-considerations for suggestions on keeping ChromeDriver safe.
ChromeDriver was started successfully.
[1599054846.649][WARNING]: This version of ChromeDriver has not been tested with Chrome version 85.
Sep 02, 2020 8:54:06 AM org.openqa.selenium.remote.ProtocolHandshake createSession
INFO: Detected dialect: W3C
]]></system-err>
  </testcase>
  <testcase name="correoSimples" classname="com.mkyong.busonfiscal.EmailTest" time="0.796">
    <system-out><![CDATA[Chrome
]]></system-out>
    <system-err><![CDATA[Starting ChromeDriver 84.0.4147.30 (48b3e868b4cc0aa7e8149519690b6f6949e110a8-refs/branch-heads/4147@{#310}) on port 41883
Only local connections are allowed.
Please see https://chromedriver.chromium.org/security-considerations for suggestions on keeping ChromeDriver safe.
ChromeDriver was started successfully.
[1599054853.646][WARNING]: This version of ChromeDriver has not been tested with Chrome version 85.
Sep 02, 2020 8:54:13 AM org.openqa.selenium.remote.ProtocolHandshake createSession
INFO: Detected dialect: W3C
]]></system-err>
  </testcase>
  <testcase name="correoContrasena" classname="com.mkyong.busonfiscal.EmailAndPasswordTest" time="0.721">
    <system-out><![CDATA[Chrome
]]></system-out>
    <system-err><![CDATA[Starting ChromeDriver 84.0.4147.30 (48b3e868b4cc0aa7e8149519690b6f6949e110a8-refs/branch-heads/4147@{#310}) on port 27026
Only local connections are allowed.
Please see https://chromedriver.chromium.org/security-considerations for suggestions on keeping ChromeDriver safe.
ChromeDriver was started successfully.
[1599054867.045][WARNING]: This version of ChromeDriver has not been tested with Chrome version 85.
Sep 02, 2020 8:54:27 AM org.openqa.selenium.remote.ProtocolHandshake createSession
INFO: Detected dialect: W3C
]]></system-err>
  </testcase>
  <testcase name="correoContrasenaCorreta" classname="com.mkyong.busonfiscal.EmailPasswordCorrectTest" time="6.49">
    <system-out><![CDATA[Chrome
]]></system-out>
    <system-err><![CDATA[Starting ChromeDriver 84.0.4147.30 (48b3e868b4cc0aa7e8149519690b6f6949e110a8-refs/branch-heads/4147@{#310}) on port 46913
Only local connections are allowed.
Please see https://chromedriver.chromium.org/security-considerations for suggestions on keeping ChromeDriver safe.
ChromeDriver was started successfully.
[1599054872.459][WARNING]: This version of ChromeDriver has not been tested with Chrome version 85.
Sep 02, 2020 8:54:32 AM org.openqa.selenium.remote.ProtocolHandshake createSession
INFO: Detected dialect: W3C
]]></system-err>
  </testcase>
  <testcase name="duplicadoFacturaBasica" classname="com.mkyong.busonfiscal.ReportesEmitidosDuplicarComprobanteTest3" time="31.311">
    <system-out><![CDATA[Chrome
Continue the operation
Estatus Pendiente Com Problemas
]]></system-out>
    <system-err><![CDATA[Starting ChromeDriver 84.0.4147.30 (48b3e868b4cc0aa7e8149519690b6f6949e110a8-refs/branch-heads/4147@{#310}) on port 47363
Only local connections are allowed.
Please see https://chromedriver.chromium.org/security-considerations for suggestions on keeping ChromeDriver safe.
ChromeDriver was started successfully.
[1599054882.937][WARNING]: This version of ChromeDriver has not been tested with Chrome version 85.
Sep 02, 2020 8:54:43 AM org.openqa.selenium.remote.ProtocolHandshake createSession
INFO: Detected dialect: W3C
]]></system-err>
  </testcase>
  <testcase name="duplicadoLeyendasFiscalesNotificado" classname="com.mkyong.busonfiscal.ReportesEmitidosDuplicarComplLeyendasFiscalesTest2" time="17.787">
    <system-out><![CDATA[Chrome
Continue the operation
]]></system-out>
    <system-err><![CDATA[Starting ChromeDriver 84.0.4147.30 (48b3e868b4cc0aa7e8149519690b6f6949e110a8-refs/branch-heads/4147@{#310}) on port 47335
Only local connections are allowed.
Please see https://chromedriver.chromium.org/security-considerations for suggestions on keeping ChromeDriver safe.
ChromeDriver was started successfully.
[1599054918.391][WARNING]: This version of ChromeDriver has not been tested with Chrome version 85.
Sep 02, 2020 8:55:18 AM org.openqa.selenium.remote.ProtocolHandshake createSession
INFO: Detected dialect: W3C
]]></system-err>
  </testcase>
  <testcase name="busquedaDeReportes5" classname="com.mkyong.busonfiscal.BusquedaReportesTest5" time="23.085">
    <system-out><![CDATA[Chrome
Continue with Operation
]]></system-out>
    <system-err><![CDATA[Starting ChromeDriver 84.0.4147.30 (48b3e868b4cc0aa7e8149519690b6f6949e110a8-refs/branch-heads/4147@{#310}) on port 33393
Only local connections are allowed.
Please see https://chromedriver.chromium.org/security-considerations for suggestions on keeping ChromeDriver safe.
ChromeDriver was started successfully.
[1599054940.678][WARNING]: This version of ChromeDriver has not been tested with Chrome version 85.
Sep 02, 2020 8:55:40 AM org.openqa.selenium.remote.ProtocolHandshake createSession
INFO: Detected dialect: W3C
]]></system-err>
  </testcase>
  <testcase name="busquedaDeReportes4" classname="com.mkyong.busonfiscal.BusquedaReportesTest4" time="29.67">
    <system-out><![CDATA[Chrome
Continue with Operation
]]></system-out>
    <system-err><![CDATA[Starting ChromeDriver 84.0.4147.30 (48b3e868b4cc0aa7e8149519690b6f6949e110a8-refs/branch-heads/4147@{#310}) on port 5799
Only local connections are allowed.
Please see https://chromedriver.chromium.org/security-considerations for suggestions on keeping ChromeDriver safe.
ChromeDriver was started successfully.
[1599054967.764][WARNING]: This version of ChromeDriver has not been tested with Chrome version 85.
Sep 02, 2020 8:56:07 AM org.openqa.selenium.remote.ProtocolHandshake createSession
INFO: Detected dialect: W3C
]]></system-err>
  </testcase>
  <testcase name="busquedaDeReportes3" classname="com.mkyong.busonfiscal.BusquedaReportesTest3" time="35.192">
    <system-out><![CDATA[Chrome
Continue with Operation
]]></system-out>
    <system-err><![CDATA[Starting ChromeDriver 84.0.4147.30 (48b3e868b4cc0aa7e8149519690b6f6949e110a8-refs/branch-heads/4147@{#310}) on port 3766
Only local connections are allowed.
Please see https://chromedriver.chromium.org/security-considerations for suggestions on keeping ChromeDriver safe.
ChromeDriver was started successfully.
[1599055006.441][WARNING]: This version of ChromeDriver has not been tested with Chrome version 85.
Sep 02, 2020 8:56:46 AM org.openqa.selenium.remote.ProtocolHandshake createSession
INFO: Detected dialect: W3C
]]></system-err>
  </testcase>
  <testcase name="buquedaDeReportes2" classname="com.mkyong.busonfiscal.BusquedaReportesTest2" time="16.257">
    <system-out><![CDATA[Chrome
Continue with Operation
]]></system-out>
    <system-err><![CDATA[Starting ChromeDriver 84.0.4147.30 (48b3e868b4cc0aa7e8149519690b6f6949e110a8-refs/branch-heads/4147@{#310}) on port 23753
Only local connections are allowed.
Please see https://chromedriver.chromium.org/security-considerations for suggestions on keeping ChromeDriver safe.
ChromeDriver was started successfully.
[1599055046.453][WARNING]: This version of ChromeDriver has not been tested with Chrome version 85.
Sep 02, 2020 8:57:26 AM org.openqa.selenium.remote.ProtocolHandshake createSession
INFO: Detected dialect: W3C
]]></system-err>
  </testcase>
  <testcase name="busquedaDeReportes6" classname="com.mkyong.busonfiscal.BusquedaReportesTest6" time="30.075">
    <system-out><![CDATA[Chrome
Continue with the Operation
FNX. | buzón fiscal
]]></system-out>
    <system-err><![CDATA[Starting ChromeDriver 84.0.4147.30 (48b3e868b4cc0aa7e8149519690b6f6949e110a8-refs/branch-heads/4147@{#310}) on port 18449
Only local connections are allowed.
Please see https://chromedriver.chromium.org/security-considerations for suggestions on keeping ChromeDriver safe.
ChromeDriver was started successfully.
[1599055067.955][WARNING]: This version of ChromeDriver has not been tested with Chrome version 85.
Sep 02, 2020 8:57:48 AM org.openqa.selenium.remote.ProtocolHandshake createSession
INFO: Detected dialect: W3C
]]></system-err>
  </testcase>
  <testcase name="busquedaDeReportes7" classname="com.mkyong.busonfiscal.BusquedaReportesTest7" time="33.191">
    <system-out><![CDATA[Chrome
Continue the operation
FNX. | buzón fiscal
]]></system-out>
    <system-err><![CDATA[Starting ChromeDriver 84.0.4147.30 (48b3e868b4cc0aa7e8149519690b6f6949e110a8-refs/branch-heads/4147@{#310}) on port 43560
Only local connections are allowed.
Please see https://chromedriver.chromium.org/security-considerations for suggestions on keeping ChromeDriver safe.
ChromeDriver was started successfully.
[1599055102.772][WARNING]: This version of ChromeDriver has not been tested with Chrome version 85.
Sep 02, 2020 8:58:22 AM org.openqa.selenium.remote.ProtocolHandshake createSession
INFO: Detected dialect: W3C
]]></system-err>
  </testcase>
  <testcase name="busquedaDeReportes8" classname="com.mkyong.busonfiscal.BusquedaReportesTest8" time="11.857">
    <system-out><![CDATA[Chrome
Continue the operation
]]></system-out>
    <system-err><![CDATA[Starting ChromeDriver 84.0.4147.30 (48b3e868b4cc0aa7e8149519690b6f6949e110a8-refs/branch-heads/4147@{#310}) on port 21636
Only local connections are allowed.
Please see https://chromedriver.chromium.org/security-considerations for suggestions on keeping ChromeDriver safe.
ChromeDriver was started successfully.
[1599055140.995][WARNING]: This version of ChromeDriver has not been tested with Chrome version 85.
Sep 02, 2020 8:59:01 AM org.openqa.selenium.remote.ProtocolHandshake createSession
INFO: Detected dialect: W3C
]]></system-err>
  </testcase>
  <testcase name="busquedaDeReportes9" classname="com.mkyong.busonfiscal.BusquedaReportesTest9" time="12.002">
    <system-out><![CDATA[Chrome
Continue the operation
]]></system-out>
    <system-err><![CDATA[Starting ChromeDriver 84.0.4147.30 (48b3e868b4cc0aa7e8149519690b6f6949e110a8-refs/branch-heads/4147@{#310}) on port 9706
Only local connections are allowed.
Please see https://chromedriver.chromium.org/security-considerations for suggestions on keeping ChromeDriver safe.
ChromeDriver was started successfully.
[1599055157.126][WARNING]: This version of ChromeDriver has not been tested with Chrome version 85.
Sep 02, 2020 8:59:17 AM org.openqa.selenium.remote.ProtocolHandshake createSession
INFO: Detected dialect: W3C
]]></system-err>
  </testcase>
  <testcase name="busquedaDeReportes10" classname="com.mkyong.busonfiscal.BusquedaReportesTest10" time="12.684">
    <system-out><![CDATA[Chrome
Continue with operation
]]></system-out>
    <system-err><![CDATA[Starting ChromeDriver 84.0.4147.30 (48b3e868b4cc0aa7e8149519690b6f6949e110a8-refs/branch-heads/4147@{#310}) on port 14907
Only local connections are allowed.
Please see https://chromedriver.chromium.org/security-considerations for suggestions on keeping ChromeDriver safe.
ChromeDriver was started successfully.
[1599055172.928][WARNING]: This version of ChromeDriver has not been tested with Chrome version 85.
Sep 02, 2020 8:59:33 AM org.openqa.selenium.remote.ProtocolHandshake createSession
INFO: Detected dialect: W3C
]]></system-err>
  </testcase>
  <testcase name="busquedaDereportes11" classname="com.mkyong.busonfiscal.BusquedaReportesTest11" time="25.592">
    <system-out><![CDATA[Chrome
Continue with Operation
FNX. | buzón fiscal
]]></system-out>
    <system-err><![CDATA[Starting ChromeDriver 84.0.4147.30 (48b3e868b4cc0aa7e8149519690b6f6949e110a8-refs/branch-heads/4147@{#310}) on port 47933
Only local connections are allowed.
Please see https://chromedriver.chromium.org/security-considerations for suggestions on keeping ChromeDriver safe.
ChromeDriver was started successfully.
[1599055191.043][WARNING]: This version of ChromeDriver has not been tested with Chrome version 85.
Sep 02, 2020 8:59:51 AM org.openqa.selenium.remote.ProtocolHandshake createSession
INFO: Detected dialect: W3C
]]></system-err>
  </testcase>
  <testcase name="busquedaDereportes12" classname="com.mkyong.busonfiscal.BusquedaReportesTest12" time="12.442">
    <system-out><![CDATA[Chrome
Continue with Operation
]]></system-out>
    <system-err><![CDATA[Starting ChromeDriver 84.0.4147.30 (48b3e868b4cc0aa7e8149519690b6f6949e110a8-refs/branch-heads/4147@{#310}) on port 30196
Only local connections are allowed.
Please see https://chromedriver.chromium.org/security-considerations for suggestions on keeping ChromeDriver safe.
ChromeDriver was started successfully.
[1599055221.643][WARNING]: This version of ChromeDriver has not been tested with Chrome version 85.
Sep 02, 2020 9:00:21 AM org.openqa.selenium.remote.ProtocolHandshake createSession
INFO: Detected dialect: W3C
]]></system-err>
  </testcase>
  <testcase name="busquedaDeReportes14" classname="com.mkyong.busonfiscal.BusquedaReportesTest14" time="28.193">
    <system-out><![CDATA[Chrome
Continue with Operation
]]></system-out>
    <system-err><![CDATA[Starting ChromeDriver 84.0.4147.30 (48b3e868b4cc0aa7e8149519690b6f6949e110a8-refs/branch-heads/4147@{#310}) on port 35786
Only local connections are allowed.
Please see https://chromedriver.chromium.org/security-considerations for suggestions on keeping ChromeDriver safe.
ChromeDriver was started successfully.
[1599055238.093][WARNING]: This version of ChromeDriver has not been tested with Chrome version 85.
Sep 02, 2020 9:00:38 AM org.openqa.selenium.remote.ProtocolHandshake createSession
INFO: Detected dialect: W3C
]]></system-err>
  </testcase>
  <testcase name="busquedaDeReportes15" classname="com.mkyong.busonfiscal.BusquedaReportesTest15" time="39.612">
    <system-out><![CDATA[Chrome
Continue with Operation
FNX. | buzón fiscal
]]></system-out>
    <system-err><![CDATA[Starting ChromeDriver 84.0.4147.30 (48b3e868b4cc0aa7e8149519690b6f6949e110a8-refs/branch-heads/4147@{#310}) on port 13984
Only local connections are allowed.
Please see https://chromedriver.chromium.org/security-considerations for suggestions on keeping ChromeDriver safe.
ChromeDriver was started successfully.
[1599055270.486][WARNING]: This version of ChromeDriver has not been tested with Chrome version 85.
Sep 02, 2020 9:01:10 AM org.openqa.selenium.remote.ProtocolHandshake createSession
INFO: Detected dialect: W3C
]]></system-err>
  </testcase>
  <testcase name="reportesemitidos5" classname="com.mkyong.busonfiscal.ReportesEmitidosTest5" time="25.023">
    <system-out><![CDATA[Chrome
Continue the operation
]]></system-out>
    <system-err><![CDATA[Starting ChromeDriver 84.0.4147.30 (48b3e868b4cc0aa7e8149519690b6f6949e110a8-refs/branch-heads/4147@{#310}) on port 2841
Only local connections are allowed.
Please see https://chromedriver.chromium.org/security-considerations for suggestions on keeping ChromeDriver safe.
ChromeDriver was started successfully.
[1599055314.923][WARNING]: This version of ChromeDriver has not been tested with Chrome version 85.
Sep 02, 2020 9:01:54 AM org.openqa.selenium.remote.ProtocolHandshake createSession
INFO: Detected dialect: W3C
]]></system-err>
  </testcase>
  <testcase name="reportesEmitidos4" classname="com.mkyong.busonfiscal.ReportesEmitidosTest4" time="27.588">
    <system-out><![CDATA[Chrome
Continue the operation
FNX. | buzón fiscal
]]></system-out>
    <system-err><![CDATA[Starting ChromeDriver 84.0.4147.30 (48b3e868b4cc0aa7e8149519690b6f6949e110a8-refs/branch-heads/4147@{#310}) on port 32823
Only local connections are allowed.
Please see https://chromedriver.chromium.org/security-considerations for suggestions on keeping ChromeDriver safe.
ChromeDriver was started successfully.
[1599055344.369][WARNING]: This version of ChromeDriver has not been tested with Chrome version 85.
Sep 02, 2020 9:02:24 AM org.openqa.selenium.remote.ProtocolHandshake createSession
INFO: Detected dialect: W3C
]]></system-err>
  </testcase>
  <testcase name="facturaBasica" classname="com.mkyong.busonfiscal.FacturaBasicaTest" time="15.628">
    <system-out><![CDATA[Chrome
Continue the Operation
x
Documento emitido correctamente.
]]></system-out>
    <system-err><![CDATA[Starting ChromeDriver 84.0.4147.30 (48b3e868b4cc0aa7e8149519690b6f6949e110a8-refs/branch-heads/4147@{#310}) on port 27759
Only local connections are allowed.
Please see https://chromedriver.chromium.org/security-considerations for suggestions on keeping ChromeDriver safe.
ChromeDriver was started successfully.
[1599055377.720][WARNING]: This version of ChromeDriver has not been tested with Chrome version 85.
Sep 02, 2020 9:02:57 AM org.openqa.selenium.remote.ProtocolHandshake createSession
INFO: Detected dialect: W3C
]]></system-err>
  </testcase>
  <testcase name="facturaCartaPorte" classname="com.mkyong.busonfiscal.FacturaCartaPorteTest" time="29.619">
    <system-out><![CDATA[Chrome
Continue the operation
x
Documento emitido correctamente.
]]></system-out>
    <system-err><![CDATA[Starting ChromeDriver 84.0.4147.30 (48b3e868b4cc0aa7e8149519690b6f6949e110a8-refs/branch-heads/4147@{#310}) on port 31926
Only local connections are allowed.
Please see https://chromedriver.chromium.org/security-considerations for suggestions on keeping ChromeDriver safe.
ChromeDriver was started successfully.
[1599055412.728][WARNING]: This version of ChromeDriver has not been tested with Chrome version 85.
Sep 02, 2020 9:03:32 AM org.openqa.selenium.remote.ProtocolHandshake createSession
INFO: Detected dialect: W3C
]]></system-err>
  </testcase>
  <testcase name="facturaPago" classname="com.mkyong.busonfiscal.FacturaPagoTest" time="14.864">
    <system-out><![CDATA[Chrome
Continue the operation
x
Documento emitido correctamente.
]]></system-out>
    <system-err><![CDATA[Starting ChromeDriver 84.0.4147.30 (48b3e868b4cc0aa7e8149519690b6f6949e110a8-refs/branch-heads/4147@{#310}) on port 43517
Only local connections are allowed.
Please see https://chromedriver.chromium.org/security-considerations for suggestions on keeping ChromeDriver safe.
ChromeDriver was started successfully.
[1599055465.499][WARNING]: This version of ChromeDriver has not been tested with Chrome version 85.
Sep 02, 2020 9:04:25 AM org.openqa.selenium.remote.ProtocolHandshake createSession
INFO: Detected dialect: W3C
]]></system-err>
  </testcase>
  <testcase name="notaDeCredito" classname="com.mkyong.busonfiscal.NotaDeCreditoTest" time="14.085">
    <system-out><![CDATA[Chrome
Continue the operation
x
Documento emitido correctamente.
]]></system-out>
    <system-err><![CDATA[Starting ChromeDriver 84.0.4147.30 (48b3e868b4cc0aa7e8149519690b6f6949e110a8-refs/branch-heads/4147@{#310}) on port 25574
Only local connections are allowed.
Please see https://chromedriver.chromium.org/security-considerations for suggestions on keeping ChromeDriver safe.
ChromeDriver was started successfully.
[1599055496.583][WARNING]: This version of ChromeDriver has not been tested with Chrome version 85.
Sep 02, 2020 9:04:56 AM org.openqa.selenium.remote.ProtocolHandshake createSession
INFO: Detected dialect: W3C
]]></system-err>
  </testcase>
  <testcase name="facturaDetallista" classname="com.mkyong.busonfiscal.FacturaDetallistaTest" time="18.294">
    <system-out><![CDATA[Chrome
Continue the operation
x
Documento emitido correctamente.
]]></system-out>
    <system-err><![CDATA[Starting ChromeDriver 84.0.4147.30 (48b3e868b4cc0aa7e8149519690b6f6949e110a8-refs/branch-heads/4147@{#310}) on port 6084
Only local connections are allowed.
Please see https://chromedriver.chromium.org/security-considerations for suggestions on keeping ChromeDriver safe.
ChromeDriver was started successfully.
[1599055522.102][WARNING]: This version of ChromeDriver has not been tested with Chrome version 85.
Sep 02, 2020 9:05:22 AM org.openqa.selenium.remote.ProtocolHandshake createSession
INFO: Detected dialect: W3C
]]></system-err>
  </testcase>
  <testcase name="basePageNavigation" classname="com.mkyong.busonfiscal.ImpuestosLocalesTest" time="18.124">
    <system-out><![CDATA[Chrome
Continue the operation
x
Documento emitido correctamente.
]]></system-out>
    <system-err><![CDATA[Starting ChromeDriver 84.0.4147.30 (48b3e868b4cc0aa7e8149519690b6f6949e110a8-refs/branch-heads/4147@{#310}) on port 22617
Only local connections are allowed.
Please see https://chromedriver.chromium.org/security-considerations for suggestions on keeping ChromeDriver safe.
ChromeDriver was started successfully.
[1599055551.812][WARNING]: This version of ChromeDriver has not been tested with Chrome version 85.
Sep 02, 2020 9:05:51 AM org.openqa.selenium.remote.ProtocolHandshake createSession
INFO: Detected dialect: W3C
]]></system-err>
  </testcase>
  <testcase name="basePageNavigation" classname="com.mkyong.busonfiscal.INETest" time="25.593">
    <failure message="Expected condition failed: waiting for visibility of element located by By.xpath: //div[contains(text(),&apos;Documento emitido correctamente.&apos;)] (tried for 10 second(s) with 500 milliseconds interval)" type="org.openqa.selenium.TimeoutException"><![CDATA[org.openqa.selenium.TimeoutException: Expected condition failed: waiting for visibility of element located by By.xpath: //div[contains(text(),'Documento emitido correctamente.')] (tried for 10 second(s) with 500 milliseconds interval)
	at com.mkyong.busonfiscal.INETest.basePageNavigation(INETest.java:114)
Caused by: org.openqa.selenium.NoSuchElementException: 
no such element: Unable to locate element: {"method":"xpath","selector":"//div[contains(text(),'Documento emitido correctamente.')]"}
  (Session info: chrome=85.0.4183.83)
For documentation on this error, please visit: https://www.seleniumhq.org/exceptions/no_such_element.html
Build info: version: '3.141.59', revision: 'e82be7d358', time: '2018-11-14T08:17:03'
System info: host: 'Lisandro-Silva.local', ip: '127.0.0.1', os.name: 'Mac OS X', os.arch: 'x86_64', os.version: '10.15.6', java.version: '1.8.0_251'
Driver info: org.openqa.selenium.chrome.ChromeDriver
Capabilities {acceptInsecureCerts: false, browserName: chrome, browserVersion: 85.0.4183.83, chrome: {chromedriverVersion: 84.0.4147.30 (48b3e868b4cc0..., userDataDir: /var/folders/zd/xs0gg_pd749...}, goog:chromeOptions: {debuggerAddress: localhost:58037}, javascriptEnabled: true, networkConnectionEnabled: false, pageLoadStrategy: normal, platform: MAC, platformName: MAC, proxy: Proxy(), setWindowRect: true, strictFileInteractability: false, timeouts: {implicit: 0, pageLoad: 300000, script: 30000}, unhandledPromptBehavior: dismiss and notify, webauthn:virtualAuthenticators: true}
Session ID: 3e9e9bf81ef8147d3dcfb8d2bbce6a32
*** Element info: {Using=xpath, value=//div[contains(text(),'Documento emitido correctamente.')]}
	at com.mkyong.busonfiscal.INETest.basePageNavigation(INETest.java:114)
]]></failure>
    <system-out><![CDATA[Chrome
Continue the operation
]]></system-out>
    <system-err><![CDATA[Starting ChromeDriver 84.0.4147.30 (48b3e868b4cc0aa7e8149519690b6f6949e110a8-refs/branch-heads/4147@{#310}) on port 18878
Only local connections are allowed.
Please see https://chromedriver.chromium.org/security-considerations for suggestions on keeping ChromeDriver safe.
ChromeDriver was started successfully.
[1599055579.340][WARNING]: This version of ChromeDriver has not been tested with Chrome version 85.
Sep 02, 2020 9:06:19 AM org.openqa.selenium.remote.ProtocolHandshake createSession
INFO: Detected dialect: W3C
]]></system-err>
  </testcase>
  <testcase name="instituiciones1" classname="com.mkyong.busonfiscal.InstituicionesEducativasTest" time="14.415">
    <system-out><![CDATA[Chrome
Continue the operation
x
Documento emitido correctamente.
]]></system-out>
    <system-err><![CDATA[Starting ChromeDriver 84.0.4147.30 (48b3e868b4cc0aa7e8149519690b6f6949e110a8-refs/branch-heads/4147@{#310}) on port 17333
Only local connections are allowed.
Please see https://chromedriver.chromium.org/security-considerations for suggestions on keeping ChromeDriver safe.
ChromeDriver was started successfully.
[1599055616.950][WARNING]: This version of ChromeDriver has not been tested with Chrome version 85.
Sep 02, 2020 9:06:57 AM org.openqa.selenium.remote.ProtocolHandshake createSession
INFO: Detected dialect: W3C
]]></system-err>
  </testcase>
  <testcase name="leyendas1" classname="com.mkyong.busonfiscal.LeyendasFiscalesTest" time="13.703">
    <system-out><![CDATA[Chrome
Continue the operation
x
Documento emitido correctamente.
]]></system-out>
    <system-err><![CDATA[Starting ChromeDriver 84.0.4147.30 (48b3e868b4cc0aa7e8149519690b6f6949e110a8-refs/branch-heads/4147@{#310}) on port 47208
Only local connections are allowed.
Please see https://chromedriver.chromium.org/security-considerations for suggestions on keeping ChromeDriver safe.
ChromeDriver was started successfully.
[1599055644.515][WARNING]: This version of ChromeDriver has not been tested with Chrome version 85.
Sep 02, 2020 9:07:24 AM org.openqa.selenium.remote.ProtocolHandshake createSession
INFO: Detected dialect: W3C
]]></system-err>
  </testcase>
  <testcase name="serviciosParcealesDeConstrucion" classname="com.mkyong.busonfiscal.ServiciosParcealesDeContruccionTest" time="14.841">
    <system-out><![CDATA[Chrome
Continue the operation
x
Documento emitido correctamente.
]]></system-out>
    <system-err><![CDATA[Starting ChromeDriver 84.0.4147.30 (48b3e868b4cc0aa7e8149519690b6f6949e110a8-refs/branch-heads/4147@{#310}) on port 4440
Only local connections are allowed.
Please see https://chromedriver.chromium.org/security-considerations for suggestions on keeping ChromeDriver safe.
ChromeDriver was started successfully.
[1599055670.378][WARNING]: This version of ChromeDriver has not been tested with Chrome version 85.
Sep 02, 2020 9:07:50 AM org.openqa.selenium.remote.ProtocolHandshake createSession
INFO: Detected dialect: W3C
]]></system-err>
  </testcase>
  <testcase name="turistaPassajeroExtranjero" classname="com.mkyong.busonfiscal.TuristaPasajeroExtranjeroTest" time="15.242">
    <system-out><![CDATA[Chrome
Continue the operation
x
Documento emitido correctamente.
]]></system-out>
    <system-err><![CDATA[Starting ChromeDriver 84.0.4147.30 (48b3e868b4cc0aa7e8149519690b6f6949e110a8-refs/branch-heads/4147@{#310}) on port 43433
Only local connections are allowed.
Please see https://chromedriver.chromium.org/security-considerations for suggestions on keeping ChromeDriver safe.
ChromeDriver was started successfully.
[1599055698.179][WARNING]: This version of ChromeDriver has not been tested with Chrome version 85.
Sep 02, 2020 9:08:18 AM org.openqa.selenium.remote.ProtocolHandshake createSession
INFO: Detected dialect: W3C
]]></system-err>
  </testcase>
  <testcase name="vehiculosUsados" classname="com.mkyong.busonfiscal.VehiculosUsadosTest" time="14.085">
    <system-out><![CDATA[Chrome
Continue the operation
x
Documento emitido correctamente.
]]></system-out>
    <system-err><![CDATA[Starting ChromeDriver 84.0.4147.30 (48b3e868b4cc0aa7e8149519690b6f6949e110a8-refs/branch-heads/4147@{#310}) on port 27416
Only local connections are allowed.
Please see https://chromedriver.chromium.org/security-considerations for suggestions on keeping ChromeDriver safe.
ChromeDriver was started successfully.
[1599055725.941][WARNING]: This version of ChromeDriver has not been tested with Chrome version 85.
Sep 02, 2020 9:08:46 AM org.openqa.selenium.remote.ProtocolHandshake createSession
INFO: Detected dialect: W3C
]]></system-err>
  </testcase>
  <testcase name="ventaDeVehiculos" classname="com.mkyong.busonfiscal.VentaDeVehiculosTest" time="14.556">
    <system-out><![CDATA[Chrome
Continue the operation
x
Documento emitido correctamente.
]]></system-out>
    <system-err><![CDATA[Starting ChromeDriver 84.0.4147.30 (48b3e868b4cc0aa7e8149519690b6f6949e110a8-refs/branch-heads/4147@{#310}) on port 46048
Only local connections are allowed.
Please see https://chromedriver.chromium.org/security-considerations for suggestions on keeping ChromeDriver safe.
ChromeDriver was started successfully.
[1599055753.746][WARNING]: This version of ChromeDriver has not been tested with Chrome version 85.
Sep 02, 2020 9:09:13 AM org.openqa.selenium.remote.ProtocolHandshake createSession
INFO: Detected dialect: W3C
]]></system-err>
  </testcase>
  <testcase name="donativosSimples" classname="com.mkyong.busonfiscal.DonativosTest" time="15.157">
    <system-out><![CDATA[Chrome
Continue the operation
x
Documento emitido correctamente.
]]></system-out>
    <system-err><![CDATA[Starting ChromeDriver 84.0.4147.30 (48b3e868b4cc0aa7e8149519690b6f6949e110a8-refs/branch-heads/4147@{#310}) on port 48594
Only local connections are allowed.
Please see https://chromedriver.chromium.org/security-considerations for suggestions on keeping ChromeDriver safe.
ChromeDriver was started successfully.
[1599055778.227][WARNING]: This version of ChromeDriver has not been tested with Chrome version 85.
Sep 02, 2020 9:09:38 AM org.openqa.selenium.remote.ProtocolHandshake createSession
INFO: Detected dialect: W3C
]]></system-err>
  </testcase>
  <testcase name="notariosPublicos1" classname="com.mkyong.busonfiscal.NotariosPublicosTest" time="21.916">
    <system-out><![CDATA[Chrome
Continue the operation
x
Documento emitido correctamente.
]]></system-out>
    <system-err><![CDATA[Starting ChromeDriver 84.0.4147.30 (48b3e868b4cc0aa7e8149519690b6f6949e110a8-refs/branch-heads/4147@{#310}) on port 39465
Only local connections are allowed.
Please see https://chromedriver.chromium.org/security-considerations for suggestions on keeping ChromeDriver safe.
ChromeDriver was started successfully.
[1599055802.650][WARNING]: This version of ChromeDriver has not been tested with Chrome version 85.
Sep 02, 2020 9:10:02 AM org.openqa.selenium.remote.ProtocolHandshake createSession
INFO: Detected dialect: W3C
]]></system-err>
  </testcase>
  <testcase name="obrasArtesAnteguedad1" classname="com.mkyong.busonfiscal.ObrasDeArteYAtenguedadTest" time="15.46">
    <system-out><![CDATA[Chrome
Continue the operation
x
Documento emitido correctamente.
]]></system-out>
    <system-err><![CDATA[Starting ChromeDriver 84.0.4147.30 (48b3e868b4cc0aa7e8149519690b6f6949e110a8-refs/branch-heads/4147@{#310}) on port 14079
Only local connections are allowed.
Please see https://chromedriver.chromium.org/security-considerations for suggestions on keeping ChromeDriver safe.
ChromeDriver was started successfully.
[1599055839.410][WARNING]: This version of ChromeDriver has not been tested with Chrome version 85.
Sep 02, 2020 9:10:39 AM org.openqa.selenium.remote.ProtocolHandshake createSession
INFO: Detected dialect: W3C
]]></system-err>
  </testcase>
  <testcase name="pagoEnEspecies1" classname="com.mkyong.busonfiscal.PagoEnEspeciesTest" time="13.66">
    <system-out><![CDATA[Chrome
Continue with Operation
x
Documento emitido correctamente.
]]></system-out>
    <system-err><![CDATA[Starting ChromeDriver 84.0.4147.30 (48b3e868b4cc0aa7e8149519690b6f6949e110a8-refs/branch-heads/4147@{#310}) on port 31603
Only local connections are allowed.
Please see https://chromedriver.chromium.org/security-considerations for suggestions on keeping ChromeDriver safe.
ChromeDriver was started successfully.
[1599055864.236][WARNING]: This version of ChromeDriver has not been tested with Chrome version 85.
Sep 02, 2020 9:11:04 AM org.openqa.selenium.remote.ProtocolHandshake createSession
INFO: Detected dialect: W3C
]]></system-err>
  </testcase>
  <testcase name="personasFisicas1" classname="com.mkyong.busonfiscal.PersonasFisicasIntegranteDeCoordinacionTest" time="13.291">
    <system-out><![CDATA[Chrome
Continue the operation
x
Documento emitido correctamente.
]]></system-out>
    <system-err><![CDATA[Starting ChromeDriver 84.0.4147.30 (48b3e868b4cc0aa7e8149519690b6f6949e110a8-refs/branch-heads/4147@{#310}) on port 44733
Only local connections are allowed.
Please see https://chromedriver.chromium.org/security-considerations for suggestions on keeping ChromeDriver safe.
ChromeDriver was started successfully.
[1599055883.345][WARNING]: This version of ChromeDriver has not been tested with Chrome version 85.
Sep 02, 2020 9:11:23 AM org.openqa.selenium.remote.ProtocolHandshake createSession
INFO: Detected dialect: W3C
]]></system-err>
  </testcase>
  <testcase name="facturaAdendaMultiAssistencia" classname="com.mkyong.busonfiscal.FacturaAdendaMultiAssistenciaTest" time="35.824">
    <failure message="Expected condition failed: waiting for visibility of element located by By.xpath: //div[contains(text(),&apos;Documento emitido correctamente.&apos;)] (tried for 15 second(s) with 500 milliseconds interval)" type="org.openqa.selenium.TimeoutException"><![CDATA[org.openqa.selenium.TimeoutException: Expected condition failed: waiting for visibility of element located by By.xpath: //div[contains(text(),'Documento emitido correctamente.')] (tried for 15 second(s) with 500 milliseconds interval)
	at com.mkyong.busonfiscal.FacturaAdendaMultiAssistenciaTest.facturaAdendaMultiAssistencia(FacturaAdendaMultiAssistenciaTest.java:110)
Caused by: org.openqa.selenium.NoSuchElementException: 
no such element: Unable to locate element: {"method":"xpath","selector":"//div[contains(text(),'Documento emitido correctamente.')]"}
  (Session info: chrome=85.0.4183.83)
For documentation on this error, please visit: https://www.seleniumhq.org/exceptions/no_such_element.html
Build info: version: '3.141.59', revision: 'e82be7d358', time: '2018-11-14T08:17:03'
System info: host: 'Lisandro-Silva.local', ip: '127.0.0.1', os.name: 'Mac OS X', os.arch: 'x86_64', os.version: '10.15.6', java.version: '1.8.0_251'
Driver info: org.openqa.selenium.chrome.ChromeDriver
Capabilities {acceptInsecureCerts: false, browserName: chrome, browserVersion: 85.0.4183.83, chrome: {chromedriverVersion: 84.0.4147.30 (48b3e868b4cc0..., userDataDir: /var/folders/zd/xs0gg_pd749...}, goog:chromeOptions: {debuggerAddress: localhost:58361}, javascriptEnabled: true, networkConnectionEnabled: false, pageLoadStrategy: normal, platform: MAC, platformName: MAC, proxy: Proxy(), setWindowRect: true, strictFileInteractability: false, timeouts: {implicit: 0, pageLoad: 300000, script: 30000}, unhandledPromptBehavior: dismiss and notify, webauthn:virtualAuthenticators: true}
Session ID: dd6ef3de8e03ea1bb78fd7fcc71f2c2b
*** Element info: {Using=xpath, value=//div[contains(text(),'Documento emitido correctamente.')]}
	at com.mkyong.busonfiscal.FacturaAdendaMultiAssistenciaTest.facturaAdendaMultiAssistencia(FacturaAdendaMultiAssistenciaTest.java:110)
]]></failure>
    <system-out><![CDATA[Chrome
Continue the operation
]]></system-out>
    <system-err><![CDATA[Starting ChromeDriver 84.0.4147.30 (48b3e868b4cc0aa7e8149519690b6f6949e110a8-refs/branch-heads/4147@{#310}) on port 34402
Only local connections are allowed.
Please see https://chromedriver.chromium.org/security-considerations for suggestions on keeping ChromeDriver safe.
ChromeDriver was started successfully.
[1599055902.431][WARNING]: This version of ChromeDriver has not been tested with Chrome version 85.
Sep 02, 2020 9:11:42 AM org.openqa.selenium.remote.ProtocolHandshake createSession
INFO: Detected dialect: W3C
]]></system-err>
  </testcase>
  <testcase name="facturaBasicaDetail" classname="com.mkyong.busonfiscal.detail.FacturaBasicaDetailTest" time="29.094">
    <system-out><![CDATA[Chrome
Contninue the operation
x
Documento emitido correctamente.
]]></system-out>
    <system-err><![CDATA[Starting ChromeDriver 84.0.4147.30 (48b3e868b4cc0aa7e8149519690b6f6949e110a8-refs/branch-heads/4147@{#310}) on port 42882
Only local connections are allowed.
Please see https://chromedriver.chromium.org/security-considerations for suggestions on keeping ChromeDriver safe.
ChromeDriver was started successfully.
[1599055945.296][WARNING]: This version of ChromeDriver has not been tested with Chrome version 85.
Sep 02, 2020 9:12:25 AM org.openqa.selenium.remote.ProtocolHandshake createSession
INFO: Detected dialect: W3C
]]></system-err>
  </testcase>
  <testcase name="facturaBasicaDetail2" classname="com.mkyong.busonfiscal.detail.FacturaBasicaDetailTest2" time="43.73">
    <system-out><![CDATA[Chrome
Contninue the operation
x
Documento emitido correctamente.
]]></system-out>
    <system-err><![CDATA[Starting ChromeDriver 84.0.4147.30 (48b3e868b4cc0aa7e8149519690b6f6949e110a8-refs/branch-heads/4147@{#310}) on port 36619
Only local connections are allowed.
Please see https://chromedriver.chromium.org/security-considerations for suggestions on keeping ChromeDriver safe.
ChromeDriver was started successfully.
[1599055980.248][WARNING]: This version of ChromeDriver has not been tested with Chrome version 85.
Sep 02, 2020 9:13:00 AM org.openqa.selenium.remote.ProtocolHandshake createSession
INFO: Detected dialect: W3C
]]></system-err>
  </testcase>
  <testcase name="facturaCartaPorteDetail" classname="com.mkyong.busonfiscal.detail.FacturaCartaPorteDetailTest" time="23.604">
    <system-out><![CDATA[Chrome
Contninue the operation
x
Documento emitido correctamente.
]]></system-out>
    <system-err><![CDATA[Starting ChromeDriver 84.0.4147.30 (48b3e868b4cc0aa7e8149519690b6f6949e110a8-refs/branch-heads/4147@{#310}) on port 31507
Only local connections are allowed.
Please see https://chromedriver.chromium.org/security-considerations for suggestions on keeping ChromeDriver safe.
ChromeDriver was started successfully.
[1599056031.131][WARNING]: This version of ChromeDriver has not been tested with Chrome version 85.
Sep 02, 2020 9:13:51 AM org.openqa.selenium.remote.ProtocolHandshake createSession
INFO: Detected dialect: W3C
]]></system-err>
  </testcase>
  <testcase name="facturaCartaPorteDetail2" classname="com.mkyong.busonfiscal.detail.FacturaCartaPorteDetailTest2" time="32.665">
    <system-out><![CDATA[Chrome
Contninue the operation
x
Documento emitido correctamente.
]]></system-out>
    <system-err><![CDATA[Starting ChromeDriver 84.0.4147.30 (48b3e868b4cc0aa7e8149519690b6f6949e110a8-refs/branch-heads/4147@{#310}) on port 33350
Only local connections are allowed.
Please see https://chromedriver.chromium.org/security-considerations for suggestions on keeping ChromeDriver safe.
ChromeDriver was started successfully.
[1599056059.242][WARNING]: This version of ChromeDriver has not been tested with Chrome version 85.
Sep 02, 2020 9:14:19 AM org.openqa.selenium.remote.ProtocolHandshake createSession
INFO: Detected dialect: W3C
]]></system-err>
  </testcase>
  <testcase name="facturaDetallistaDetail2" classname="com.mkyong.busonfiscal.detail.FacturaPagoDetailTest2" time="25.839">
    <system-out><![CDATA[Chrome
Contninue the operation
x
Documento emitido correctamente.
]]></system-out>
    <system-err><![CDATA[Starting ChromeDriver 84.0.4147.30 (48b3e868b4cc0aa7e8149519690b6f6949e110a8-refs/branch-heads/4147@{#310}) on port 47622
Only local connections are allowed.
Please see https://chromedriver.chromium.org/security-considerations for suggestions on keeping ChromeDriver safe.
ChromeDriver was started successfully.
[1599056099.202][WARNING]: This version of ChromeDriver has not been tested with Chrome version 85.
Sep 02, 2020 9:14:59 AM org.openqa.selenium.remote.ProtocolHandshake createSession
INFO: Detected dialect: W3C
]]></system-err>
  </testcase>
  <testcase name="nominaFiscalDescarga" classname="com.mkyong.nomina.NominaFiscalDescargaTest" time="30.212">
    <system-out><![CDATA[Chrome
Contninue the operation
]]></system-out>
    <system-err><![CDATA[Starting ChromeDriver 84.0.4147.30 (48b3e868b4cc0aa7e8149519690b6f6949e110a8-refs/branch-heads/4147@{#310}) on port 35123
Only local connections are allowed.
Please see https://chromedriver.chromium.org/security-considerations for suggestions on keeping ChromeDriver safe.
ChromeDriver was started successfully.
[1599056129.642][WARNING]: This version of ChromeDriver has not been tested with Chrome version 85.
Sep 02, 2020 9:15:29 AM org.openqa.selenium.remote.ProtocolHandshake createSession
INFO: Detected dialect: W3C
]]></system-err>
  </testcase>
  <testcase name="nominaFiscal" classname="com.mkyong.nomina.NominaFiscalTest" time="58.077">
    <system-out><![CDATA[Chrome
Contninue the operation
]]></system-out>
    <system-err><![CDATA[Starting ChromeDriver 84.0.4147.30 (48b3e868b4cc0aa7e8149519690b6f6949e110a8-refs/branch-heads/4147@{#310}) on port 11973
Only local connections are allowed.
Please see https://chromedriver.chromium.org/security-considerations for suggestions on keeping ChromeDriver safe.
ChromeDriver was started successfully.
[1599056165.603][WARNING]: This version of ChromeDriver has not been tested with Chrome version 85.
Sep 02, 2020 9:16:05 AM org.openqa.selenium.remote.ProtocolHandshake createSession
INFO: Detected dialect: W3C
]]></system-err>
  </testcase>
  <testcase name="facturaBasicaGratis2" classname="com.mkyong.busongratis.FacturaBasicaGratisTest2" time="18.147">
    <system-out><![CDATA[Chrome
x
Documento emitido correctamente.
]]></system-out>
    <system-err><![CDATA[Starting ChromeDriver 84.0.4147.30 (48b3e868b4cc0aa7e8149519690b6f6949e110a8-refs/branch-heads/4147@{#310}) on port 12729
Only local connections are allowed.
Please see https://chromedriver.chromium.org/security-considerations for suggestions on keeping ChromeDriver safe.
ChromeDriver was started successfully.
[1599056230.369][WARNING]: This version of ChromeDriver has not been tested with Chrome version 85.
Sep 02, 2020 9:17:10 AM org.openqa.selenium.remote.ProtocolHandshake createSession
INFO: Detected dialect: W3C
]]></system-err>
  </testcase>
  <testcase name="cartaPorteGratisSimpl2" classname="com.mkyong.busongratis.FacturaCartaPorteGratisTest2" time="16.61">
    <system-out><![CDATA[Chrome
x
Documento emitido correctamente.
]]></system-out>
    <system-err><![CDATA[Starting ChromeDriver 84.0.4147.30 (48b3e868b4cc0aa7e8149519690b6f6949e110a8-refs/branch-heads/4147@{#310}) on port 36907
Only local connections are allowed.
Please see https://chromedriver.chromium.org/security-considerations for suggestions on keeping ChromeDriver safe.
ChromeDriver was started successfully.
[1599056255.743][WARNING]: This version of ChromeDriver has not been tested with Chrome version 85.
Sep 02, 2020 9:17:35 AM org.openqa.selenium.remote.ProtocolHandshake createSession
INFO: Detected dialect: W3C
]]></system-err>
  </testcase>
  <testcase name="pagoGratis2" classname="com.mkyong.busongratis.FacturaPagoGratisTest2" time="30.293">
    <failure message="no such element: Unable to locate element: {&quot;method&quot;:&quot;link text&quot;,&quot;selector&quot;:&quot;01 - Efectivo&quot;}&#10;  (Session info: chrome=85.0.4183.83)&#10;For documentation on this error, please visit: https://www.seleniumhq.org/exceptions/no_such_element.html&#10;Build info: version: &apos;3.141.59&apos;, revision: &apos;e82be7d358&apos;, time: &apos;2018-11-14T08:17:03&apos;&#10;System info: host: &apos;Lisandro-Silva.local&apos;, ip: &apos;127.0.0.1&apos;, os.name: &apos;Mac OS X&apos;, os.arch: &apos;x86_64&apos;, os.version: &apos;10.15.6&apos;, java.version: &apos;1.8.0_251&apos;&#10;Driver info: org.openqa.selenium.chrome.ChromeDriver&#10;Capabilities {acceptInsecureCerts: false, browserName: chrome, browserVersion: 85.0.4183.83, chrome: {chromedriverVersion: 84.0.4147.30 (48b3e868b4cc0..., userDataDir: /var/folders/zd/xs0gg_pd749...}, goog:chromeOptions: {debuggerAddress: localhost:58645}, javascriptEnabled: true, networkConnectionEnabled: false, pageLoadStrategy: normal, platform: MAC, platformName: MAC, proxy: Proxy(), setWindowRect: true, strictFileInteractability: false, timeouts: {implicit: 0, pageLoad: 300000, script: 30000}, unhandledPromptBehavior: dismiss and notify, webauthn:virtualAuthenticators: true}&#10;Session ID: ef56746242614ae6390d76c786fa052e&#10;*** Element info: {Using=link text, value=01 - Efectivo}" type="org.openqa.selenium.NoSuchElementException"><![CDATA[org.openqa.selenium.NoSuchElementException: 
no such element: Unable to locate element: {"method":"link text","selector":"01 - Efectivo"}
  (Session info: chrome=85.0.4183.83)
For documentation on this error, please visit: https://www.seleniumhq.org/exceptions/no_such_element.html
Build info: version: '3.141.59', revision: 'e82be7d358', time: '2018-11-14T08:17:03'
System info: host: 'Lisandro-Silva.local', ip: '127.0.0.1', os.name: 'Mac OS X', os.arch: 'x86_64', os.version: '10.15.6', java.version: '1.8.0_251'
Driver info: org.openqa.selenium.chrome.ChromeDriver
Capabilities {acceptInsecureCerts: false, browserName: chrome, browserVersion: 85.0.4183.83, chrome: {chromedriverVersion: 84.0.4147.30 (48b3e868b4cc0..., userDataDir: /var/folders/zd/xs0gg_pd749...}, goog:chromeOptions: {debuggerAddress: localhost:58645}, javascriptEnabled: true, networkConnectionEnabled: false, pageLoadStrategy: normal, platform: MAC, platformName: MAC, proxy: Proxy(), setWindowRect: true, strictFileInteractability: false, timeouts: {implicit: 0, pageLoad: 300000, script: 30000}, unhandledPromptBehavior: dismiss and notify, webauthn:virtualAuthenticators: true}
Session ID: ef56746242614ae6390d76c786fa052e
*** Element info: {Using=link text, value=01 - Efectivo}
	at com.mkyong.busongratis.FacturaPagoGratisTest2.pagoGratis2(FacturaPagoGratisTest2.java:88)
]]></failure>
    <system-out><![CDATA[Chrome
]]></system-out>
    <system-err><![CDATA[Starting ChromeDriver 84.0.4147.30 (48b3e868b4cc0aa7e8149519690b6f6949e110a8-refs/branch-heads/4147@{#310}) on port 21137
Only local connections are allowed.
Please see https://chromedriver.chromium.org/security-considerations for suggestions on keeping ChromeDriver safe.
ChromeDriver was started successfully.
[1599056285.853][WARNING]: This version of ChromeDriver has not been tested with Chrome version 85.
Sep 02, 2020 9:18:06 AM org.openqa.selenium.remote.ProtocolHandshake createSession
INFO: Detected dialect: W3C
]]></system-err>
  </testcase>
  <testcase name="impressionFiscal3" classname="com.mkyong.impression.fiscal.ImpresionIETFiscalTest3" time="45.071">
    <system-out><![CDATA[Chrome
Contninue the operation
40
40
40
40
40
40
40
40
40
40
40
40
40














Superior Izquierda
40




























2
]]></system-out>
    <system-err><![CDATA[Starting ChromeDriver 84.0.4147.30 (48b3e868b4cc0aa7e8149519690b6f6949e110a8-refs/branch-heads/4147@{#310}) on port 47310
Only local connections are allowed.
Please see https://chromedriver.chromium.org/security-considerations for suggestions on keeping ChromeDriver safe.
ChromeDriver was started successfully.
[1599056325.081][WARNING]: This version of ChromeDriver has not been tested with Chrome version 85.
Sep 02, 2020 9:18:45 AM org.openqa.selenium.remote.ProtocolHandshake createSession
INFO: Detected dialect: W3C
]]></system-err>
  </testcase>
  <testcase name="impressionFiscal4" classname="com.mkyong.impression.fiscal.ImpresionIETFiscalTest4" time="46.594">
    <system-out><![CDATA[Chrome
Contninue the operation
40
40
40
40
40
40
40
40
40
40
40
40
40
40
40














Superior Izquierda

Superior Centro

Superior Derecha

Inferior Izquierda

Inferior Centro

Inferior Derecha

Sin paginación













40




























2
]]></system-out>
    <system-err><![CDATA[Starting ChromeDriver 84.0.4147.30 (48b3e868b4cc0aa7e8149519690b6f6949e110a8-refs/branch-heads/4147@{#310}) on port 7871
Only local connections are allowed.
Please see https://chromedriver.chromium.org/security-considerations for suggestions on keeping ChromeDriver safe.
ChromeDriver was started successfully.
[1599056378.728][WARNING]: This version of ChromeDriver has not been tested with Chrome version 85.
Sep 02, 2020 9:19:38 AM org.openqa.selenium.remote.ProtocolHandshake createSession
INFO: Detected dialect: W3C
]]></system-err>
  </testcase>
  <testcase name="impressionFiscal5" classname="com.mkyong.impression.fiscal.ImpresionIETFiscalTest5" time="45.474">
    <system-out><![CDATA[Chrome
Contninue the operation
40
40
40
40
40
40
40
40
40
40
40
40
40














Superior Izquierda

Superior Centro
40




























2

3
]]></system-out>
    <system-err><![CDATA[Starting ChromeDriver 84.0.4147.30 (48b3e868b4cc0aa7e8149519690b6f6949e110a8-refs/branch-heads/4147@{#310}) on port 7244
Only local connections are allowed.
Please see https://chromedriver.chromium.org/security-considerations for suggestions on keeping ChromeDriver safe.
ChromeDriver was started successfully.
[1599056434.841][WARNING]: This version of ChromeDriver has not been tested with Chrome version 85.
Sep 02, 2020 9:20:35 AM org.openqa.selenium.remote.ProtocolHandshake createSession
INFO: Detected dialect: W3C
]]></system-err>
  </testcase>
  <testcase name="facturaBasicaJesTest" classname="com.mkyong.buson.jes.FacturaBasicaJesTest" time="19.303">
    <system-out><![CDATA[Chrome
Element is displayed
x
Documento emitido correctamente.
]]></system-out>
    <system-err><![CDATA[Starting ChromeDriver 84.0.4147.30 (48b3e868b4cc0aa7e8149519690b6f6949e110a8-refs/branch-heads/4147@{#310}) on port 40110
Only local connections are allowed.
Please see https://chromedriver.chromium.org/security-considerations for suggestions on keeping ChromeDriver safe.
ChromeDriver was started successfully.
[1599056491.796][WARNING]: This version of ChromeDriver has not been tested with Chrome version 85.
Sep 02, 2020 9:21:31 AM org.openqa.selenium.remote.ProtocolHandshake createSession
INFO: Detected dialect: W3C
]]></system-err>
  </testcase>
  <testcase name="facturaCartaPorte" classname="com.mkyong.buson.jes.FacturaCartaPorteJesTest" time="21.072">
    <system-out><![CDATA[Chrome
x
Documento emitido correctamente.
]]></system-out>
    <system-err><![CDATA[Starting ChromeDriver 84.0.4147.30 (48b3e868b4cc0aa7e8149519690b6f6949e110a8-refs/branch-heads/4147@{#310}) on port 28198
Only local connections are allowed.
Please see https://chromedriver.chromium.org/security-considerations for suggestions on keeping ChromeDriver safe.
ChromeDriver was started successfully.
[1599056517.047][WARNING]: This version of ChromeDriver has not been tested with Chrome version 85.
Sep 02, 2020 9:21:57 AM org.openqa.selenium.remote.ProtocolHandshake createSession
INFO: Detected dialect: W3C
]]></system-err>
  </testcase>
  <testcase name="facturaDetallista" classname="com.mkyong.buson.jes.FacturaDetallistaJesTest" time="21.565">
    <system-out><![CDATA[Chrome
x
Documento emitido correctamente.
]]></system-out>
    <system-err><![CDATA[Starting ChromeDriver 84.0.4147.30 (48b3e868b4cc0aa7e8149519690b6f6949e110a8-refs/branch-heads/4147@{#310}) on port 1670
Only local connections are allowed.
Please see https://chromedriver.chromium.org/security-considerations for suggestions on keeping ChromeDriver safe.
ChromeDriver was started successfully.
[1599056543.788][WARNING]: This version of ChromeDriver has not been tested with Chrome version 85.
Sep 02, 2020 9:22:23 AM org.openqa.selenium.remote.ProtocolHandshake createSession
INFO: Detected dialect: W3C
]]></system-err>
  </testcase>
  <testcase name="facturaPagoJes" classname="com.mkyong.buson.jes.FacturaPagoJesTest" time="18.954">
    <system-out><![CDATA[Chrome
x
Documento emitido correctamente.
]]></system-out>
    <system-err><![CDATA[Starting ChromeDriver 84.0.4147.30 (48b3e868b4cc0aa7e8149519690b6f6949e110a8-refs/branch-heads/4147@{#310}) on port 6462
Only local connections are allowed.
Please see https://chromedriver.chromium.org/security-considerations for suggestions on keeping ChromeDriver safe.
ChromeDriver was started successfully.
[1599056573.670][WARNING]: This version of ChromeDriver has not been tested with Chrome version 85.
Sep 02, 2020 9:22:53 AM org.openqa.selenium.remote.ProtocolHandshake createSession
INFO: Detected dialect: W3C
]]></system-err>
  </testcase>
  <testcase name="impuestosLocalesJesBuzon" classname="com.mkyong.buson.jes.ImpuestosLocalesJesTest" time="19.537">
    <system-out><![CDATA[Chrome
x
Documento emitido correctamente.
]]></system-out>
    <system-err><![CDATA[Starting ChromeDriver 84.0.4147.30 (48b3e868b4cc0aa7e8149519690b6f6949e110a8-refs/branch-heads/4147@{#310}) on port 17775
Only local connections are allowed.
Please see https://chromedriver.chromium.org/security-considerations for suggestions on keeping ChromeDriver safe.
ChromeDriver was started successfully.
[1599056601.665][WARNING]: This version of ChromeDriver has not been tested with Chrome version 85.
Sep 02, 2020 9:23:21 AM org.openqa.selenium.remote.ProtocolHandshake createSession
INFO: Detected dialect: W3C
]]></system-err>
  </testcase>
  <testcase name="ineJes" classname="com.mkyong.buson.jes.INEJesTest" time="18.321">
    <system-out><![CDATA[Chrome
x
Documento emitido correctamente.
]]></system-out>
    <system-err><![CDATA[Starting ChromeDriver 84.0.4147.30 (48b3e868b4cc0aa7e8149519690b6f6949e110a8-refs/branch-heads/4147@{#310}) on port 4809
Only local connections are allowed.
Please see https://chromedriver.chromium.org/security-considerations for suggestions on keeping ChromeDriver safe.
ChromeDriver was started successfully.
[1599056628.937][WARNING]: This version of ChromeDriver has not been tested with Chrome version 85.
Sep 02, 2020 9:23:49 AM org.openqa.selenium.remote.ProtocolHandshake createSession
INFO: Detected dialect: W3C
]]></system-err>
  </testcase>
  <testcase name="instituicionesEducativasJes" classname="com.mkyong.buson.jes.InstituicionesEducativasJesTest" time="16.672">
    <system-out><![CDATA[Chrome
x
Documento emitido correctamente.
]]></system-out>
    <system-err><![CDATA[Starting ChromeDriver 84.0.4147.30 (48b3e868b4cc0aa7e8149519690b6f6949e110a8-refs/branch-heads/4147@{#310}) on port 48006
Only local connections are allowed.
Please see https://chromedriver.chromium.org/security-considerations for suggestions on keeping ChromeDriver safe.
ChromeDriver was started successfully.
[1599056654.092][WARNING]: This version of ChromeDriver has not been tested with Chrome version 85.
Sep 02, 2020 9:24:14 AM org.openqa.selenium.remote.ProtocolHandshake createSession
INFO: Detected dialect: W3C
]]></system-err>
  </testcase>
  <testcase name="notaDeCreditoJes" classname="com.mkyong.buson.jes.NotaDeCreditoJesTest" time="16.406">
    <system-out><![CDATA[Chrome
x
Documento emitido correctamente.
]]></system-out>
    <system-err><![CDATA[Starting ChromeDriver 84.0.4147.30 (48b3e868b4cc0aa7e8149519690b6f6949e110a8-refs/branch-heads/4147@{#310}) on port 18829
Only local connections are allowed.
Please see https://chromedriver.chromium.org/security-considerations for suggestions on keeping ChromeDriver safe.
ChromeDriver was started successfully.
[1599056676.730][WARNING]: This version of ChromeDriver has not been tested with Chrome version 85.
Sep 02, 2020 9:24:36 AM org.openqa.selenium.remote.ProtocolHandshake createSession
INFO: Detected dialect: W3C
]]></system-err>
  </testcase>
  <testcase name="pagoEnEspeciesJes" classname="com.mkyong.buson.jes.PagoEnEspeciesJesTest" time="17.435">
    <failure message="element not interactable&#10;  (Session info: chrome=85.0.4183.83)&#10;Build info: version: &apos;3.141.59&apos;, revision: &apos;e82be7d358&apos;, time: &apos;2018-11-14T08:17:03&apos;&#10;System info: host: &apos;Lisandro-Silva.local&apos;, ip: &apos;127.0.0.1&apos;, os.name: &apos;Mac OS X&apos;, os.arch: &apos;x86_64&apos;, os.version: &apos;10.15.6&apos;, java.version: &apos;1.8.0_251&apos;&#10;Driver info: org.openqa.selenium.chrome.ChromeDriver&#10;Capabilities {acceptInsecureCerts: false, browserName: chrome, browserVersion: 85.0.4183.83, chrome: {chromedriverVersion: 84.0.4147.30 (48b3e868b4cc0..., userDataDir: /var/folders/zd/xs0gg_pd749...}, goog:chromeOptions: {debuggerAddress: localhost:58990}, javascriptEnabled: true, networkConnectionEnabled: false, pageLoadStrategy: normal, platform: MAC, platformName: MAC, proxy: Proxy(), setWindowRect: true, strictFileInteractability: false, timeouts: {implicit: 0, pageLoad: 300000, script: 30000}, unhandledPromptBehavior: dismiss and notify, webauthn:virtualAuthenticators: true}&#10;Session ID: 72b5da7e18e94c838cffbc4c723cdb15" type="org.openqa.selenium.ElementNotInteractableException"><![CDATA[org.openqa.selenium.ElementNotInteractableException: 
element not interactable
  (Session info: chrome=85.0.4183.83)
Build info: version: '3.141.59', revision: 'e82be7d358', time: '2018-11-14T08:17:03'
System info: host: 'Lisandro-Silva.local', ip: '127.0.0.1', os.name: 'Mac OS X', os.arch: 'x86_64', os.version: '10.15.6', java.version: '1.8.0_251'
Driver info: org.openqa.selenium.chrome.ChromeDriver
Capabilities {acceptInsecureCerts: false, browserName: chrome, browserVersion: 85.0.4183.83, chrome: {chromedriverVersion: 84.0.4147.30 (48b3e868b4cc0..., userDataDir: /var/folders/zd/xs0gg_pd749...}, goog:chromeOptions: {debuggerAddress: localhost:58990}, javascriptEnabled: true, networkConnectionEnabled: false, pageLoadStrategy: normal, platform: MAC, platformName: MAC, proxy: Proxy(), setWindowRect: true, strictFileInteractability: false, timeouts: {implicit: 0, pageLoad: 300000, script: 30000}, unhandledPromptBehavior: dismiss and notify, webauthn:virtualAuthenticators: true}
Session ID: 72b5da7e18e94c838cffbc4c723cdb15
	at com.mkyong.buson.jes.PagoEnEspeciesJesTest.pagoEnEspeciesJes(PagoEnEspeciesJesTest.java:66)
]]></failure>
    <system-out><![CDATA[Chrome
]]></system-out>
    <system-err><![CDATA[Starting ChromeDriver 84.0.4147.30 (48b3e868b4cc0aa7e8149519690b6f6949e110a8-refs/branch-heads/4147@{#310}) on port 4324
Only local connections are allowed.
Please see https://chromedriver.chromium.org/security-considerations for suggestions on keeping ChromeDriver safe.
ChromeDriver was started successfully.
[1599056699.787][WARNING]: This version of ChromeDriver has not been tested with Chrome version 85.
Sep 02, 2020 9:24:59 AM org.openqa.selenium.remote.ProtocolHandshake createSession
INFO: Detected dialect: W3C
]]></system-err>
  </testcase>
  <testcase name="vehiculosUsadosJes" classname="com.mkyong.buson.jes.VehiculosUsadosJesTest" time="6.453">
    <failure message="element click intercepted: Element is not clickable at point (1291, 285)&#10;  (Session info: chrome=85.0.4183.83)&#10;Build info: version: &apos;3.141.59&apos;, revision: &apos;e82be7d358&apos;, time: &apos;2018-11-14T08:17:03&apos;&#10;System info: host: &apos;Lisandro-Silva.local&apos;, ip: &apos;127.0.0.1&apos;, os.name: &apos;Mac OS X&apos;, os.arch: &apos;x86_64&apos;, os.version: &apos;10.15.6&apos;, java.version: &apos;1.8.0_251&apos;&#10;Driver info: org.openqa.selenium.chrome.ChromeDriver&#10;Capabilities {acceptInsecureCerts: false, browserName: chrome, browserVersion: 85.0.4183.83, chrome: {chromedriverVersion: 84.0.4147.30 (48b3e868b4cc0..., userDataDir: /var/folders/zd/xs0gg_pd749...}, goog:chromeOptions: {debuggerAddress: localhost:59012}, javascriptEnabled: true, networkConnectionEnabled: false, pageLoadStrategy: normal, platform: MAC, platformName: MAC, proxy: Proxy(), setWindowRect: true, strictFileInteractability: false, timeouts: {implicit: 0, pageLoad: 300000, script: 30000}, unhandledPromptBehavior: dismiss and notify, webauthn:virtualAuthenticators: true}&#10;Session ID: 583d14e6eaf8a9b899a1d43ee7f5a074" type="org.openqa.selenium.ElementClickInterceptedException"><![CDATA[org.openqa.selenium.ElementClickInterceptedException: 
element click intercepted: Element is not clickable at point (1291, 285)
  (Session info: chrome=85.0.4183.83)
Build info: version: '3.141.59', revision: 'e82be7d358', time: '2018-11-14T08:17:03'
System info: host: 'Lisandro-Silva.local', ip: '127.0.0.1', os.name: 'Mac OS X', os.arch: 'x86_64', os.version: '10.15.6', java.version: '1.8.0_251'
Driver info: org.openqa.selenium.chrome.ChromeDriver
Capabilities {acceptInsecureCerts: false, browserName: chrome, browserVersion: 85.0.4183.83, chrome: {chromedriverVersion: 84.0.4147.30 (48b3e868b4cc0..., userDataDir: /var/folders/zd/xs0gg_pd749...}, goog:chromeOptions: {debuggerAddress: localhost:59012}, javascriptEnabled: true, networkConnectionEnabled: false, pageLoadStrategy: normal, platform: MAC, platformName: MAC, proxy: Proxy(), setWindowRect: true, strictFileInteractability: false, timeouts: {implicit: 0, pageLoad: 300000, script: 30000}, unhandledPromptBehavior: dismiss and notify, webauthn:virtualAuthenticators: true}
Session ID: 583d14e6eaf8a9b899a1d43ee7f5a074
	at com.mkyong.buson.jes.VehiculosUsadosJesTest.vehiculosUsadosJes(VehiculosUsadosJesTest.java:56)
]]></failure>
    <system-out><![CDATA[Chrome
]]></system-out>
    <system-err><![CDATA[Starting ChromeDriver 84.0.4147.30 (48b3e868b4cc0aa7e8149519690b6f6949e110a8-refs/branch-heads/4147@{#310}) on port 47102
Only local connections are allowed.
Please see https://chromedriver.chromium.org/security-considerations for suggestions on keeping ChromeDriver safe.
ChromeDriver was started successfully.
[1599056722.729][WARNING]: This version of ChromeDriver has not been tested with Chrome version 85.
Sep 02, 2020 9:25:22 AM org.openqa.selenium.remote.ProtocolHandshake createSession
INFO: Detected dialect: W3C
]]></system-err>
  </testcase>
  <testcase name="obrasArtesAnteguedadJes" classname="com.mkyong.buson.jes.ObrasDeArteYAtenguedadJesTest" time="18.872">
    <system-out><![CDATA[Chrome
x
Documento emitido correctamente.
]]></system-out>
    <system-err><![CDATA[Starting ChromeDriver 84.0.4147.30 (48b3e868b4cc0aa7e8149519690b6f6949e110a8-refs/branch-heads/4147@{#310}) on port 27946
Only local connections are allowed.
Please see https://chromedriver.chromium.org/security-considerations for suggestions on keeping ChromeDriver safe.
ChromeDriver was started successfully.
[1599056734.274][WARNING]: This version of ChromeDriver has not been tested with Chrome version 85.
Sep 02, 2020 9:25:34 AM org.openqa.selenium.remote.ProtocolHandshake createSession
INFO: Detected dialect: W3C
]]></system-err>
  </testcase>
  <testcase name="facturaBasicaDetailJes" classname="com.mkyong.buson.jes.detail.FacturaBasicaJesDetailTest" time="35.277">
    <system-out><![CDATA[Chrome
x
Documento emitido correctamente.
]]></system-out>
    <system-err><![CDATA[Starting ChromeDriver 84.0.4147.30 (48b3e868b4cc0aa7e8149519690b6f6949e110a8-refs/branch-heads/4147@{#310}) on port 10095
Only local connections are allowed.
Please see https://chromedriver.chromium.org/security-considerations for suggestions on keeping ChromeDriver safe.
ChromeDriver was started successfully.
[1599056758.745][WARNING]: This version of ChromeDriver has not been tested with Chrome version 85.
Sep 02, 2020 9:25:58 AM org.openqa.selenium.remote.ProtocolHandshake createSession
INFO: Detected dialect: W3C
]]></system-err>
  </testcase>
  <testcase name="facturaBasicaDetailJes" classname="com.mkyong.buson.jes.detail.FacturaBasicaJesDetailTest" time="33.7">
    <system-out><![CDATA[Chrome
x
Documento emitido correctamente.
]]></system-out>
    <system-err><![CDATA[Starting ChromeDriver 84.0.4147.30 (48b3e868b4cc0aa7e8149519690b6f6949e110a8-refs/branch-heads/4147@{#310}) on port 31881
Only local connections are allowed.
Please see https://chromedriver.chromium.org/security-considerations for suggestions on keeping ChromeDriver safe.
ChromeDriver was started successfully.
[1599057635.967][WARNING]: This version of ChromeDriver has not been tested with Chrome version 85.
Sep 02, 2020 9:40:36 AM org.openqa.selenium.remote.ProtocolHandshake createSession
INFO: Detected dialect: W3C
]]></system-err>
  </testcase>
  <testcase name="basePageNavigation" classname="com.mkyong.conector.jes.FacturaBasicaJesTest" time="19.434">
    <system-out><![CDATA[Chrome
Element is displayed
x
Documento emitido correctamente.
]]></system-out>
    <system-err><![CDATA[Starting ChromeDriver 84.0.4147.30 (48b3e868b4cc0aa7e8149519690b6f6949e110a8-refs/branch-heads/4147@{#310}) on port 3518
Only local connections are allowed.
Please see https://chromedriver.chromium.org/security-considerations for suggestions on keeping ChromeDriver safe.
ChromeDriver was started successfully.
[1599056800.558][WARNING]: This version of ChromeDriver has not been tested with Chrome version 85.
Sep 02, 2020 9:26:40 AM org.openqa.selenium.remote.ProtocolHandshake createSession
INFO: Detected dialect: W3C
]]></system-err>
  </testcase>
  <testcase name="basePageNavigation" classname="com.mkyong.conector.jes.FacturaCartaPorteJesTest" time="13.103">
    <system-out><![CDATA[Chrome
Element is displayed
Continue with the operation
x
Documento emitido correctamente.
]]></system-out>
    <system-err><![CDATA[Starting ChromeDriver 84.0.4147.30 (48b3e868b4cc0aa7e8149519690b6f6949e110a8-refs/branch-heads/4147@{#310}) on port 27176
Only local connections are allowed.
Please see https://chromedriver.chromium.org/security-considerations for suggestions on keeping ChromeDriver safe.
ChromeDriver was started successfully.
[1599056825.482][WARNING]: This version of ChromeDriver has not been tested with Chrome version 85.
Sep 02, 2020 9:27:05 AM org.openqa.selenium.remote.ProtocolHandshake createSession
INFO: Detected dialect: W3C
]]></system-err>
  </testcase>
  <testcase name="basePageNavigation" classname="com.mkyong.conector.jes.FacturaDetallistaJesTest" time="16.655">
    <system-out><![CDATA[Chrome
Element is displayed
Continue with the operation
x
Documento emitido correctamente.
]]></system-out>
    <system-err><![CDATA[Starting ChromeDriver 84.0.4147.30 (48b3e868b4cc0aa7e8149519690b6f6949e110a8-refs/branch-heads/4147@{#310}) on port 27261
Only local connections are allowed.
Please see https://chromedriver.chromium.org/security-considerations for suggestions on keeping ChromeDriver safe.
ChromeDriver was started successfully.
[1599056843.296][WARNING]: This version of ChromeDriver has not been tested with Chrome version 85.
Sep 02, 2020 9:27:23 AM org.openqa.selenium.remote.ProtocolHandshake createSession
INFO: Detected dialect: W3C
]]></system-err>
  </testcase>
  <testcase name="basePageNavigation" classname="com.mkyong.conector.jes.TuristaPasajeroExtranjeroJesTest" time="15.864">
    <system-out><![CDATA[Chrome
Element is displayed
Continue with the operation
x
Documento emitido correctamente.
]]></system-out>
    <system-err><![CDATA[Starting ChromeDriver 84.0.4147.30 (48b3e868b4cc0aa7e8149519690b6f6949e110a8-refs/branch-heads/4147@{#310}) on port 18417
Only local connections are allowed.
Please see https://chromedriver.chromium.org/security-considerations for suggestions on keeping ChromeDriver safe.
ChromeDriver was started successfully.
[1599056866.725][WARNING]: This version of ChromeDriver has not been tested with Chrome version 85.
Sep 02, 2020 9:27:46 AM org.openqa.selenium.remote.ProtocolHandshake createSession
INFO: Detected dialect: W3C
]]></system-err>
  </testcase>
  <testcase name="basePageNavigation" classname="com.mkyong.conector.jes.PagoEnEspeciesJesTest" time="15.297">
    <system-out><![CDATA[Chrome
Element is displayed
Continue with the operation
x
Documento emitido correctamente.
]]></system-out>
    <system-err><![CDATA[Starting ChromeDriver 84.0.4147.30 (48b3e868b4cc0aa7e8149519690b6f6949e110a8-refs/branch-heads/4147@{#310}) on port 25914
Only local connections are allowed.
Please see https://chromedriver.chromium.org/security-considerations for suggestions on keeping ChromeDriver safe.
ChromeDriver was started successfully.
[1599056888.608][WARNING]: This version of ChromeDriver has not been tested with Chrome version 85.
Sep 02, 2020 9:28:08 AM org.openqa.selenium.remote.ProtocolHandshake createSession
INFO: Detected dialect: W3C
]]></system-err>
  </testcase>
  <testcase name="conciliacionFiscal1" classname="com.mkyong.conciliacion.conector.ConciliacionTest10" time="38.717">
    <system-out><![CDATA[Chrome
8
8
8
8
8
148
148
148
148
148
148
148
148
148
148
148
148
148
148
148
148
148
148
148
148
148
148
148
148
148
148
148
148
148
148
148
148
148
148
148
148
148
148
148
]]></system-out>
    <system-err><![CDATA[Starting ChromeDriver 84.0.4147.30 (48b3e868b4cc0aa7e8149519690b6f6949e110a8-refs/branch-heads/4147@{#310}) on port 34563
Only local connections are allowed.
Please see https://chromedriver.chromium.org/security-considerations for suggestions on keeping ChromeDriver safe.
ChromeDriver was started successfully.
[1599056909.072][WARNING]: This version of ChromeDriver has not been tested with Chrome version 85.
Sep 02, 2020 9:28:29 AM org.openqa.selenium.remote.ProtocolHandshake createSession
INFO: Detected dialect: W3C
]]></system-err>
  </testcase>
  <testcase name="conciliacionFiscal1" classname="com.mkyong.conciliacion.conector.ConciliacionTest11" time="36.275">
    <system-out><![CDATA[Chrome
8
8
8
8
8
148
148
148
148
148
148
148
148
148
148
148
148
148
148
148
148
148
148
148
148
148
148
148
148
148
148
148
148
148
148
148
148
148
148
148
148
148
148
148
FNX. | conector fiscal
]]></system-out>
    <system-err><![CDATA[Starting ChromeDriver 84.0.4147.30 (48b3e868b4cc0aa7e8149519690b6f6949e110a8-refs/branch-heads/4147@{#310}) on port 19760
Only local connections are allowed.
Please see https://chromedriver.chromium.org/security-considerations for suggestions on keeping ChromeDriver safe.
ChromeDriver was started successfully.
[1599056953.597][WARNING]: This version of ChromeDriver has not been tested with Chrome version 85.
Sep 02, 2020 9:29:13 AM org.openqa.selenium.remote.ProtocolHandshake createSession
INFO: Detected dialect: W3C
]]></system-err>
  </testcase>
  <testcase name="conciliacionFiscal1" classname="com.mkyong.conciliacion.conector.ConciliacionTest13" time="40.844">
    <system-out><![CDATA[Chrome
8
8
8
146
146
146
146
146
146
146
146
146
146
146
146
146
146
146
146
146
146
146
146
146
146
146
146
146
146
146
146
146
146
146
146
146
146
146
146
146
146
146
146
146
146
146
146
146
]]></system-out>
    <system-err><![CDATA[Starting ChromeDriver 84.0.4147.30 (48b3e868b4cc0aa7e8149519690b6f6949e110a8-refs/branch-heads/4147@{#310}) on port 2115
Only local connections are allowed.
Please see https://chromedriver.chromium.org/security-considerations for suggestions on keeping ChromeDriver safe.
ChromeDriver was started successfully.
[1599056995.775][WARNING]: This version of ChromeDriver has not been tested with Chrome version 85.
Sep 02, 2020 9:29:55 AM org.openqa.selenium.remote.ProtocolHandshake createSession
INFO: Detected dialect: W3C
]]></system-err>
  </testcase>
  <testcase name="conciliacionFiscal3" classname="com.mkyong.conciliacion.conector.ConciliacionTest3" time="48.918">
    <failure message="element not interactable&#10;  (Session info: chrome=85.0.4183.83)&#10;Build info: version: &apos;3.141.59&apos;, revision: &apos;e82be7d358&apos;, time: &apos;2018-11-14T08:17:03&apos;&#10;System info: host: &apos;Lisandro-Silva.local&apos;, ip: &apos;127.0.0.1&apos;, os.name: &apos;Mac OS X&apos;, os.arch: &apos;x86_64&apos;, os.version: &apos;10.15.6&apos;, java.version: &apos;1.8.0_251&apos;&#10;Driver info: org.openqa.selenium.chrome.ChromeDriver&#10;Capabilities {acceptInsecureCerts: false, browserName: chrome, browserVersion: 85.0.4183.83, chrome: {chromedriverVersion: 84.0.4147.30 (48b3e868b4cc0..., userDataDir: /var/folders/zd/xs0gg_pd749...}, goog:chromeOptions: {debuggerAddress: localhost:59311}, javascriptEnabled: true, networkConnectionEnabled: false, pageLoadStrategy: normal, platform: MAC, platformName: MAC, proxy: Proxy(), setWindowRect: true, strictFileInteractability: false, timeouts: {implicit: 0, pageLoad: 300000, script: 30000}, unhandledPromptBehavior: dismiss and notify, webauthn:virtualAuthenticators: true}&#10;Session ID: eedaf73135bf0e411b4d14a49e122c28" type="org.openqa.selenium.ElementNotInteractableException"><![CDATA[org.openqa.selenium.ElementNotInteractableException: 
element not interactable
  (Session info: chrome=85.0.4183.83)
Build info: version: '3.141.59', revision: 'e82be7d358', time: '2018-11-14T08:17:03'
System info: host: 'Lisandro-Silva.local', ip: '127.0.0.1', os.name: 'Mac OS X', os.arch: 'x86_64', os.version: '10.15.6', java.version: '1.8.0_251'
Driver info: org.openqa.selenium.chrome.ChromeDriver
Capabilities {acceptInsecureCerts: false, browserName: chrome, browserVersion: 85.0.4183.83, chrome: {chromedriverVersion: 84.0.4147.30 (48b3e868b4cc0..., userDataDir: /var/folders/zd/xs0gg_pd749...}, goog:chromeOptions: {debuggerAddress: localhost:59311}, javascriptEnabled: true, networkConnectionEnabled: false, pageLoadStrategy: normal, platform: MAC, platformName: MAC, proxy: Proxy(), setWindowRect: true, strictFileInteractability: false, timeouts: {implicit: 0, pageLoad: 300000, script: 30000}, unhandledPromptBehavior: dismiss and notify, webauthn:virtualAuthenticators: true}
Session ID: eedaf73135bf0e411b4d14a49e122c28
[...]
ChromeDriver was started successfully.
[1599057301.593][WARNING]: This version of ChromeDriver has not been tested with Chrome version 85.
Sep 02, 2020 9:35:01 AM org.openqa.selenium.remote.ProtocolHandshake createSession
INFO: Detected dialect: W3C
]]></system-err>
  </testcase>
  <testcase name="conciliacionFiscal1" classname="com.mkyong.conciliacion.conector.ConciliacionTest34" time="43.536">
    <system-out><![CDATA[Chrome
8
8
8
146
146
146
146
146
146
146
146
146
146
146
146
146
146
146
146
146
146
146
146
146
146
146
146
146
146
146
146
146
146
146
146
146
146
146
146
146
146
146
146
146
146
146
146
146
146
146
146
146
146
146
146
146
146
146
146
146
146
146
146
146
146
146
146
146
146
146
146
146
146
146
146
146
146
146
146
146
146
146
146
146
146
146
146
146
146
146
146
146
FNX. | conector fiscal
]]></system-out>
    <system-err><![CDATA[Starting ChromeDriver 84.0.4147.30 (48b3e868b4cc0aa7e8149519690b6f6949e110a8-refs/branch-heads/4147@{#310}) on port 26371
Only local connections are allowed.
Please see https://chromedriver.chromium.org/security-considerations for suggestions on keeping ChromeDriver safe.
ChromeDriver was started successfully.
[1599057347.348][WARNING]: This version of ChromeDriver has not been tested with Chrome version 85.
Sep 02, 2020 9:35:47 AM org.openqa.selenium.remote.ProtocolHandshake createSession
INFO: Detected dialect: W3C
]]></system-err>
  </testcase>
  <testcase name="conciliacionFiscal1" classname="com.mkyong.conciliacion.conector.ConciliacionTest63" time="51.798">
    <failure message="element not interactable&#10;  (Session info: chrome=85.0.4183.83)&#10;Build info: version: &apos;3.141.59&apos;, revision: &apos;e82be7d358&apos;, time: &apos;2018-11-14T08:17:03&apos;&#10;System info: host: &apos;Lisandro-Silva.local&apos;, ip: &apos;127.0.0.1&apos;, os.name: &apos;Mac OS X&apos;, os.arch: &apos;x86_64&apos;, os.version: &apos;10.15.6&apos;, java.version: &apos;1.8.0_251&apos;&#10;Driver info: org.openqa.selenium.chrome.ChromeDriver&#10;Capabilities {acceptInsecureCerts: false, browserName: chrome, browserVersion: 85.0.4183.83, chrome: {chromedriverVersion: 84.0.4147.30 (48b3e868b4cc0..., userDataDir: /var/folders/zd/xs0gg_pd749...}, goog:chromeOptions: {debuggerAddress: localhost:59547}, javascriptEnabled: true, networkConnectionEnabled: false, pageLoadStrategy: normal, platform: MAC, platformName: MAC, proxy: Proxy(), setWindowRect: true, strictFileInteractability: false, timeouts: {implicit: 0, pageLoad: 300000, script: 30000}, unhandledPromptBehavior: dismiss and notify, webauthn:virtualAuthenticators: true}&#10;Session ID: f44496fa1587972d0ce68c496d40bc2d" type="org.openqa.selenium.ElementNotInteractableException"><![CDATA[org.openqa.selenium.ElementNotInteractableException: 
element not interactable
  (Session info: chrome=85.0.4183.83)
Build info: version: '3.141.59', revision: 'e82be7d358', time: '2018-11-14T08:17:03'
System info: host: 'Lisandro-Silva.local', ip: '127.0.0.1', os.name: 'Mac OS X', os.arch: 'x86_64', os.version: '10.15.6', java.version: '1.8.0_251'
Driver info: org.openqa.selenium.chrome.ChromeDriver
Capabilities {acceptInsecureCerts: false, browserName: chrome, browserVersion: 85.0.4183.83, chrome: {chromedriverVersion: 84.0.4147.30 (48b3e868b4cc0..., userDataDir: /var/folders/zd/xs0gg_pd749...}, goog:chromeOptions: {debuggerAddress: localhost:59547}, javascriptEnabled: true, networkConnectionEnabled: false, pageLoadStrategy: normal, platform: MAC, platformName: MAC, proxy: Proxy(), setWindowRect: true, strictFileInteractability: false, timeouts: {implicit: 0, pageLoad: 300000, script: 30000}, unhandledPromptBehavior: dismiss and notify, webauthn:virtualAuthenticators: true}
Session ID: f44496fa1587972d0ce68c496d40bc2d
	at com.mkyong.conciliacion.conector.ConciliacionTest63.conciliacionFiscal1(ConciliacionTest63.java:103)
]]></failure>
    <system-out><![CDATA[Chrome
8
8
8
8
124
124
124
124
124
124
124
124
124
124
124
124
124
124
124
124
124
124
124
124
124
124
124
124
124
124
124
124
124
124
124
124
124
124
124
124
124
124
124
124
124
124
124
124
124
124
124
124
124
124
124
124
124
124
124
124
124
124
124
124
124
124
124
124
124
124
124
]]></system-out>
    <system-err><![CDATA[Starting ChromeDriver 84.0.4147.30 (48b3e868b4cc0aa7e8149519690b6f6949e110a8-refs/branch-heads/4147@{#310}) on port 25577
Only local connections are allowed.
Please see https://chromedriver.chromium.org/security-considerations for suggestions on keeping ChromeDriver safe.
ChromeDriver was started successfully.
[1599057396.710][WARNING]: This version of ChromeDriver has not been tested with Chrome version 85.
Sep 02, 2020 9:36:36 AM org.openqa.selenium.remote.ProtocolHandshake createSession
INFO: Detected dialect: W3C
]]></system-err>
  </testcase>
  <testcase name="conciliacionFiscal1" classname="com.mkyong.conciliacion.conector.ConciliacionTest64" time="52.96">
    <failure message="element not interactable&#10;  (Session info: chrome=85.0.4183.83)&#10;Build info: version: &apos;3.141.59&apos;, revision: &apos;e82be7d358&apos;, time: &apos;2018-11-14T08:17:03&apos;&#10;System info: host: &apos;Lisandro-Silva.local&apos;, ip: &apos;127.0.0.1&apos;, os.name: &apos;Mac OS X&apos;, os.arch: &apos;x86_64&apos;, os.version: &apos;10.15.6&apos;, java.version: &apos;1.8.0_251&apos;&#10;Driver info: org.openqa.selenium.chrome.ChromeDriver&#10;Capabilities {acceptInsecureCerts: false, browserName: chrome, browserVersion: 85.0.4183.83, chrome: {chromedriverVersion: 84.0.4147.30 (48b3e868b4cc0..., userDataDir: /var/folders/zd/xs0gg_pd749...}, goog:chromeOptions: {debuggerAddress: localhost:59580}, javascriptEnabled: true, networkConnectionEnabled: false, pageLoadStrategy: normal, platform: MAC, platformName: MAC, proxy: Proxy(), setWindowRect: true, strictFileInteractability: false, timeouts: {implicit: 0, pageLoad: 300000, script: 30000}, unhandledPromptBehavior: dismiss and notify, webauthn:virtualAuthenticators: true}&#10;Session ID: df53974e1970faedcc5f09029ff4f97f" type="org.openqa.selenium.ElementNotInteractableException"><![CDATA[org.openqa.selenium.ElementNotInteractableException: 
element not interactable
  (Session info: chrome=85.0.4183.83)
Build info: version: '3.141.59', revision: 'e82be7d358', time: '2018-11-14T08:17:03'
System info: host: 'Lisandro-Silva.local', ip: '127.0.0.1', os.name: 'Mac OS X', os.arch: 'x86_64', os.version: '10.15.6', java.version: '1.8.0_251'
Driver info: org.openqa.selenium.chrome.ChromeDriver
Capabilities {acceptInsecureCerts: false, browserName: chrome, browserVersion: 85.0.4183.83, chrome: {chromedriverVersion: 84.0.4147.30 (48b3e868b4cc0..., userDataDir: /var/folders/zd/xs0gg_pd749...}, goog:chromeOptions: {debuggerAddress: localhost:59580}, javascriptEnabled: true, networkConnectionEnabled: false, pageLoadStrategy: normal, platform: MAC, platformName: MAC, proxy: Proxy(), setWindowRect: true, strictFileInteractability: false, timeouts: {implicit: 0, pageLoad: 300000, script: 30000}, unhandledPromptBehavior: dismiss and notify, webauthn:virtualAuthenticators: true}
Session ID: df53974e1970faedcc5f09029ff4f97f
	at com.mkyong.conciliacion.conector.ConciliacionTest64.conciliacionFiscal1(ConciliacionTest64.java:103)
]]></failure>
    <system-out><![CDATA[Chrome
8
8
8
8
124
124
124
124
124
124
124
124
124
124
124
124
124
124
124
124
124
124
124
124
124
124
124
124
124
124
124
124
124
124
124
124
124
124
124
124
124
124
124
124
124
124
124
124
124
124
124
124
124
124
124
124
124
124
124
124
124
124
124
124
124
124
124
124
124
124
124
]]></system-out>
    <system-err><![CDATA[Starting ChromeDriver 84.0.4147.30 (48b3e868b4cc0aa7e8149519690b6f6949e110a8-refs/branch-heads/4147@{#310}) on port 46389
Only local connections are allowed.
Please see https://chromedriver.chromium.org/security-considerations for suggestions on keeping ChromeDriver safe.
ChromeDriver was started successfully.
[1599057453.039][WARNING]: This version of ChromeDriver has not been tested with Chrome version 85.
Sep 02, 2020 9:37:33 AM org.openqa.selenium.remote.ProtocolHandshake createSession
INFO: Detected dialect: W3C
]]></system-err>
  </testcase>
  <testcase name="conciliacionFiscal1" classname="com.mkyong.conciliacion.conector.ConciliacionTest65" time="38.983">
    <system-out><![CDATA[Chrome
8
8
8
8
8
148
148
148
148
148
148
148
148
148
148
148
148
148
148
148
148
148
148
148
148
148
148
148
148
148
148
148
148
148
148
148
148
148
148
148
148
148
148
148
148
148
148
148
148
148
]]></system-out>
    <system-err><![CDATA[Starting ChromeDriver 84.0.4147.30 (48b3e868b4cc0aa7e8149519690b6f6949e110a8-refs/branch-heads/4147@{#310}) on port 10249
Only local connections are allowed.
Please see https://chromedriver.chromium.org/security-considerations for suggestions on keeping ChromeDriver safe.
ChromeDriver was started successfully.
[1599057511.482][WARNING]: This version of ChromeDriver has not been tested with Chrome version 85.
Sep 02, 2020 9:38:31 AM org.openqa.selenium.remote.ProtocolHandshake createSession
INFO: Detected dialect: W3C
]]></system-err>
  </testcase>
  <testcase name="donativosDetailJes" classname="com.mkyong.buson.jes.detail.DonativosJesDetailTest" time="31.555">
    <system-out><![CDATA[Chrome
x
Documento emitido correctamente.
]]></system-out>
    <system-err><![CDATA[Starting ChromeDriver 84.0.4147.30 (48b3e868b4cc0aa7e8149519690b6f6949e110a8-refs/branch-heads/4147@{#310}) on port 32587
Only local connections are allowed.
Please see https://chromedriver.chromium.org/security-considerations for suggestions on keeping ChromeDriver safe.
ChromeDriver was started successfully.
[1599057556.790][WARNING]: This version of ChromeDriver has not been tested with Chrome version 85.
Sep 02, 2020 9:39:16 AM org.openqa.selenium.remote.ProtocolHandshake createSession
INFO: Detected dialect: W3C
]]></system-err>
  </testcase>
  <testcase name="facturaAdendaMultAssistDetailJes" classname="com.mkyong.buson.jes.detail.FacturaAdendaMultiAssistenciaJesDetailTest" time="35.612">
    <failure message="Expected condition failed: waiting for visibility of element located by By.xpath: //div[contains(text(),&apos;Documento emitido correctamente.&apos;)] (tried for 10 second(s) with 500 milliseconds interval)" type="org.openqa.selenium.TimeoutException"><![CDATA[org.openqa.selenium.TimeoutException: Expected condition failed: waiting for visibility of element located by By.xpath: //div[contains(text(),'Documento emitido correctamente.')] (tried for 10 second(s) with 500 milliseconds interval)
	at com.mkyong.buson.jes.detail.FacturaAdendaMultiAssistenciaJesDetailTest.facturaAdendaMultAssistDetailJes(FacturaAdendaMultiAssistenciaJesDetailTest.java:179)
Caused by: org.openqa.selenium.NoSuchElementException: 
no such element: Unable to locate element: {"method":"xpath","selector":"//div[contains(text(),'Documento emitido correctamente.')]"}
  (Session info: chrome=85.0.4183.83)
For documentation on this error, please visit: https://www.seleniumhq.org/exceptions/no_such_element.html
Build info: version: '3.141.59', revision: 'e82be7d358', time: '2018-11-14T08:17:03'
System info: host: 'Lisandro-Silva.local', ip: '127.0.0.1', os.name: 'Mac OS X', os.arch: 'x86_64', os.version: '10.15.6', java.version: '1.8.0_251'
Driver info: org.openqa.selenium.chrome.ChromeDriver
Capabilities {acceptInsecureCerts: false, browserName: chrome, browserVersion: 85.0.4183.83, chrome: {chromedriverVersion: 84.0.4147.30 (48b3e868b4cc0..., userDataDir: /var/folders/zd/xs0gg_pd749...}, goog:chromeOptions: {debuggerAddress: localhost:59678}, javascriptEnabled: true, networkConnectionEnabled: false, pageLoadStrategy: normal, platform: MAC, platformName: MAC, proxy: Proxy(), setWindowRect: true, strictFileInteractability: false, timeouts: {implicit: 0, pageLoad: 300000, script: 30000}, unhandledPromptBehavior: dismiss and notify, webauthn:virtualAuthenticators: true}
Session ID: 8c9031be3635cc099b0e22afb9323bb3
*** Element info: {Using=xpath, value=//div[contains(text(),'Documento emitido correctamente.')]}
	at com.mkyong.buson.jes.detail.FacturaAdendaMultiAssistenciaJesDetailTest.facturaAdendaMultAssistDetailJes(FacturaAdendaMultiAssistenciaJesDetailTest.java:179)
]]></failure>
    <system-out><![CDATA[Chrome
]]></system-out>
    <system-err><![CDATA[Starting ChromeDriver 84.0.4147.30 (48b3e868b4cc0aa7e8149519690b6f6949e110a8-refs/branch-heads/4147@{#310}) on port 16633
Only local connections are allowed.
Please see https://chromedriver.chromium.org/security-considerations for suggestions on keeping ChromeDriver safe.
ChromeDriver was started successfully.
[1599057594.781][WARNING]: This version of ChromeDriver has not been tested with Chrome version 85.
Sep 02, 2020 9:39:54 AM org.openqa.selenium.remote.ProtocolHandshake createSession
INFO: Detected dialect: W3C
]]></system-err>
  </testcase>
  <testcase name="facturaCartaPorteDetailJes" classname="com.mkyong.buson.jes.detail.FacturaCartaPorteJesDetailTest" time="24.634">
    <system-out><![CDATA[Chrome
x
Documento emitido correctamente.
]]></system-out>
    <system-err><![CDATA[Starting ChromeDriver 84.0.4147.30 (48b3e868b4cc0aa7e8149519690b6f6949e110a8-refs/branch-heads/4147@{#310}) on port 19356
Only local connections are allowed.
Please see https://chromedriver.chromium.org/security-considerations for suggestions on keeping ChromeDriver safe.
ChromeDriver was started successfully.
[1599057678.217][WARNING]: This version of ChromeDriver has not been tested with Chrome version 85.
Sep 02, 2020 9:41:18 AM org.openqa.selenium.remote.ProtocolHandshake createSession
INFO: Detected dialect: W3C
]]></system-err>
  </testcase>
  <testcase name="facturaPagoDetailJes" classname="com.mkyong.buson.jes.detail.FacturaPagoJesDetailTest" time="22.877">
    <system-out><![CDATA[Chrome
x
Documento emitido correctamente.
]]></system-out>
    <system-err><![CDATA[Starting ChromeDriver 84.0.4147.30 (48b3e868b4cc0aa7e8149519690b6f6949e110a8-refs/branch-heads/4147@{#310}) on port 17311
Only local connections are allowed.
Please see https://chromedriver.chromium.org/security-considerations for suggestions on keeping ChromeDriver safe.
ChromeDriver was started successfully.
[1599057708.060][WARNING]: This version of ChromeDriver has not been tested with Chrome version 85.
Sep 02, 2020 9:41:48 AM org.openqa.selenium.remote.ProtocolHandshake createSession
INFO: Detected dialect: W3C
]]></system-err>
  </testcase>
  <testcase name="impuestosLocalesDetailJes" classname="com.mkyong.buson.jes.detail.ImpuestosLocalesJesDetailTest" time="32.769">
    <system-out><![CDATA[Chrome
x
Documento emitido correctamente.
]]></system-out>
    <system-err><![CDATA[Starting ChromeDriver 84.0.4147.30 (48b3e868b4cc0aa7e8149519690b6f6949e110a8-refs/branch-heads/4147@{#310}) on port 47530
Only local connections are allowed.
Please see https://chromedriver.chromium.org/security-considerations for suggestions on keeping ChromeDriver safe.
ChromeDriver was started successfully.
[1599057738.947][WARNING]: This version of ChromeDriver has not been tested with Chrome version 85.
Sep 02, 2020 9:42:19 AM org.openqa.selenium.remote.ProtocolHandshake createSession
INFO: Detected dialect: W3C
]]></system-err>
  </testcase>
  <testcase name="ineDetailJes" classname="com.mkyong.buson.jes.detail.INEJesDetailTest" time="33.099">
    <system-out><![CDATA[Chrome
x
Documento emitido correctamente.
]]></system-out>
    <system-err><![CDATA[Starting ChromeDriver 84.0.4147.30 (48b3e868b4cc0aa7e8149519690b6f6949e110a8-refs/branch-heads/4147@{#310}) on port 1816
Only local connections are allowed.
Please see https://chromedriver.chromium.org/security-considerations for suggestions on keeping ChromeDriver safe.
ChromeDriver was started successfully.
[1599057778.196][WARNING]: This version of ChromeDriver has not been tested with Chrome version 85.
Sep 02, 2020 9:42:58 AM org.openqa.selenium.remote.ProtocolHandshake createSession
INFO: Detected dialect: W3C
]]></system-err>
  </testcase>
  <testcase name="instituicionesEducativasDetailJes" classname="com.mkyong.buson.jes.detail.InstituicionesEducativasJesDetailTest" time="28.997">
    <system-out><![CDATA[Chrome
x
Documento emitido correctamente.
]]></system-out>
    <system-err><![CDATA[Starting ChromeDriver 84.0.4147.30 (48b3e868b4cc0aa7e8149519690b6f6949e110a8-refs/branch-heads/4147@{#310}) on port 19044
Only local connections are allowed.
Please see https://chromedriver.chromium.org/security-considerations for suggestions on keeping ChromeDriver safe.
ChromeDriver was started successfully.
[1599057816.084][WARNING]: This version of ChromeDriver has not been tested with Chrome version 85.
Sep 02, 2020 9:43:36 AM org.openqa.selenium.remote.ProtocolHandshake createSession
INFO: Detected dialect: W3C
]]></system-err>
  </testcase>
  <testcase name="leyendasFiscalesDetailJes" classname="com.mkyong.buson.jes.detail.LeyendasFiscalesJesDetailTest" time="31.376">
    <system-out><![CDATA[Chrome
x
Documento emitido correctamente.
]]></system-out>
    <system-err><![CDATA[Starting ChromeDriver 84.0.4147.30 (48b3e868b4cc0aa7e8149519690b6f6949e110a8-refs/branch-heads/4147@{#310}) on port 28908
Only local connections are allowed.
Please see https://chromedriver.chromium.org/security-considerations for suggestions on keeping ChromeDriver safe.
ChromeDriver was started successfully.
[1599057852.453][WARNING]: This version of ChromeDriver has not been tested with Chrome version 85.
Sep 02, 2020 9:44:12 AM org.openqa.selenium.remote.ProtocolHandshake createSession
INFO: Detected dialect: W3C
]]></system-err>
  </testcase>
  <testcase name="notaDeCreditoDetailJes" classname="com.mkyong.buson.jes.detail.NotaDeCreditoJesDetailTest" time="30.259">
    <system-out><![CDATA[Chrome
x
Documento emitido correctamente.
]]></system-out>
    <system-err><![CDATA[Starting ChromeDriver 84.0.4147.30 (48b3e868b4cc0aa7e8149519690b6f6949e110a8-refs/branch-heads/4147@{#310}) on port 35159
Only local connections are allowed.
Please see https://chromedriver.chromium.org/security-considerations for suggestions on keeping ChromeDriver safe.
ChromeDriver was started successfully.
[1599057890.203][WARNING]: This version of ChromeDriver has not been tested with Chrome version 85.
Sep 02, 2020 9:44:50 AM org.openqa.selenium.remote.ProtocolHandshake createSession
INFO: Detected dialect: W3C
]]></system-err>
  </testcase>
  <testcase name="notariosPublicosDetailJes" classname="com.mkyong.buson.jes.detail.NotariosPublicosJesDetailTest" time="41.38">
    <system-out><![CDATA[Chrome
x
Documento emitido correctamente.
]]></system-out>
    <system-err><![CDATA[Starting ChromeDriver 84.0.4147.30 (48b3e868b4cc0aa7e8149519690b6f6949e110a8-refs/branch-heads/4147@{#310}) on port 15290
Only local connections are allowed.
Please see https://chromedriver.chromium.org/security-considerations for suggestions on keeping ChromeDriver safe.
ChromeDriver was started successfully.
[1599057926.563][WARNING]: This version of ChromeDriver has not been tested with Chrome version 85.
Sep 02, 2020 9:45:26 AM org.openqa.selenium.remote.ProtocolHandshake createSession
INFO: Detected dialect: W3C
]]></system-err>
  </testcase>
  <testcase name="vehiculosUsadosDetailJes" classname="com.mkyong.buson.jes.detail.VehiculosUsadosJesDetailTest" time="34.145">
    <system-out><![CDATA[Chrome
x
Documento emitido correctamente.
]]></system-out>
    <system-err><![CDATA[Starting ChromeDriver 84.0.4147.30 (48b3e868b4cc0aa7e8149519690b6f6949e110a8-refs/branch-heads/4147@{#310}) on port 2447
Only local connections are allowed.
Please see https://chromedriver.chromium.org/security-considerations for suggestions on keeping ChromeDriver safe.
ChromeDriver was started successfully.
[1599057972.811][WARNING]: This version of ChromeDriver has not been tested with Chrome version 85.
Sep 02, 2020 9:46:12 AM org.openqa.selenium.remote.ProtocolHandshake createSession
INFO: Detected dialect: W3C
]]></system-err>
  </testcase>
</testsuite>