-------------------------------------------------------------------------------
Test set: TestSuite
-------------------------------------------------------------------------------
Tests run: 1026, Failures: 1, Errors: 0, Skipped: 1025, Time elapsed: 3.436 sec <<< FAILURE!
initiaLiseBrowser(com.mkyong.boveda.BovedaTest)  Time elapsed: 0.884 sec  <<< FAILURE!
java.lang.NullPointerException
	at resources.base.initializeDriver(base.java:78)
	at com.mkyong.boveda.BovedaTest.initiaLiseBrowser(BovedaTest.java:36)

