<?xml version="1.0" encoding="UTF-8"?>
<testng-results skipped="0" failed="0" ignored="0" total="1" passed="1">
  <reporter-output>
  </reporter-output>
  <suite name="Default suite" duration-ms="96175" started-at="2020-09-02T16:46:00Z" finished-at="2020-09-02T16:47:36Z">
    <groups>
    </groups>
    <test name="Default test" duration-ms="96175" started-at="2020-09-02T16:46:00Z" finished-at="2020-09-02T16:47:36Z">
      <class name="com.mkyong.busongratis.FacturaBasicaGratisDetailTest2">
        <test-method status="PASS" signature="initiaLiseBrowser()[pri:0, instance:com.mkyong.busongratis.FacturaBasicaGratisDetailTest2@31610302]" name="initiaLiseBrowser" is-config="true" duration-ms="9848" started-at="2020-09-02T16:46:00Z" finished-at="2020-09-02T16:46:10Z">
          <reporter-output>
          </reporter-output>
        </test-method> <!-- initiaLiseBrowser -->
        <test-method status="PASS" signature="facturaBasicaGratisdetail2()[pri:0, instance:com.mkyong.busongratis.FacturaBasicaGratisDetailTest2@31610302]" name="facturaBasicaGratisdetail2" duration-ms="86113" started-at="2020-09-02T16:46:10Z" finished-at="2020-09-02T16:47:36Z">
          <reporter-output>
          </reporter-output>
        </test-method> <!-- facturaBasicaGratisdetail2 -->
        <test-method status="PASS" signature="closeBrowser()[pri:0, instance:com.mkyong.busongratis.FacturaBasicaGratisDetailTest2@31610302]" name="closeBrowser" is-config="true" duration-ms="192" started-at="2020-09-02T16:47:36Z" finished-at="2020-09-02T16:47:36Z">
          <reporter-output>
          </reporter-output>
        </test-method> <!-- closeBrowser -->
      </class> <!-- com.mkyong.busongratis.FacturaBasicaGratisDetailTest2 -->
    </test> <!-- Default test -->
  </suite> <!-- Default suite -->
</testng-results>
