<?xml version="1.0" encoding="UTF-8"?>
<!-- Generated by org.testng.reporters.JUnitReportReporter -->
<testsuite skipped="1" hostname="Lisandro-Silva.local" name="com.mkyong.busonfiscal.HomePageBusonTest" tests="2" failures="0" timestamp="25 Aug 2020 13:27:33 GMT" time="115.835" errors="1">
  <testcase name="serviciosBuzon" time="0.000" classname="com.mkyong.busonfiscal.HomePageBusonTest">
    <skipped/>
  </testcase> <!-- serviciosBuzon -->
  <testcase name="initiaLiseBrowser" time="115.835" classname="com.mkyong.busonfiscal.HomePageBusonTest">
    <error type="org.openqa.selenium.WebDriverException" message="chrome not reachable
Build info: version: &#039;3.141.59&#039;, revision: &#039;e82be7d358&#039;, time: &#039;2018-11-14T08:17:03&#039;
System info: host: &#039;Lisandro-Silva.local&#039;, ip: &#039;127.0.0.1&#039;, os.name: &#039;Mac OS X&#039;, os.arch: &#039;x86_64&#039;, os.version: &#039;10.15.2&#039;, java.version: &#039;1.8.0_251&#039;
Driver info: driver.version: ChromeDriver
remote stacktrace: 0   chromedriver 6                      0x000000010a71cc49 chromedriver 6 + 4893769
1   chromedriver 6                      0x000000010a6b60e3 chromedriver 6 + 4473059
2   chromedriver 6                      0x000000010a329752 chromedriver 6 + 751442
3   chromedriver 6                      0x000000010a31f427 chromedriver 6 + 709671
4   chromedriver 6                      0x000000010a28b2a0 chromedriver 6 + 103072
5   chromedriver 6                      0x000000010a287696 chromedriver 6 + 87702
6   chromedriver 6                      0x000000010a2849b9 chromedriver 6 + 76217
7   chromedriver 6                      0x000000010a2b7043 chromedriver 6 + 282691
8   chromedriver 6                      0x000000010a2b3e43 chromedriver 6 + 269891
9   chromedriver 6                      0x000000010a28d62a chromedriver 6 + 112170
10  chromedriver 6                      0x000000010a28e635 chromedriver 6 + 116277
11  chromedriver 6                      0x000000010a6de5af chromedriver 6 + 4638127
12  chromedriver 6                      0x000000010a6eb91b chromedriver 6 + 4692251
13  chromedriver 6                      0x000000010a6eb6bb chromedriver 6 + 4691643
14  chromedriver 6                      0x000000010a6c2109 chromedriver 6 + 4522249
15  chromedriver 6                      0x000000010a6ebea3 chromedriver 6 + 4693667
16  chromedriver 6                      0x000000010a6d4073 chromedriver 6 + 4595827
17  chromedriver 6                      0x000000010a703094 chromedriver 6 + 4788372
18  chromedriver 6                      0x000000010a722db7 chromedriver 6 + 4918711
19  libsystem_pthread.dylib             0x00007fff6b735e65 _pthread_start + 148
20  libsystem_pthread.dylib             0x00007fff6b73183b thread_start + 15
">
      <![CDATA[org.openqa.selenium.WebDriverException: chrome not reachable
Build info: version: '3.141.59', revision: 'e82be7d358', time: '2018-11-14T08:17:03'
System info: host: 'Lisandro-Silva.local', ip: '127.0.0.1', os.name: 'Mac OS X', os.arch: 'x86_64', os.version: '10.15.2', java.version: '1.8.0_251'
Driver info: driver.version: ChromeDriver
remote stacktrace: 0   chromedriver 6                      0x000000010a71cc49 chromedriver 6 + 4893769
1   chromedriver 6                      0x000000010a6b60e3 chromedriver 6 + 4473059
2   chromedriver 6                      0x000000010a329752 chromedriver 6 + 751442
3   chromedriver 6                      0x000000010a31f427 chromedriver 6 + 709671
4   chromedriver 6                      0x000000010a28b2a0 chromedriver 6 + 103072
5   chromedriver 6                      0x000000010a287696 chromedriver 6 + 87702
6   chromedriver 6                      0x000000010a2849b9 chromedriver 6 + 76217
7   chromedriver 6                      0x000000010a2b7043 chromedriver 6 + 282691
8   chromedriver 6                      0x000000010a2b3e43 chromedriver 6 + 269891
9   chromedriver 6                      0x000000010a28d62a chromedriver 6 + 112170
10  chromedriver 6                      0x000000010a28e635 chromedriver 6 + 116277
11  chromedriver 6                      0x000000010a6de5af chromedriver 6 + 4638127
12  chromedriver 6                      0x000000010a6eb91b chromedriver 6 + 4692251
13  chromedriver 6                      0x000000010a6eb6bb chromedriver 6 + 4691643
14  chromedriver 6                      0x000000010a6c2109 chromedriver 6 + 4522249
15  chromedriver 6                      0x000000010a6ebea3 chromedriver 6 + 4693667
16  chromedriver 6                      0x000000010a6d4073 chromedriver 6 + 4595827
17  chromedriver 6                      0x000000010a703094 chromedriver 6 + 4788372
18  chromedriver 6                      0x000000010a722db7 chromedriver 6 + 4918711
19  libsystem_pthread.dylib             0x00007fff6b735e65 _pthread_start + 148
20  libsystem_pthread.dylib             0x00007fff6b73183b thread_start + 15

at sun.reflect.NativeConstructorAccessorImpl.newInstance0(Native Method)
at sun.reflect.NativeConstructorAccessorImpl.newInstance(NativeConstructorAccessorImpl.java:62)
at sun.reflect.DelegatingConstructorAccessorImpl.newInstance(DelegatingConstructorAccessorImpl.java:45)
at java.lang.reflect.Constructor.newInstance(Constructor.java:423)
at org.openqa.selenium.remote.W3CHandshakeResponse.lambda$errorHandler$0(W3CHandshakeResponse.java:62)
at org.openqa.selenium.remote.HandshakeResponse.lambda$getResponseFunction$0(HandshakeResponse.java:30)
at org.openqa.selenium.remote.ProtocolHandshake.lambda$createSession$0(ProtocolHandshake.java:126)
at java.util.stream.ReferencePipeline$3$1.accept(ReferencePipeline.java:193)
at java.util.Spliterators$ArraySpliterator.tryAdvance(Spliterators.java:958)
at java.util.stream.ReferencePipeline.forEachWithCancel(ReferencePipeline.java:126)
at java.util.stream.AbstractPipeline.copyIntoWithCancel(AbstractPipeline.java:499)
at java.util.stream.AbstractPipeline.copyInto(AbstractPipeline.java:486)
at java.util.stream.AbstractPipeline.wrapAndCopyInto(AbstractPipeline.java:472)
at java.util.stream.FindOps$FindOp.evaluateSequential(FindOps.java:152)
at java.util.stream.AbstractPipeline.evaluate(AbstractPipeline.java:234)
at java.util.stream.ReferencePipeline.findFirst(ReferencePipeline.java:464)
at org.openqa.selenium.remote.ProtocolHandshake.createSession(ProtocolHandshake.java:128)
at org.openqa.selenium.remote.ProtocolHandshake.createSession(ProtocolHandshake.java:74)
at org.openqa.selenium.remote.HttpCommandExecutor.execute(HttpCommandExecutor.java:136)
at org.openqa.selenium.remote.service.DriverCommandExecutor.execute(DriverCommandExecutor.java:83)
at org.openqa.selenium.remote.RemoteWebDriver.execute(RemoteWebDriver.java:552)
at org.openqa.selenium.remote.RemoteWebDriver.startSession(RemoteWebDriver.java:213)
at org.openqa.selenium.remote.RemoteWebDriver.<init>(RemoteWebDriver.java:131)
at org.openqa.selenium.chrome.ChromeDriver.<init>(ChromeDriver.java:181)
at org.openqa.selenium.chrome.ChromeDriver.<init>(ChromeDriver.java:168)
at org.openqa.selenium.chrome.ChromeDriver.<init>(ChromeDriver.java:123)
at resources.base.initializeDriver(base.java:46)
at com.mkyong.busonfiscal.HomePageBusonTest.initiaLiseBrowser(HomePageBusonTest.java:35)
at sun.reflect.NativeMethodAccessorImpl.invoke0(Native Method)
at sun.reflect.NativeMethodAccessorImpl.invoke(NativeMethodAccessorImpl.java:62)
at sun.reflect.DelegatingMethodAccessorImpl.invoke(DelegatingMethodAccessorImpl.java:43)
at java.lang.reflect.Method.invoke(Method.java:498)
at org.testng.internal.MethodInvocationHelper.invokeMethod(MethodInvocationHelper.java:124)
at org.testng.internal.MethodInvocationHelper.invokeMethodConsideringTimeout(MethodInvocationHelper.java:59)
at org.testng.internal.Invoker.invokeConfigurationMethod(Invoker.java:458)
at org.testng.internal.Invoker.invokeConfigurations(Invoker.java:222)
at org.testng.internal.Invoker.invokeConfigurations(Invoker.java:142)
at org.testng.TestRunner.beforeRun(TestRunner.java:529)
at org.testng.TestRunner.run(TestRunner.java:497)
at org.testng.SuiteRunner.runTest(SuiteRunner.java:455)
at org.testng.SuiteRunner.runSequentially(SuiteRunner.java:450)
at org.testng.SuiteRunner.privateRun(SuiteRunner.java:415)
at org.testng.SuiteRunner.run(SuiteRunner.java:364)
at org.testng.SuiteRunnerWorker.runSuite(SuiteRunnerWorker.java:52)
at org.testng.SuiteRunnerWorker.run(SuiteRunnerWorker.java:84)
at org.testng.TestNG.runSuitesSequentially(TestNG.java:1208)
at org.testng.TestNG.runSuitesLocally(TestNG.java:1137)
at org.testng.TestNG.runSuites(TestNG.java:1049)
at org.testng.TestNG.run(TestNG.java:1017)
at org.apache.maven.surefire.testng.TestNGExecutor.run(TestNGExecutor.java:283)
at org.apache.maven.surefire.testng.TestNGXmlTestSuite.execute(TestNGXmlTestSuite.java:75)
at org.apache.maven.surefire.testng.TestNGProvider.invoke(TestNGProvider.java:120)
at org.apache.maven.surefire.booter.ForkedBooter.runSuitesInProcess(ForkedBooter.java:377)
at org.apache.maven.surefire.booter.ForkedBooter.execute(ForkedBooter.java:138)
at org.apache.maven.surefire.booter.ForkedBooter.run(ForkedBooter.java:465)
at org.apache.maven.surefire.booter.ForkedBooter.main(ForkedBooter.java:451)
]]>
    </error>
  </testcase> <!-- initiaLiseBrowser -->
</testsuite> <!-- com.mkyong.busonfiscal.HomePageBusonTest -->
