<?xml version="1.0" encoding="UTF-8"?>
<!-- Generated by org.testng.reporters.JUnitReportReporter -->
<testsuite skipped="0" hostname="Lisandro-Silva.local" name="com.mkyong.busonfiscal.detail.FacturaCartaPorteDetailTest" tests="1" failures="0" timestamp="28 Aug 2020 18:56:05 GMT" time="23.007" errors="0">
  <testcase name="facturaCartaPorteDetail" time="23.007" classname="com.mkyong.busonfiscal.detail.FacturaCartaPorteDetailTest"/>
</testsuite> <!-- com.mkyong.busonfiscal.detail.FacturaCartaPorteDetailTest -->
